[2017-05-16T22:34:18,831][INFO ][o.e.n.Node               ] [] initializing ...
[2017-05-16T22:34:18,927][INFO ][o.e.e.NodeEnvironment    ] [sbaMEj1] using [1] data paths, mounts [[/ (/dev/sdc2)]], net usable_space [81.6gb], net total_space [105.5gb], spins? [no], types [ext4]
[2017-05-16T22:34:18,927][INFO ][o.e.e.NodeEnvironment    ] [sbaMEj1] heap size [1.9gb], compressed ordinary object pointers [true]
[2017-05-16T22:34:18,929][INFO ][o.e.n.Node               ] [sbaMEj1] node name [sbaMEj1] derived from node ID; set [node.name] to override
[2017-05-16T22:34:18,931][INFO ][o.e.n.Node               ] [sbaMEj1] version[5.0.0], pid[4495], build[253032b/2016-10-26T04:37:51.531Z], OS[Linux/4.10.13-1-ARCH/amd64], JVM[Oracle Corporation/OpenJDK 64-Bit Server VM/1.8.0_121/25.121-b13]
[2017-05-16T22:34:19,742][INFO ][o.e.p.PluginsService     ] [sbaMEj1] loaded module [aggs-matrix-stats]
[2017-05-16T22:34:19,742][INFO ][o.e.p.PluginsService     ] [sbaMEj1] loaded module [ingest-common]
[2017-05-16T22:34:19,742][INFO ][o.e.p.PluginsService     ] [sbaMEj1] loaded module [lang-expression]
[2017-05-16T22:34:19,742][INFO ][o.e.p.PluginsService     ] [sbaMEj1] loaded module [lang-groovy]
[2017-05-16T22:34:19,742][INFO ][o.e.p.PluginsService     ] [sbaMEj1] loaded module [lang-mustache]
[2017-05-16T22:34:19,743][INFO ][o.e.p.PluginsService     ] [sbaMEj1] loaded module [lang-painless]
[2017-05-16T22:34:19,743][INFO ][o.e.p.PluginsService     ] [sbaMEj1] loaded module [percolator]
[2017-05-16T22:34:19,743][INFO ][o.e.p.PluginsService     ] [sbaMEj1] loaded module [reindex]
[2017-05-16T22:34:19,743][INFO ][o.e.p.PluginsService     ] [sbaMEj1] loaded module [transport-netty3]
[2017-05-16T22:34:19,743][INFO ][o.e.p.PluginsService     ] [sbaMEj1] loaded module [transport-netty4]
[2017-05-16T22:34:19,744][INFO ][o.e.p.PluginsService     ] [sbaMEj1] no plugins loaded
[2017-05-16T22:34:21,593][INFO ][o.e.n.Node               ] [sbaMEj1] initialized
[2017-05-16T22:34:21,594][INFO ][o.e.n.Node               ] [sbaMEj1] starting ...
[2017-05-16T22:34:21,718][INFO ][o.e.t.TransportService   ] [sbaMEj1] publish_address {192.168.25.177:9300}, bound_addresses {192.168.25.177:9300}
[2017-05-16T22:34:21,722][INFO ][o.e.b.BootstrapCheck     ] [sbaMEj1] bound or publishing to a non-loopback or non-link-local address, enforcing bootstrap checks
[2017-05-16T22:34:21,725][ERROR][o.e.b.Bootstrap          ] [sbaMEj1] node validation exception
bootstrap checks failed
max file descriptors [4096] for elasticsearch process likely too low, increase to at least [65536]
max virtual memory areas vm.max_map_count [65530] likely too low, increase to at least [262144]
[2017-05-16T22:34:21,727][INFO ][o.e.n.Node               ] [sbaMEj1] stopping ...
[2017-05-16T22:34:21,755][INFO ][o.e.n.Node               ] [sbaMEj1] stopped
[2017-05-16T22:34:21,755][INFO ][o.e.n.Node               ] [sbaMEj1] closing ...
[2017-05-16T22:34:21,766][INFO ][o.e.n.Node               ] [sbaMEj1] closed
[2017-05-16T22:34:59,942][INFO ][o.e.n.Node               ] [] initializing ...
[2017-05-16T22:35:00,014][INFO ][o.e.e.NodeEnvironment    ] [sbaMEj1] using [1] data paths, mounts [[/ (/dev/sdc2)]], net usable_space [81.6gb], net total_space [105.5gb], spins? [no], types [ext4]
[2017-05-16T22:35:00,015][INFO ][o.e.e.NodeEnvironment    ] [sbaMEj1] heap size [1.9gb], compressed ordinary object pointers [true]
[2017-05-16T22:35:00,016][INFO ][o.e.n.Node               ] [sbaMEj1] node name [sbaMEj1] derived from node ID; set [node.name] to override
[2017-05-16T22:35:00,018][INFO ][o.e.n.Node               ] [sbaMEj1] version[5.0.0], pid[4580], build[253032b/2016-10-26T04:37:51.531Z], OS[Linux/4.10.13-1-ARCH/amd64], JVM[Oracle Corporation/OpenJDK 64-Bit Server VM/1.8.0_121/25.121-b13]
[2017-05-16T22:35:00,719][INFO ][o.e.p.PluginsService     ] [sbaMEj1] loaded module [aggs-matrix-stats]
[2017-05-16T22:35:00,719][INFO ][o.e.p.PluginsService     ] [sbaMEj1] loaded module [ingest-common]
[2017-05-16T22:35:00,719][INFO ][o.e.p.PluginsService     ] [sbaMEj1] loaded module [lang-expression]
[2017-05-16T22:35:00,719][INFO ][o.e.p.PluginsService     ] [sbaMEj1] loaded module [lang-groovy]
[2017-05-16T22:35:00,720][INFO ][o.e.p.PluginsService     ] [sbaMEj1] loaded module [lang-mustache]
[2017-05-16T22:35:00,720][INFO ][o.e.p.PluginsService     ] [sbaMEj1] loaded module [lang-painless]
[2017-05-16T22:35:00,720][INFO ][o.e.p.PluginsService     ] [sbaMEj1] loaded module [percolator]
[2017-05-16T22:35:00,720][INFO ][o.e.p.PluginsService     ] [sbaMEj1] loaded module [reindex]
[2017-05-16T22:35:00,720][INFO ][o.e.p.PluginsService     ] [sbaMEj1] loaded module [transport-netty3]
[2017-05-16T22:35:00,721][INFO ][o.e.p.PluginsService     ] [sbaMEj1] loaded module [transport-netty4]
[2017-05-16T22:35:00,721][INFO ][o.e.p.PluginsService     ] [sbaMEj1] no plugins loaded
[2017-05-16T22:35:02,450][INFO ][o.e.n.Node               ] [sbaMEj1] initialized
[2017-05-16T22:35:02,450][INFO ][o.e.n.Node               ] [sbaMEj1] starting ...
[2017-05-16T22:35:02,563][INFO ][o.e.t.TransportService   ] [sbaMEj1] publish_address {192.168.25.177:9300}, bound_addresses {192.168.25.177:9300}
[2017-05-16T22:35:02,566][INFO ][o.e.b.BootstrapCheck     ] [sbaMEj1] bound or publishing to a non-loopback or non-link-local address, enforcing bootstrap checks
[2017-05-16T22:35:02,571][ERROR][o.e.b.Bootstrap          ] [sbaMEj1] node validation exception
bootstrap checks failed
max file descriptors [4096] for elasticsearch process likely too low, increase to at least [65536]
max virtual memory areas vm.max_map_count [65530] likely too low, increase to at least [262144]
[2017-05-16T22:35:02,576][INFO ][o.e.n.Node               ] [sbaMEj1] stopping ...
[2017-05-16T22:35:02,606][INFO ][o.e.n.Node               ] [sbaMEj1] stopped
[2017-05-16T22:35:02,607][INFO ][o.e.n.Node               ] [sbaMEj1] closing ...
[2017-05-16T22:35:02,616][INFO ][o.e.n.Node               ] [sbaMEj1] closed
[2017-05-16T22:35:30,800][INFO ][o.e.n.Node               ] [] initializing ...
[2017-05-16T22:35:30,872][INFO ][o.e.e.NodeEnvironment    ] [sbaMEj1] using [1] data paths, mounts [[/ (/dev/sdc2)]], net usable_space [81.6gb], net total_space [105.5gb], spins? [no], types [ext4]
[2017-05-16T22:35:30,873][INFO ][o.e.e.NodeEnvironment    ] [sbaMEj1] heap size [1.9gb], compressed ordinary object pointers [true]
[2017-05-16T22:35:30,874][INFO ][o.e.n.Node               ] [sbaMEj1] node name [sbaMEj1] derived from node ID; set [node.name] to override
[2017-05-16T22:35:30,876][INFO ][o.e.n.Node               ] [sbaMEj1] version[5.0.0], pid[4669], build[253032b/2016-10-26T04:37:51.531Z], OS[Linux/4.10.13-1-ARCH/amd64], JVM[Oracle Corporation/OpenJDK 64-Bit Server VM/1.8.0_121/25.121-b13]
[2017-05-16T22:35:31,578][INFO ][o.e.p.PluginsService     ] [sbaMEj1] loaded module [aggs-matrix-stats]
[2017-05-16T22:35:31,578][INFO ][o.e.p.PluginsService     ] [sbaMEj1] loaded module [ingest-common]
[2017-05-16T22:35:31,579][INFO ][o.e.p.PluginsService     ] [sbaMEj1] loaded module [lang-expression]
[2017-05-16T22:35:31,579][INFO ][o.e.p.PluginsService     ] [sbaMEj1] loaded module [lang-groovy]
[2017-05-16T22:35:31,579][INFO ][o.e.p.PluginsService     ] [sbaMEj1] loaded module [lang-mustache]
[2017-05-16T22:35:31,579][INFO ][o.e.p.PluginsService     ] [sbaMEj1] loaded module [lang-painless]
[2017-05-16T22:35:31,579][INFO ][o.e.p.PluginsService     ] [sbaMEj1] loaded module [percolator]
[2017-05-16T22:35:31,580][INFO ][o.e.p.PluginsService     ] [sbaMEj1] loaded module [reindex]
[2017-05-16T22:35:31,580][INFO ][o.e.p.PluginsService     ] [sbaMEj1] loaded module [transport-netty3]
[2017-05-16T22:35:31,580][INFO ][o.e.p.PluginsService     ] [sbaMEj1] loaded module [transport-netty4]
[2017-05-16T22:35:31,581][INFO ][o.e.p.PluginsService     ] [sbaMEj1] no plugins loaded
[2017-05-16T22:35:33,325][INFO ][o.e.n.Node               ] [sbaMEj1] initialized
[2017-05-16T22:35:33,325][INFO ][o.e.n.Node               ] [sbaMEj1] starting ...
[2017-05-16T22:35:33,440][INFO ][o.e.t.TransportService   ] [sbaMEj1] publish_address {192.168.25.177:9300}, bound_addresses {192.168.25.177:9300}
[2017-05-16T22:35:33,443][INFO ][o.e.b.BootstrapCheck     ] [sbaMEj1] bound or publishing to a non-loopback or non-link-local address, enforcing bootstrap checks
[2017-05-16T22:35:33,447][ERROR][o.e.b.Bootstrap          ] [sbaMEj1] node validation exception
bootstrap checks failed
max file descriptors [4096] for elasticsearch process likely too low, increase to at least [65536]
max virtual memory areas vm.max_map_count [65530] likely too low, increase to at least [262144]
[2017-05-16T22:35:33,449][INFO ][o.e.n.Node               ] [sbaMEj1] stopping ...
[2017-05-16T22:35:33,476][INFO ][o.e.n.Node               ] [sbaMEj1] stopped
[2017-05-16T22:35:33,476][INFO ][o.e.n.Node               ] [sbaMEj1] closing ...
[2017-05-16T22:35:33,487][INFO ][o.e.n.Node               ] [sbaMEj1] closed
[2017-05-16T22:38:46,065][INFO ][o.e.n.Node               ] [] initializing ...
[2017-05-16T22:38:46,136][INFO ][o.e.e.NodeEnvironment    ] [sbaMEj1] using [1] data paths, mounts [[/ (/dev/sdc2)]], net usable_space [81.6gb], net total_space [105.5gb], spins? [no], types [ext4]
[2017-05-16T22:38:46,137][INFO ][o.e.e.NodeEnvironment    ] [sbaMEj1] heap size [1.9gb], compressed ordinary object pointers [true]
[2017-05-16T22:38:46,138][INFO ][o.e.n.Node               ] [sbaMEj1] node name [sbaMEj1] derived from node ID; set [node.name] to override
[2017-05-16T22:38:46,140][INFO ][o.e.n.Node               ] [sbaMEj1] version[5.0.0], pid[4944], build[253032b/2016-10-26T04:37:51.531Z], OS[Linux/4.10.13-1-ARCH/amd64], JVM[Oracle Corporation/OpenJDK 64-Bit Server VM/1.8.0_121/25.121-b13]
[2017-05-16T22:38:46,868][INFO ][o.e.p.PluginsService     ] [sbaMEj1] loaded module [aggs-matrix-stats]
[2017-05-16T22:38:46,868][INFO ][o.e.p.PluginsService     ] [sbaMEj1] loaded module [ingest-common]
[2017-05-16T22:38:46,868][INFO ][o.e.p.PluginsService     ] [sbaMEj1] loaded module [lang-expression]
[2017-05-16T22:38:46,868][INFO ][o.e.p.PluginsService     ] [sbaMEj1] loaded module [lang-groovy]
[2017-05-16T22:38:46,868][INFO ][o.e.p.PluginsService     ] [sbaMEj1] loaded module [lang-mustache]
[2017-05-16T22:38:46,869][INFO ][o.e.p.PluginsService     ] [sbaMEj1] loaded module [lang-painless]
[2017-05-16T22:38:46,869][INFO ][o.e.p.PluginsService     ] [sbaMEj1] loaded module [percolator]
[2017-05-16T22:38:46,869][INFO ][o.e.p.PluginsService     ] [sbaMEj1] loaded module [reindex]
[2017-05-16T22:38:46,869][INFO ][o.e.p.PluginsService     ] [sbaMEj1] loaded module [transport-netty3]
[2017-05-16T22:38:46,869][INFO ][o.e.p.PluginsService     ] [sbaMEj1] loaded module [transport-netty4]
[2017-05-16T22:38:46,870][INFO ][o.e.p.PluginsService     ] [sbaMEj1] no plugins loaded
[2017-05-16T22:38:48,598][INFO ][o.e.n.Node               ] [sbaMEj1] initialized
[2017-05-16T22:38:48,599][INFO ][o.e.n.Node               ] [sbaMEj1] starting ...
[2017-05-16T22:38:48,711][INFO ][o.e.t.TransportService   ] [sbaMEj1] publish_address {192.168.25.177:9300}, bound_addresses {192.168.25.177:9300}
[2017-05-16T22:38:48,715][INFO ][o.e.b.BootstrapCheck     ] [sbaMEj1] bound or publishing to a non-loopback or non-link-local address, enforcing bootstrap checks
[2017-05-16T22:38:48,719][ERROR][o.e.b.Bootstrap          ] [sbaMEj1] node validation exception
bootstrap checks failed
max file descriptors [4096] for elasticsearch process likely too low, increase to at least [65536]
max virtual memory areas vm.max_map_count [65530] likely too low, increase to at least [262144]
[2017-05-16T22:38:48,722][INFO ][o.e.n.Node               ] [sbaMEj1] stopping ...
[2017-05-16T22:38:48,744][INFO ][o.e.n.Node               ] [sbaMEj1] stopped
[2017-05-16T22:38:48,744][INFO ][o.e.n.Node               ] [sbaMEj1] closing ...
[2017-05-16T22:38:48,753][INFO ][o.e.n.Node               ] [sbaMEj1] closed
[2017-05-16T22:40:14,415][INFO ][o.e.n.Node               ] [] initializing ...
[2017-05-16T22:40:14,477][INFO ][o.e.e.NodeEnvironment    ] [sbaMEj1] using [1] data paths, mounts [[/ (/dev/sdc2)]], net usable_space [81.6gb], net total_space [105.5gb], spins? [no], types [ext4]
[2017-05-16T22:40:14,477][INFO ][o.e.e.NodeEnvironment    ] [sbaMEj1] heap size [1.9gb], compressed ordinary object pointers [true]
[2017-05-16T22:40:14,480][INFO ][o.e.n.Node               ] [sbaMEj1] node name [sbaMEj1] derived from node ID; set [node.name] to override
[2017-05-16T22:40:14,483][INFO ][o.e.n.Node               ] [sbaMEj1] version[5.0.0], pid[5091], build[253032b/2016-10-26T04:37:51.531Z], OS[Linux/4.10.13-1-ARCH/amd64], JVM[Oracle Corporation/OpenJDK 64-Bit Server VM/1.8.0_121/25.121-b13]
[2017-05-16T22:40:15,169][INFO ][o.e.p.PluginsService     ] [sbaMEj1] loaded module [aggs-matrix-stats]
[2017-05-16T22:40:15,169][INFO ][o.e.p.PluginsService     ] [sbaMEj1] loaded module [ingest-common]
[2017-05-16T22:40:15,169][INFO ][o.e.p.PluginsService     ] [sbaMEj1] loaded module [lang-expression]
[2017-05-16T22:40:15,169][INFO ][o.e.p.PluginsService     ] [sbaMEj1] loaded module [lang-groovy]
[2017-05-16T22:40:15,169][INFO ][o.e.p.PluginsService     ] [sbaMEj1] loaded module [lang-mustache]
[2017-05-16T22:40:15,170][INFO ][o.e.p.PluginsService     ] [sbaMEj1] loaded module [lang-painless]
[2017-05-16T22:40:15,170][INFO ][o.e.p.PluginsService     ] [sbaMEj1] loaded module [percolator]
[2017-05-16T22:40:15,170][INFO ][o.e.p.PluginsService     ] [sbaMEj1] loaded module [reindex]
[2017-05-16T22:40:15,170][INFO ][o.e.p.PluginsService     ] [sbaMEj1] loaded module [transport-netty3]
[2017-05-16T22:40:15,170][INFO ][o.e.p.PluginsService     ] [sbaMEj1] loaded module [transport-netty4]
[2017-05-16T22:40:15,171][INFO ][o.e.p.PluginsService     ] [sbaMEj1] no plugins loaded
[2017-05-16T22:40:16,951][INFO ][o.e.n.Node               ] [sbaMEj1] initialized
[2017-05-16T22:40:16,952][INFO ][o.e.n.Node               ] [sbaMEj1] starting ...
[2017-05-16T22:40:17,079][INFO ][o.e.t.TransportService   ] [sbaMEj1] publish_address {192.168.25.177:9300}, bound_addresses {192.168.25.177:9300}
[2017-05-16T22:40:17,083][INFO ][o.e.b.BootstrapCheck     ] [sbaMEj1] bound or publishing to a non-loopback or non-link-local address, enforcing bootstrap checks
[2017-05-16T22:40:17,088][ERROR][o.e.b.Bootstrap          ] [sbaMEj1] node validation exception
bootstrap checks failed
max file descriptors [4096] for elasticsearch process likely too low, increase to at least [65536]
max virtual memory areas vm.max_map_count [65530] likely too low, increase to at least [262144]
[2017-05-16T22:40:17,091][INFO ][o.e.n.Node               ] [sbaMEj1] stopping ...
[2017-05-16T22:40:17,137][INFO ][o.e.n.Node               ] [sbaMEj1] stopped
[2017-05-16T22:40:17,137][INFO ][o.e.n.Node               ] [sbaMEj1] closing ...
[2017-05-16T22:40:17,155][INFO ][o.e.n.Node               ] [sbaMEj1] closed
[2017-05-16T22:40:25,288][INFO ][o.e.n.Node               ] [] initializing ...
[2017-05-16T22:40:25,350][INFO ][o.e.e.NodeEnvironment    ] [sbaMEj1] using [1] data paths, mounts [[/ (/dev/sdc2)]], net usable_space [81.6gb], net total_space [105.5gb], spins? [no], types [ext4]
[2017-05-16T22:40:25,351][INFO ][o.e.e.NodeEnvironment    ] [sbaMEj1] heap size [1.9gb], compressed ordinary object pointers [true]
[2017-05-16T22:40:25,352][INFO ][o.e.n.Node               ] [sbaMEj1] node name [sbaMEj1] derived from node ID; set [node.name] to override
[2017-05-16T22:40:25,354][INFO ][o.e.n.Node               ] [sbaMEj1] version[5.0.0], pid[5169], build[253032b/2016-10-26T04:37:51.531Z], OS[Linux/4.10.13-1-ARCH/amd64], JVM[Oracle Corporation/OpenJDK 64-Bit Server VM/1.8.0_121/25.121-b13]
[2017-05-16T22:40:26,048][INFO ][o.e.p.PluginsService     ] [sbaMEj1] loaded module [aggs-matrix-stats]
[2017-05-16T22:40:26,048][INFO ][o.e.p.PluginsService     ] [sbaMEj1] loaded module [ingest-common]
[2017-05-16T22:40:26,048][INFO ][o.e.p.PluginsService     ] [sbaMEj1] loaded module [lang-expression]
[2017-05-16T22:40:26,048][INFO ][o.e.p.PluginsService     ] [sbaMEj1] loaded module [lang-groovy]
[2017-05-16T22:40:26,049][INFO ][o.e.p.PluginsService     ] [sbaMEj1] loaded module [lang-mustache]
[2017-05-16T22:40:26,049][INFO ][o.e.p.PluginsService     ] [sbaMEj1] loaded module [lang-painless]
[2017-05-16T22:40:26,049][INFO ][o.e.p.PluginsService     ] [sbaMEj1] loaded module [percolator]
[2017-05-16T22:40:26,049][INFO ][o.e.p.PluginsService     ] [sbaMEj1] loaded module [reindex]
[2017-05-16T22:40:26,049][INFO ][o.e.p.PluginsService     ] [sbaMEj1] loaded module [transport-netty3]
[2017-05-16T22:40:26,050][INFO ][o.e.p.PluginsService     ] [sbaMEj1] loaded module [transport-netty4]
[2017-05-16T22:40:26,050][INFO ][o.e.p.PluginsService     ] [sbaMEj1] no plugins loaded
[2017-05-16T22:40:27,724][INFO ][o.e.n.Node               ] [sbaMEj1] initialized
[2017-05-16T22:40:27,724][INFO ][o.e.n.Node               ] [sbaMEj1] starting ...
[2017-05-16T22:40:27,836][INFO ][o.e.t.TransportService   ] [sbaMEj1] publish_address {192.168.25.177:9300}, bound_addresses {192.168.25.177:9300}
[2017-05-16T22:40:27,840][INFO ][o.e.b.BootstrapCheck     ] [sbaMEj1] bound or publishing to a non-loopback or non-link-local address, enforcing bootstrap checks
[2017-05-16T22:40:27,844][ERROR][o.e.b.Bootstrap          ] [sbaMEj1] node validation exception
bootstrap checks failed
max file descriptors [4096] for elasticsearch process likely too low, increase to at least [65536]
max virtual memory areas vm.max_map_count [65530] likely too low, increase to at least [262144]
[2017-05-16T22:40:27,847][INFO ][o.e.n.Node               ] [sbaMEj1] stopping ...
[2017-05-16T22:40:27,871][INFO ][o.e.n.Node               ] [sbaMEj1] stopped
[2017-05-16T22:40:27,871][INFO ][o.e.n.Node               ] [sbaMEj1] closing ...
[2017-05-16T22:40:27,881][INFO ][o.e.n.Node               ] [sbaMEj1] closed
[2017-05-16T22:40:43,509][ERROR][o.e.b.Bootstrap          ] Exception
java.lang.RuntimeException: can not run elasticsearch as root
	at org.elasticsearch.bootstrap.Bootstrap.initializeNatives(Bootstrap.java:96) ~[elasticsearch-5.0.0.jar:5.0.0]
	at org.elasticsearch.bootstrap.Bootstrap.setup(Bootstrap.java:155) ~[elasticsearch-5.0.0.jar:5.0.0]
	at org.elasticsearch.bootstrap.Bootstrap.init(Bootstrap.java:286) [elasticsearch-5.0.0.jar:5.0.0]
	at org.elasticsearch.bootstrap.Elasticsearch.init(Elasticsearch.java:112) [elasticsearch-5.0.0.jar:5.0.0]
	at org.elasticsearch.bootstrap.Elasticsearch.execute(Elasticsearch.java:103) [elasticsearch-5.0.0.jar:5.0.0]
	at org.elasticsearch.cli.SettingCommand.execute(SettingCommand.java:54) [elasticsearch-5.0.0.jar:5.0.0]
	at org.elasticsearch.cli.Command.mainWithoutErrorHandling(Command.java:96) [elasticsearch-5.0.0.jar:5.0.0]
	at org.elasticsearch.cli.Command.main(Command.java:62) [elasticsearch-5.0.0.jar:5.0.0]
	at org.elasticsearch.bootstrap.Elasticsearch.main(Elasticsearch.java:80) [elasticsearch-5.0.0.jar:5.0.0]
	at org.elasticsearch.bootstrap.Elasticsearch.main(Elasticsearch.java:73) [elasticsearch-5.0.0.jar:5.0.0]
[2017-05-16T22:40:43,520][WARN ][o.e.b.ElasticsearchUncaughtExceptionHandler] [] uncaught exception in thread [main]
org.elasticsearch.bootstrap.StartupException: java.lang.RuntimeException: can not run elasticsearch as root
	at org.elasticsearch.bootstrap.Elasticsearch.init(Elasticsearch.java:116) ~[elasticsearch-5.0.0.jar:5.0.0]
	at org.elasticsearch.bootstrap.Elasticsearch.execute(Elasticsearch.java:103) ~[elasticsearch-5.0.0.jar:5.0.0]
	at org.elasticsearch.cli.SettingCommand.execute(SettingCommand.java:54) ~[elasticsearch-5.0.0.jar:5.0.0]
	at org.elasticsearch.cli.Command.mainWithoutErrorHandling(Command.java:96) ~[elasticsearch-5.0.0.jar:5.0.0]
	at org.elasticsearch.cli.Command.main(Command.java:62) ~[elasticsearch-5.0.0.jar:5.0.0]
	at org.elasticsearch.bootstrap.Elasticsearch.main(Elasticsearch.java:80) ~[elasticsearch-5.0.0.jar:5.0.0]
	at org.elasticsearch.bootstrap.Elasticsearch.main(Elasticsearch.java:73) ~[elasticsearch-5.0.0.jar:5.0.0]
Caused by: java.lang.RuntimeException: can not run elasticsearch as root
	at org.elasticsearch.bootstrap.Bootstrap.initializeNatives(Bootstrap.java:96) ~[elasticsearch-5.0.0.jar:5.0.0]
	at org.elasticsearch.bootstrap.Bootstrap.setup(Bootstrap.java:155) ~[elasticsearch-5.0.0.jar:5.0.0]
	at org.elasticsearch.bootstrap.Bootstrap.init(Bootstrap.java:286) ~[elasticsearch-5.0.0.jar:5.0.0]
	at org.elasticsearch.bootstrap.Elasticsearch.init(Elasticsearch.java:112) ~[elasticsearch-5.0.0.jar:5.0.0]
	... 6 more
[2017-05-16T22:40:59,505][INFO ][o.e.n.Node               ] [] initializing ...
[2017-05-16T22:40:59,581][INFO ][o.e.e.NodeEnvironment    ] [sbaMEj1] using [1] data paths, mounts [[/ (/dev/sdc2)]], net usable_space [81.6gb], net total_space [105.5gb], spins? [no], types [ext4]
[2017-05-16T22:40:59,582][INFO ][o.e.e.NodeEnvironment    ] [sbaMEj1] heap size [1.9gb], compressed ordinary object pointers [true]
[2017-05-16T22:40:59,583][INFO ][o.e.n.Node               ] [sbaMEj1] node name [sbaMEj1] derived from node ID; set [node.name] to override
[2017-05-16T22:40:59,586][INFO ][o.e.n.Node               ] [sbaMEj1] version[5.0.0], pid[5295], build[253032b/2016-10-26T04:37:51.531Z], OS[Linux/4.10.13-1-ARCH/amd64], JVM[Oracle Corporation/OpenJDK 64-Bit Server VM/1.8.0_121/25.121-b13]
[2017-05-16T22:41:00,293][INFO ][o.e.p.PluginsService     ] [sbaMEj1] loaded module [aggs-matrix-stats]
[2017-05-16T22:41:00,294][INFO ][o.e.p.PluginsService     ] [sbaMEj1] loaded module [ingest-common]
[2017-05-16T22:41:00,294][INFO ][o.e.p.PluginsService     ] [sbaMEj1] loaded module [lang-expression]
[2017-05-16T22:41:00,294][INFO ][o.e.p.PluginsService     ] [sbaMEj1] loaded module [lang-groovy]
[2017-05-16T22:41:00,294][INFO ][o.e.p.PluginsService     ] [sbaMEj1] loaded module [lang-mustache]
[2017-05-16T22:41:00,295][INFO ][o.e.p.PluginsService     ] [sbaMEj1] loaded module [lang-painless]
[2017-05-16T22:41:00,295][INFO ][o.e.p.PluginsService     ] [sbaMEj1] loaded module [percolator]
[2017-05-16T22:41:00,295][INFO ][o.e.p.PluginsService     ] [sbaMEj1] loaded module [reindex]
[2017-05-16T22:41:00,295][INFO ][o.e.p.PluginsService     ] [sbaMEj1] loaded module [transport-netty3]
[2017-05-16T22:41:00,295][INFO ][o.e.p.PluginsService     ] [sbaMEj1] loaded module [transport-netty4]
[2017-05-16T22:41:00,296][INFO ][o.e.p.PluginsService     ] [sbaMEj1] no plugins loaded
[2017-05-16T22:41:01,995][INFO ][o.e.n.Node               ] [sbaMEj1] initialized
[2017-05-16T22:41:01,995][INFO ][o.e.n.Node               ] [sbaMEj1] starting ...
[2017-05-16T22:41:02,104][INFO ][o.e.t.TransportService   ] [sbaMEj1] publish_address {192.168.25.177:9300}, bound_addresses {192.168.25.177:9300}
[2017-05-16T22:41:02,109][INFO ][o.e.b.BootstrapCheck     ] [sbaMEj1] bound or publishing to a non-loopback or non-link-local address, enforcing bootstrap checks
[2017-05-16T22:41:02,112][ERROR][o.e.b.Bootstrap          ] [sbaMEj1] node validation exception
bootstrap checks failed
max file descriptors [4096] for elasticsearch process likely too low, increase to at least [65536]
max virtual memory areas vm.max_map_count [65530] likely too low, increase to at least [262144]
[2017-05-16T22:41:02,116][INFO ][o.e.n.Node               ] [sbaMEj1] stopping ...
[2017-05-16T22:41:02,151][INFO ][o.e.n.Node               ] [sbaMEj1] stopped
[2017-05-16T22:41:02,151][INFO ][o.e.n.Node               ] [sbaMEj1] closing ...
[2017-05-16T22:41:02,161][INFO ][o.e.n.Node               ] [sbaMEj1] closed
[2017-05-16T22:41:06,086][INFO ][o.e.n.Node               ] [] initializing ...
[2017-05-16T22:41:06,157][INFO ][o.e.e.NodeEnvironment    ] [sbaMEj1] using [1] data paths, mounts [[/ (/dev/sdc2)]], net usable_space [81.6gb], net total_space [105.5gb], spins? [no], types [ext4]
[2017-05-16T22:41:06,158][INFO ][o.e.e.NodeEnvironment    ] [sbaMEj1] heap size [1.9gb], compressed ordinary object pointers [true]
[2017-05-16T22:41:06,159][INFO ][o.e.n.Node               ] [sbaMEj1] node name [sbaMEj1] derived from node ID; set [node.name] to override
[2017-05-16T22:41:06,161][INFO ][o.e.n.Node               ] [sbaMEj1] version[5.0.0], pid[5369], build[253032b/2016-10-26T04:37:51.531Z], OS[Linux/4.10.13-1-ARCH/amd64], JVM[Oracle Corporation/OpenJDK 64-Bit Server VM/1.8.0_121/25.121-b13]
[2017-05-16T22:41:06,885][INFO ][o.e.p.PluginsService     ] [sbaMEj1] loaded module [aggs-matrix-stats]
[2017-05-16T22:41:06,885][INFO ][o.e.p.PluginsService     ] [sbaMEj1] loaded module [ingest-common]
[2017-05-16T22:41:06,885][INFO ][o.e.p.PluginsService     ] [sbaMEj1] loaded module [lang-expression]
[2017-05-16T22:41:06,885][INFO ][o.e.p.PluginsService     ] [sbaMEj1] loaded module [lang-groovy]
[2017-05-16T22:41:06,886][INFO ][o.e.p.PluginsService     ] [sbaMEj1] loaded module [lang-mustache]
[2017-05-16T22:41:06,886][INFO ][o.e.p.PluginsService     ] [sbaMEj1] loaded module [lang-painless]
[2017-05-16T22:41:06,886][INFO ][o.e.p.PluginsService     ] [sbaMEj1] loaded module [percolator]
[2017-05-16T22:41:06,886][INFO ][o.e.p.PluginsService     ] [sbaMEj1] loaded module [reindex]
[2017-05-16T22:41:06,886][INFO ][o.e.p.PluginsService     ] [sbaMEj1] loaded module [transport-netty3]
[2017-05-16T22:41:06,887][INFO ][o.e.p.PluginsService     ] [sbaMEj1] loaded module [transport-netty4]
[2017-05-16T22:41:06,887][INFO ][o.e.p.PluginsService     ] [sbaMEj1] no plugins loaded
[2017-05-16T22:41:08,645][INFO ][o.e.n.Node               ] [sbaMEj1] initialized
[2017-05-16T22:41:08,645][INFO ][o.e.n.Node               ] [sbaMEj1] starting ...
[2017-05-16T22:41:08,773][INFO ][o.e.t.TransportService   ] [sbaMEj1] publish_address {192.168.25.177:9300}, bound_addresses {192.168.25.177:9300}
[2017-05-16T22:41:08,778][INFO ][o.e.b.BootstrapCheck     ] [sbaMEj1] bound or publishing to a non-loopback or non-link-local address, enforcing bootstrap checks
[2017-05-16T22:41:08,782][ERROR][o.e.b.Bootstrap          ] [sbaMEj1] node validation exception
bootstrap checks failed
max file descriptors [4096] for elasticsearch process likely too low, increase to at least [65536]
max virtual memory areas vm.max_map_count [65530] likely too low, increase to at least [262144]
[2017-05-16T22:41:08,785][INFO ][o.e.n.Node               ] [sbaMEj1] stopping ...
[2017-05-16T22:41:08,819][INFO ][o.e.n.Node               ] [sbaMEj1] stopped
[2017-05-16T22:41:08,819][INFO ][o.e.n.Node               ] [sbaMEj1] closing ...
[2017-05-16T22:41:08,831][INFO ][o.e.n.Node               ] [sbaMEj1] closed
[2017-05-16T23:01:14,269][INFO ][o.e.n.Node               ] [] initializing ...
[2017-05-16T23:01:14,342][INFO ][o.e.e.NodeEnvironment    ] [sbaMEj1] using [1] data paths, mounts [[/ (/dev/sdc2)]], net usable_space [81.6gb], net total_space [105.5gb], spins? [no], types [ext4]
[2017-05-16T23:01:14,343][INFO ][o.e.e.NodeEnvironment    ] [sbaMEj1] heap size [1.9gb], compressed ordinary object pointers [true]
[2017-05-16T23:01:14,344][INFO ][o.e.n.Node               ] [sbaMEj1] node name [sbaMEj1] derived from node ID; set [node.name] to override
[2017-05-16T23:01:14,346][INFO ][o.e.n.Node               ] [sbaMEj1] version[5.0.0], pid[6387], build[253032b/2016-10-26T04:37:51.531Z], OS[Linux/4.10.13-1-ARCH/amd64], JVM[Oracle Corporation/OpenJDK 64-Bit Server VM/1.8.0_121/25.121-b13]
[2017-05-16T23:01:15,064][INFO ][o.e.p.PluginsService     ] [sbaMEj1] loaded module [aggs-matrix-stats]
[2017-05-16T23:01:15,064][INFO ][o.e.p.PluginsService     ] [sbaMEj1] loaded module [ingest-common]
[2017-05-16T23:01:15,064][INFO ][o.e.p.PluginsService     ] [sbaMEj1] loaded module [lang-expression]
[2017-05-16T23:01:15,064][INFO ][o.e.p.PluginsService     ] [sbaMEj1] loaded module [lang-groovy]
[2017-05-16T23:01:15,064][INFO ][o.e.p.PluginsService     ] [sbaMEj1] loaded module [lang-mustache]
[2017-05-16T23:01:15,065][INFO ][o.e.p.PluginsService     ] [sbaMEj1] loaded module [lang-painless]
[2017-05-16T23:01:15,065][INFO ][o.e.p.PluginsService     ] [sbaMEj1] loaded module [percolator]
[2017-05-16T23:01:15,065][INFO ][o.e.p.PluginsService     ] [sbaMEj1] loaded module [reindex]
[2017-05-16T23:01:15,065][INFO ][o.e.p.PluginsService     ] [sbaMEj1] loaded module [transport-netty3]
[2017-05-16T23:01:15,066][INFO ][o.e.p.PluginsService     ] [sbaMEj1] loaded module [transport-netty4]
[2017-05-16T23:01:15,066][INFO ][o.e.p.PluginsService     ] [sbaMEj1] no plugins loaded
[2017-05-16T23:01:16,841][INFO ][o.e.n.Node               ] [sbaMEj1] initialized
[2017-05-16T23:01:16,841][INFO ][o.e.n.Node               ] [sbaMEj1] starting ...
[2017-05-16T23:01:16,964][INFO ][o.e.t.TransportService   ] [sbaMEj1] publish_address {127.0.0.1:9300}, bound_addresses {127.0.0.1:9300}, {[::1]:9300}
[2017-05-16T23:01:16,969][WARN ][o.e.b.BootstrapCheck     ] [sbaMEj1] max file descriptors [4096] for elasticsearch process likely too low, increase to at least [65536]
[2017-05-16T23:01:16,969][WARN ][o.e.b.BootstrapCheck     ] [sbaMEj1] max virtual memory areas vm.max_map_count [65530] likely too low, increase to at least [262144]
[2017-05-16T23:01:20,039][INFO ][o.e.c.s.ClusterService   ] [sbaMEj1] new_master {sbaMEj1}{sbaMEj1aRf2pNzm7tUcdrw}{1kqfSHVNSU-eN5gCUo5UXw}{127.0.0.1}{127.0.0.1:9300}, reason: zen-disco-elected-as-master ([0] nodes joined)
[2017-05-16T23:01:20,068][INFO ][o.e.h.HttpServer         ] [sbaMEj1] publish_address {127.0.0.1:9200}, bound_addresses {127.0.0.1:9200}, {[::1]:9200}
[2017-05-16T23:01:20,068][INFO ][o.e.n.Node               ] [sbaMEj1] started
[2017-05-16T23:01:20,075][INFO ][o.e.g.GatewayService     ] [sbaMEj1] recovered [0] indices into cluster_state
