[2017-07-13T08:10:24,532][INFO ][o.e.n.Node               ] [] initializing ...
[2017-07-13T08:10:24,640][INFO ][o.e.e.NodeEnvironment    ] [sbaMEj1] using [1] data paths, mounts [[/ (/dev/sdc2)]], net usable_space [78.9gb], net total_space [105.5gb], spins? [no], types [ext4]
[2017-07-13T08:10:24,640][INFO ][o.e.e.NodeEnvironment    ] [sbaMEj1] heap size [1.9gb], compressed ordinary object pointers [true]
[2017-07-13T08:10:24,653][INFO ][o.e.n.Node               ] [sbaMEj1] node name [sbaMEj1] derived from node ID; set [node.name] to override
[2017-07-13T08:10:24,657][INFO ][o.e.n.Node               ] [sbaMEj1] version[5.0.0], pid[1981], build[253032b/2016-10-26T04:37:51.531Z], OS[Linux/4.10.13-1-ARCH/amd64], JVM[Oracle Corporation/OpenJDK 64-Bit Server VM/1.8.0_121/25.121-b13]
[2017-07-13T08:10:25,552][INFO ][o.e.p.PluginsService     ] [sbaMEj1] loaded module [aggs-matrix-stats]
[2017-07-13T08:10:25,552][INFO ][o.e.p.PluginsService     ] [sbaMEj1] loaded module [ingest-common]
[2017-07-13T08:10:25,553][INFO ][o.e.p.PluginsService     ] [sbaMEj1] loaded module [lang-expression]
[2017-07-13T08:10:25,553][INFO ][o.e.p.PluginsService     ] [sbaMEj1] loaded module [lang-groovy]
[2017-07-13T08:10:25,553][INFO ][o.e.p.PluginsService     ] [sbaMEj1] loaded module [lang-mustache]
[2017-07-13T08:10:25,553][INFO ][o.e.p.PluginsService     ] [sbaMEj1] loaded module [lang-painless]
[2017-07-13T08:10:25,553][INFO ][o.e.p.PluginsService     ] [sbaMEj1] loaded module [percolator]
[2017-07-13T08:10:25,554][INFO ][o.e.p.PluginsService     ] [sbaMEj1] loaded module [reindex]
[2017-07-13T08:10:25,554][INFO ][o.e.p.PluginsService     ] [sbaMEj1] loaded module [transport-netty3]
[2017-07-13T08:10:25,554][INFO ][o.e.p.PluginsService     ] [sbaMEj1] loaded module [transport-netty4]
[2017-07-13T08:10:25,555][INFO ][o.e.p.PluginsService     ] [sbaMEj1] no plugins loaded
[2017-07-13T08:10:27,489][INFO ][o.e.n.Node               ] [sbaMEj1] initialized
[2017-07-13T08:10:27,490][INFO ][o.e.n.Node               ] [sbaMEj1] starting ...
[2017-07-13T08:10:27,636][INFO ][o.e.t.TransportService   ] [sbaMEj1] publish_address {127.0.0.1:9300}, bound_addresses {127.0.0.1:9300}, {[::1]:9300}
[2017-07-13T08:10:27,641][WARN ][o.e.b.BootstrapCheck     ] [sbaMEj1] max file descriptors [4096] for elasticsearch process likely too low, increase to at least [65536]
[2017-07-13T08:10:27,642][WARN ][o.e.b.BootstrapCheck     ] [sbaMEj1] max virtual memory areas vm.max_map_count [65530] likely too low, increase to at least [262144]
[2017-07-13T08:10:30,754][INFO ][o.e.c.s.ClusterService   ] [sbaMEj1] new_master {sbaMEj1}{sbaMEj1aRf2pNzm7tUcdrw}{neGF8kmQR163iBxHlk6cfQ}{127.0.0.1}{127.0.0.1:9300}, reason: zen-disco-elected-as-master ([0] nodes joined)
[2017-07-13T08:10:30,788][INFO ][o.e.h.HttpServer         ] [sbaMEj1] publish_address {127.0.0.1:9200}, bound_addresses {127.0.0.1:9200}, {[::1]:9200}
[2017-07-13T08:10:30,788][INFO ][o.e.n.Node               ] [sbaMEj1] started
[2017-07-13T08:10:30,968][INFO ][o.e.g.GatewayService     ] [sbaMEj1] recovered [1] indices into cluster_state
[2017-07-13T08:10:31,275][INFO ][o.e.c.r.a.AllocationService] [sbaMEj1] Cluster health status changed from [RED] to [YELLOW] (reason: [shards started [[cdc][0]] ...]).
[2017-07-13T08:31:05,948][INFO ][o.e.c.m.MetaDataCreateIndexService] [sbaMEj1] [cdc] creating index, cause [api], templates [], shards [5]/[1], mappings []
[2017-07-13T08:54:17,479][INFO ][o.e.c.m.MetaDataMappingService] [sbaMEj1] [cdc/nmm9nhkASq-A7GssBG0fOA] create_mapping [Consumer Rights]
[2017-07-13T08:54:17,483][INFO ][o.e.c.m.MetaDataMappingService] [sbaMEj1] [cdc/nmm9nhkASq-A7GssBG0fOA] create_mapping [Criminal Offenses]
[2017-07-13T08:54:17,654][INFO ][o.e.c.m.MetaDataMappingService] [sbaMEj1] [cdc/nmm9nhkASq-A7GssBG0fOA] create_mapping [For Consumer Protection in Judgment]
[2017-07-13T08:54:17,720][INFO ][o.e.c.m.MetaDataMappingService] [sbaMEj1] [cdc/nmm9nhkASq-A7GssBG0fOA] create_mapping [the Collective Consumption Convention]
[2017-07-13T08:54:17,740][INFO ][o.e.c.m.MetaDataMappingService] [sbaMEj1] [cdc/nmm9nhkASq-A7GssBG0fOA] create_mapping [the National System of Consumer Protection]
[2017-07-13T08:54:17,757][INFO ][o.e.c.m.MetaDataMappingService] [sbaMEj1] [cdc/nmm9nhkASq-A7GssBG0fOA] create_mapping [Final dispositions]
[2017-07-13T09:50:36,782][INFO ][o.e.n.Node               ] [sbaMEj1] stopping ...
[2017-07-13T09:50:36,819][INFO ][o.e.n.Node               ] [sbaMEj1] stopped
[2017-07-13T09:50:36,819][INFO ][o.e.n.Node               ] [sbaMEj1] closing ...
[2017-07-13T09:50:36,828][INFO ][o.e.n.Node               ] [sbaMEj1] closed
[2017-07-13T17:06:13,714][INFO ][o.e.n.Node               ] [] initializing ...
[2017-07-13T17:06:13,832][INFO ][o.e.e.NodeEnvironment    ] [sbaMEj1] using [1] data paths, mounts [[/ (/dev/sdc2)]], net usable_space [78.9gb], net total_space [105.5gb], spins? [no], types [ext4]
[2017-07-13T17:06:13,833][INFO ][o.e.e.NodeEnvironment    ] [sbaMEj1] heap size [1.9gb], compressed ordinary object pointers [true]
[2017-07-13T17:06:13,850][INFO ][o.e.n.Node               ] [sbaMEj1] node name [sbaMEj1] derived from node ID; set [node.name] to override
[2017-07-13T17:06:13,853][INFO ][o.e.n.Node               ] [sbaMEj1] version[5.0.0], pid[2041], build[253032b/2016-10-26T04:37:51.531Z], OS[Linux/4.10.13-1-ARCH/amd64], JVM[Oracle Corporation/OpenJDK 64-Bit Server VM/1.8.0_121/25.121-b13]
[2017-07-13T17:06:14,721][INFO ][o.e.p.PluginsService     ] [sbaMEj1] loaded module [aggs-matrix-stats]
[2017-07-13T17:06:14,721][INFO ][o.e.p.PluginsService     ] [sbaMEj1] loaded module [ingest-common]
[2017-07-13T17:06:14,721][INFO ][o.e.p.PluginsService     ] [sbaMEj1] loaded module [lang-expression]
[2017-07-13T17:06:14,722][INFO ][o.e.p.PluginsService     ] [sbaMEj1] loaded module [lang-groovy]
[2017-07-13T17:06:14,722][INFO ][o.e.p.PluginsService     ] [sbaMEj1] loaded module [lang-mustache]
[2017-07-13T17:06:14,722][INFO ][o.e.p.PluginsService     ] [sbaMEj1] loaded module [lang-painless]
[2017-07-13T17:06:14,722][INFO ][o.e.p.PluginsService     ] [sbaMEj1] loaded module [percolator]
[2017-07-13T17:06:14,723][INFO ][o.e.p.PluginsService     ] [sbaMEj1] loaded module [reindex]
[2017-07-13T17:06:14,723][INFO ][o.e.p.PluginsService     ] [sbaMEj1] loaded module [transport-netty3]
[2017-07-13T17:06:14,723][INFO ][o.e.p.PluginsService     ] [sbaMEj1] loaded module [transport-netty4]
[2017-07-13T17:06:14,724][INFO ][o.e.p.PluginsService     ] [sbaMEj1] no plugins loaded
[2017-07-13T17:06:16,544][INFO ][o.e.n.Node               ] [sbaMEj1] initialized
[2017-07-13T17:06:16,544][INFO ][o.e.n.Node               ] [sbaMEj1] starting ...
[2017-07-13T17:06:16,684][INFO ][o.e.t.TransportService   ] [sbaMEj1] publish_address {127.0.0.1:9300}, bound_addresses {127.0.0.1:9300}, {[::1]:9300}
[2017-07-13T17:06:16,689][WARN ][o.e.b.BootstrapCheck     ] [sbaMEj1] max file descriptors [4096] for elasticsearch process likely too low, increase to at least [65536]
[2017-07-13T17:06:16,690][WARN ][o.e.b.BootstrapCheck     ] [sbaMEj1] max virtual memory areas vm.max_map_count [65530] likely too low, increase to at least [262144]
[2017-07-13T17:06:19,793][INFO ][o.e.c.s.ClusterService   ] [sbaMEj1] new_master {sbaMEj1}{sbaMEj1aRf2pNzm7tUcdrw}{HSENCvp5QeWAvNvjwMuGLg}{127.0.0.1}{127.0.0.1:9300}, reason: zen-disco-elected-as-master ([0] nodes joined)
[2017-07-13T17:06:19,831][INFO ][o.e.h.HttpServer         ] [sbaMEj1] publish_address {127.0.0.1:9200}, bound_addresses {127.0.0.1:9200}, {[::1]:9200}
[2017-07-13T17:06:19,832][INFO ][o.e.n.Node               ] [sbaMEj1] started
[2017-07-13T17:06:20,006][INFO ][o.e.g.GatewayService     ] [sbaMEj1] recovered [1] indices into cluster_state
[2017-07-13T17:06:20,287][INFO ][o.e.c.r.a.AllocationService] [sbaMEj1] Cluster health status changed from [RED] to [YELLOW] (reason: [shards started [[cdc][2]] ...]).
[2017-07-13T23:40:47,003][INFO ][o.e.n.Node               ] [sbaMEj1] stopping ...
[2017-07-13T23:40:47,093][INFO ][o.e.n.Node               ] [sbaMEj1] stopped
[2017-07-13T23:40:47,094][INFO ][o.e.n.Node               ] [sbaMEj1] closing ...
[2017-07-13T23:40:47,101][INFO ][o.e.n.Node               ] [sbaMEj1] closed
