[2017-05-26T00:39:13,546][INFO ][o.e.n.Node               ] [] initializing ...
[2017-05-26T00:39:13,649][INFO ][o.e.e.NodeEnvironment    ] [sbaMEj1] using [1] data paths, mounts [[/ (/dev/sdc2)]], net usable_space [80.9gb], net total_space [105.5gb], spins? [no], types [ext4]
[2017-05-26T00:39:13,650][INFO ][o.e.e.NodeEnvironment    ] [sbaMEj1] heap size [1.9gb], compressed ordinary object pointers [true]
[2017-05-26T00:39:13,664][INFO ][o.e.n.Node               ] [sbaMEj1] node name [sbaMEj1] derived from node ID; set [node.name] to override
[2017-05-26T00:39:13,667][INFO ][o.e.n.Node               ] [sbaMEj1] version[5.0.0], pid[3358], build[253032b/2016-10-26T04:37:51.531Z], OS[Linux/4.10.13-1-ARCH/amd64], JVM[Oracle Corporation/OpenJDK 64-Bit Server VM/1.8.0_121/25.121-b13]
[2017-05-26T00:39:14,473][INFO ][o.e.p.PluginsService     ] [sbaMEj1] loaded module [aggs-matrix-stats]
[2017-05-26T00:39:14,473][INFO ][o.e.p.PluginsService     ] [sbaMEj1] loaded module [ingest-common]
[2017-05-26T00:39:14,474][INFO ][o.e.p.PluginsService     ] [sbaMEj1] loaded module [lang-expression]
[2017-05-26T00:39:14,474][INFO ][o.e.p.PluginsService     ] [sbaMEj1] loaded module [lang-groovy]
[2017-05-26T00:39:14,474][INFO ][o.e.p.PluginsService     ] [sbaMEj1] loaded module [lang-mustache]
[2017-05-26T00:39:14,474][INFO ][o.e.p.PluginsService     ] [sbaMEj1] loaded module [lang-painless]
[2017-05-26T00:39:14,474][INFO ][o.e.p.PluginsService     ] [sbaMEj1] loaded module [percolator]
[2017-05-26T00:39:14,475][INFO ][o.e.p.PluginsService     ] [sbaMEj1] loaded module [reindex]
[2017-05-26T00:39:14,475][INFO ][o.e.p.PluginsService     ] [sbaMEj1] loaded module [transport-netty3]
[2017-05-26T00:39:14,475][INFO ][o.e.p.PluginsService     ] [sbaMEj1] loaded module [transport-netty4]
[2017-05-26T00:39:14,475][INFO ][o.e.p.PluginsService     ] [sbaMEj1] no plugins loaded
[2017-05-26T00:39:16,240][INFO ][o.e.n.Node               ] [sbaMEj1] initialized
[2017-05-26T00:39:16,240][INFO ][o.e.n.Node               ] [sbaMEj1] starting ...
[2017-05-26T00:39:16,377][INFO ][o.e.t.TransportService   ] [sbaMEj1] publish_address {127.0.0.1:9300}, bound_addresses {127.0.0.1:9300}, {[::1]:9300}
[2017-05-26T00:39:16,382][WARN ][o.e.b.BootstrapCheck     ] [sbaMEj1] max file descriptors [4096] for elasticsearch process likely too low, increase to at least [65536]
[2017-05-26T00:39:16,382][WARN ][o.e.b.BootstrapCheck     ] [sbaMEj1] max virtual memory areas vm.max_map_count [65530] likely too low, increase to at least [262144]
[2017-05-26T00:39:19,477][INFO ][o.e.c.s.ClusterService   ] [sbaMEj1] new_master {sbaMEj1}{sbaMEj1aRf2pNzm7tUcdrw}{iAvd1KZyQU2oKeEbOKICcQ}{127.0.0.1}{127.0.0.1:9300}, reason: zen-disco-elected-as-master ([0] nodes joined)
[2017-05-26T00:39:19,509][INFO ][o.e.h.HttpServer         ] [sbaMEj1] publish_address {127.0.0.1:9200}, bound_addresses {127.0.0.1:9200}, {[::1]:9200}
[2017-05-26T00:39:19,510][INFO ][o.e.n.Node               ] [sbaMEj1] started
[2017-05-26T00:39:19,714][INFO ][o.e.g.GatewayService     ] [sbaMEj1] recovered [1] indices into cluster_state
[2017-05-26T00:39:19,990][INFO ][o.e.c.r.a.AllocationService] [sbaMEj1] Cluster health status changed from [RED] to [YELLOW] (reason: [shards started [[cdc][4]] ...]).
[2017-05-26T01:01:43,916][INFO ][o.e.n.Node               ] [sbaMEj1] stopping ...
[2017-05-26T01:01:43,950][INFO ][o.e.n.Node               ] [sbaMEj1] stopped
[2017-05-26T01:01:43,950][INFO ][o.e.n.Node               ] [sbaMEj1] closing ...
[2017-05-26T01:01:43,957][INFO ][o.e.n.Node               ] [sbaMEj1] closed
[2017-05-26T01:05:55,448][INFO ][o.e.n.Node               ] [] initializing ...
[2017-05-26T01:05:55,514][INFO ][o.e.e.NodeEnvironment    ] [sbaMEj1] using [1] data paths, mounts [[/ (/dev/sdc2)]], net usable_space [80.9gb], net total_space [105.5gb], spins? [no], types [ext4]
[2017-05-26T01:05:55,515][INFO ][o.e.e.NodeEnvironment    ] [sbaMEj1] heap size [1.9gb], compressed ordinary object pointers [true]
[2017-05-26T01:05:55,527][INFO ][o.e.n.Node               ] [sbaMEj1] node name [sbaMEj1] derived from node ID; set [node.name] to override
[2017-05-26T01:05:55,529][INFO ][o.e.n.Node               ] [sbaMEj1] version[5.0.0], pid[4854], build[253032b/2016-10-26T04:37:51.531Z], OS[Linux/4.10.13-1-ARCH/amd64], JVM[Oracle Corporation/OpenJDK 64-Bit Server VM/1.8.0_121/25.121-b13]
[2017-05-26T01:05:56,263][INFO ][o.e.p.PluginsService     ] [sbaMEj1] loaded module [aggs-matrix-stats]
[2017-05-26T01:05:56,263][INFO ][o.e.p.PluginsService     ] [sbaMEj1] loaded module [ingest-common]
[2017-05-26T01:05:56,264][INFO ][o.e.p.PluginsService     ] [sbaMEj1] loaded module [lang-expression]
[2017-05-26T01:05:56,264][INFO ][o.e.p.PluginsService     ] [sbaMEj1] loaded module [lang-groovy]
[2017-05-26T01:05:56,264][INFO ][o.e.p.PluginsService     ] [sbaMEj1] loaded module [lang-mustache]
[2017-05-26T01:05:56,264][INFO ][o.e.p.PluginsService     ] [sbaMEj1] loaded module [lang-painless]
[2017-05-26T01:05:56,264][INFO ][o.e.p.PluginsService     ] [sbaMEj1] loaded module [percolator]
[2017-05-26T01:05:56,265][INFO ][o.e.p.PluginsService     ] [sbaMEj1] loaded module [reindex]
[2017-05-26T01:05:56,265][INFO ][o.e.p.PluginsService     ] [sbaMEj1] loaded module [transport-netty3]
[2017-05-26T01:05:56,265][INFO ][o.e.p.PluginsService     ] [sbaMEj1] loaded module [transport-netty4]
[2017-05-26T01:05:56,266][INFO ][o.e.p.PluginsService     ] [sbaMEj1] no plugins loaded
[2017-05-26T01:05:58,048][INFO ][o.e.n.Node               ] [sbaMEj1] initialized
[2017-05-26T01:05:58,049][INFO ][o.e.n.Node               ] [sbaMEj1] starting ...
[2017-05-26T01:05:58,171][INFO ][o.e.t.TransportService   ] [sbaMEj1] publish_address {127.0.0.1:9300}, bound_addresses {127.0.0.1:9300}, {[::1]:9300}
[2017-05-26T01:05:58,176][WARN ][o.e.b.BootstrapCheck     ] [sbaMEj1] max file descriptors [4096] for elasticsearch process likely too low, increase to at least [65536]
[2017-05-26T01:05:58,177][WARN ][o.e.b.BootstrapCheck     ] [sbaMEj1] max virtual memory areas vm.max_map_count [65530] likely too low, increase to at least [262144]
[2017-05-26T01:06:01,264][INFO ][o.e.c.s.ClusterService   ] [sbaMEj1] new_master {sbaMEj1}{sbaMEj1aRf2pNzm7tUcdrw}{7DzISIjJR8KlMxP9jj-MNQ}{127.0.0.1}{127.0.0.1:9300}, reason: zen-disco-elected-as-master ([0] nodes joined)
[2017-05-26T01:06:01,293][INFO ][o.e.h.HttpServer         ] [sbaMEj1] publish_address {127.0.0.1:9200}, bound_addresses {127.0.0.1:9200}, {[::1]:9200}
[2017-05-26T01:06:01,294][INFO ][o.e.n.Node               ] [sbaMEj1] started
[2017-05-26T01:06:01,507][INFO ][o.e.g.GatewayService     ] [sbaMEj1] recovered [1] indices into cluster_state
[2017-05-26T01:06:01,799][INFO ][o.e.c.r.a.AllocationService] [sbaMEj1] Cluster health status changed from [RED] to [YELLOW] (reason: [shards started [[cdc][3]] ...]).
[2017-05-26T01:30:12,771][INFO ][o.e.n.Node               ] [sbaMEj1] stopping ...
[2017-05-26T01:30:12,814][INFO ][o.e.n.Node               ] [sbaMEj1] stopped
[2017-05-26T01:30:12,815][INFO ][o.e.n.Node               ] [sbaMEj1] closing ...
[2017-05-26T01:30:12,822][INFO ][o.e.n.Node               ] [sbaMEj1] closed
[2017-05-26T01:30:15,570][INFO ][o.e.n.Node               ] [] initializing ...
[2017-05-26T01:30:15,647][INFO ][o.e.e.NodeEnvironment    ] [sbaMEj1] using [1] data paths, mounts [[/ (/dev/sdc2)]], net usable_space [80.9gb], net total_space [105.5gb], spins? [no], types [ext4]
[2017-05-26T01:30:15,648][INFO ][o.e.e.NodeEnvironment    ] [sbaMEj1] heap size [1.9gb], compressed ordinary object pointers [true]
[2017-05-26T01:30:15,659][INFO ][o.e.n.Node               ] [sbaMEj1] node name [sbaMEj1] derived from node ID; set [node.name] to override
[2017-05-26T01:30:15,662][INFO ][o.e.n.Node               ] [sbaMEj1] version[5.0.0], pid[6345], build[253032b/2016-10-26T04:37:51.531Z], OS[Linux/4.10.13-1-ARCH/amd64], JVM[Oracle Corporation/OpenJDK 64-Bit Server VM/1.8.0_121/25.121-b13]
[2017-05-26T01:30:16,335][INFO ][o.e.p.PluginsService     ] [sbaMEj1] loaded module [aggs-matrix-stats]
[2017-05-26T01:30:16,335][INFO ][o.e.p.PluginsService     ] [sbaMEj1] loaded module [ingest-common]
[2017-05-26T01:30:16,335][INFO ][o.e.p.PluginsService     ] [sbaMEj1] loaded module [lang-expression]
[2017-05-26T01:30:16,335][INFO ][o.e.p.PluginsService     ] [sbaMEj1] loaded module [lang-groovy]
[2017-05-26T01:30:16,336][INFO ][o.e.p.PluginsService     ] [sbaMEj1] loaded module [lang-mustache]
[2017-05-26T01:30:16,336][INFO ][o.e.p.PluginsService     ] [sbaMEj1] loaded module [lang-painless]
[2017-05-26T01:30:16,336][INFO ][o.e.p.PluginsService     ] [sbaMEj1] loaded module [percolator]
[2017-05-26T01:30:16,336][INFO ][o.e.p.PluginsService     ] [sbaMEj1] loaded module [reindex]
[2017-05-26T01:30:16,336][INFO ][o.e.p.PluginsService     ] [sbaMEj1] loaded module [transport-netty3]
[2017-05-26T01:30:16,337][INFO ][o.e.p.PluginsService     ] [sbaMEj1] loaded module [transport-netty4]
[2017-05-26T01:30:16,337][INFO ][o.e.p.PluginsService     ] [sbaMEj1] no plugins loaded
[2017-05-26T01:30:18,132][INFO ][o.e.n.Node               ] [sbaMEj1] initialized
[2017-05-26T01:30:18,132][INFO ][o.e.n.Node               ] [sbaMEj1] starting ...
[2017-05-26T01:30:18,250][INFO ][o.e.t.TransportService   ] [sbaMEj1] publish_address {127.0.0.1:9300}, bound_addresses {127.0.0.1:9300}, {[::1]:9300}
[2017-05-26T01:30:18,255][WARN ][o.e.b.BootstrapCheck     ] [sbaMEj1] max file descriptors [4096] for elasticsearch process likely too low, increase to at least [65536]
[2017-05-26T01:30:18,255][WARN ][o.e.b.BootstrapCheck     ] [sbaMEj1] max virtual memory areas vm.max_map_count [65530] likely too low, increase to at least [262144]
[2017-05-26T01:30:21,348][INFO ][o.e.c.s.ClusterService   ] [sbaMEj1] new_master {sbaMEj1}{sbaMEj1aRf2pNzm7tUcdrw}{62YsMDCcRZmMymvrFiVuUw}{127.0.0.1}{127.0.0.1:9300}, reason: zen-disco-elected-as-master ([0] nodes joined)
[2017-05-26T01:30:21,408][INFO ][o.e.h.HttpServer         ] [sbaMEj1] publish_address {127.0.0.1:9200}, bound_addresses {127.0.0.1:9200}, {[::1]:9200}
[2017-05-26T01:30:21,408][INFO ][o.e.n.Node               ] [sbaMEj1] started
[2017-05-26T01:30:21,599][INFO ][o.e.g.GatewayService     ] [sbaMEj1] recovered [1] indices into cluster_state
[2017-05-26T01:30:21,864][INFO ][o.e.c.r.a.AllocationService] [sbaMEj1] Cluster health status changed from [RED] to [YELLOW] (reason: [shards started [[cdc][1]] ...]).
[2017-05-26T01:30:43,715][INFO ][o.e.n.Node               ] [sbaMEj1] stopping ...
[2017-05-26T01:30:43,766][INFO ][o.e.n.Node               ] [sbaMEj1] stopped
[2017-05-26T01:30:43,766][INFO ][o.e.n.Node               ] [sbaMEj1] closing ...
[2017-05-26T01:30:43,785][INFO ][o.e.n.Node               ] [sbaMEj1] closed
[2017-05-26T11:51:37,389][INFO ][o.e.n.Node               ] [] initializing ...
[2017-05-26T11:51:37,478][INFO ][o.e.e.NodeEnvironment    ] [sbaMEj1] using [1] data paths, mounts [[/ (/dev/sdc2)]], net usable_space [80.9gb], net total_space [105.5gb], spins? [no], types [ext4]
[2017-05-26T11:51:37,479][INFO ][o.e.e.NodeEnvironment    ] [sbaMEj1] heap size [1.9gb], compressed ordinary object pointers [true]
[2017-05-26T11:51:37,490][INFO ][o.e.n.Node               ] [sbaMEj1] node name [sbaMEj1] derived from node ID; set [node.name] to override
[2017-05-26T11:51:37,493][INFO ][o.e.n.Node               ] [sbaMEj1] version[5.0.0], pid[5128], build[253032b/2016-10-26T04:37:51.531Z], OS[Linux/4.10.13-1-ARCH/amd64], JVM[Oracle Corporation/OpenJDK 64-Bit Server VM/1.8.0_121/25.121-b13]
[2017-05-26T11:51:38,362][INFO ][o.e.p.PluginsService     ] [sbaMEj1] loaded module [aggs-matrix-stats]
[2017-05-26T11:51:38,363][INFO ][o.e.p.PluginsService     ] [sbaMEj1] loaded module [ingest-common]
[2017-05-26T11:51:38,363][INFO ][o.e.p.PluginsService     ] [sbaMEj1] loaded module [lang-expression]
[2017-05-26T11:51:38,363][INFO ][o.e.p.PluginsService     ] [sbaMEj1] loaded module [lang-groovy]
[2017-05-26T11:51:38,363][INFO ][o.e.p.PluginsService     ] [sbaMEj1] loaded module [lang-mustache]
[2017-05-26T11:51:38,363][INFO ][o.e.p.PluginsService     ] [sbaMEj1] loaded module [lang-painless]
[2017-05-26T11:51:38,364][INFO ][o.e.p.PluginsService     ] [sbaMEj1] loaded module [percolator]
[2017-05-26T11:51:38,364][INFO ][o.e.p.PluginsService     ] [sbaMEj1] loaded module [reindex]
[2017-05-26T11:51:38,364][INFO ][o.e.p.PluginsService     ] [sbaMEj1] loaded module [transport-netty3]
[2017-05-26T11:51:38,364][INFO ][o.e.p.PluginsService     ] [sbaMEj1] loaded module [transport-netty4]
[2017-05-26T11:51:38,365][INFO ][o.e.p.PluginsService     ] [sbaMEj1] no plugins loaded
[2017-05-26T11:51:40,238][INFO ][o.e.n.Node               ] [sbaMEj1] initialized
[2017-05-26T11:51:40,239][INFO ][o.e.n.Node               ] [sbaMEj1] starting ...
[2017-05-26T11:51:40,321][INFO ][o.e.n.Node               ] [sbaMEj1] stopping ...
[2017-05-26T11:51:40,324][INFO ][o.e.n.Node               ] [sbaMEj1] stopped
[2017-05-26T11:51:40,325][INFO ][o.e.n.Node               ] [sbaMEj1] closing ...
[2017-05-26T11:51:40,337][INFO ][o.e.n.Node               ] [sbaMEj1] closed
[2017-05-26T11:51:53,744][INFO ][o.e.n.Node               ] [] initializing ...
[2017-05-26T11:51:53,817][INFO ][o.e.e.NodeEnvironment    ] [sbaMEj1] using [1] data paths, mounts [[/ (/dev/sdc2)]], net usable_space [80.9gb], net total_space [105.5gb], spins? [no], types [ext4]
[2017-05-26T11:51:53,818][INFO ][o.e.e.NodeEnvironment    ] [sbaMEj1] heap size [1.9gb], compressed ordinary object pointers [true]
[2017-05-26T11:51:53,829][INFO ][o.e.n.Node               ] [sbaMEj1] node name [sbaMEj1] derived from node ID; set [node.name] to override
[2017-05-26T11:51:53,832][INFO ][o.e.n.Node               ] [sbaMEj1] version[5.0.0], pid[5183], build[253032b/2016-10-26T04:37:51.531Z], OS[Linux/4.10.13-1-ARCH/amd64], JVM[Oracle Corporation/OpenJDK 64-Bit Server VM/1.8.0_121/25.121-b13]
[2017-05-26T11:51:54,539][INFO ][o.e.p.PluginsService     ] [sbaMEj1] loaded module [aggs-matrix-stats]
[2017-05-26T11:51:54,539][INFO ][o.e.p.PluginsService     ] [sbaMEj1] loaded module [ingest-common]
[2017-05-26T11:51:54,540][INFO ][o.e.p.PluginsService     ] [sbaMEj1] loaded module [lang-expression]
[2017-05-26T11:51:54,540][INFO ][o.e.p.PluginsService     ] [sbaMEj1] loaded module [lang-groovy]
[2017-05-26T11:51:54,540][INFO ][o.e.p.PluginsService     ] [sbaMEj1] loaded module [lang-mustache]
[2017-05-26T11:51:54,540][INFO ][o.e.p.PluginsService     ] [sbaMEj1] loaded module [lang-painless]
[2017-05-26T11:51:54,540][INFO ][o.e.p.PluginsService     ] [sbaMEj1] loaded module [percolator]
[2017-05-26T11:51:54,541][INFO ][o.e.p.PluginsService     ] [sbaMEj1] loaded module [reindex]
[2017-05-26T11:51:54,541][INFO ][o.e.p.PluginsService     ] [sbaMEj1] loaded module [transport-netty3]
[2017-05-26T11:51:54,541][INFO ][o.e.p.PluginsService     ] [sbaMEj1] loaded module [transport-netty4]
[2017-05-26T11:51:54,542][INFO ][o.e.p.PluginsService     ] [sbaMEj1] no plugins loaded
[2017-05-26T11:51:56,316][INFO ][o.e.n.Node               ] [sbaMEj1] initialized
[2017-05-26T11:51:56,316][INFO ][o.e.n.Node               ] [sbaMEj1] starting ...
[2017-05-26T11:51:56,450][INFO ][o.e.t.TransportService   ] [sbaMEj1] publish_address {127.0.0.1:9300}, bound_addresses {127.0.0.1:9300}, {[::1]:9300}
[2017-05-26T11:51:56,455][WARN ][o.e.b.BootstrapCheck     ] [sbaMEj1] max file descriptors [4096] for elasticsearch process likely too low, increase to at least [65536]
[2017-05-26T11:51:56,455][WARN ][o.e.b.BootstrapCheck     ] [sbaMEj1] max virtual memory areas vm.max_map_count [65530] likely too low, increase to at least [262144]
[2017-05-26T11:51:59,541][INFO ][o.e.c.s.ClusterService   ] [sbaMEj1] new_master {sbaMEj1}{sbaMEj1aRf2pNzm7tUcdrw}{2WN7uACKQGOfoSLPxhK6mw}{127.0.0.1}{127.0.0.1:9300}, reason: zen-disco-elected-as-master ([0] nodes joined)
[2017-05-26T11:51:59,569][INFO ][o.e.h.HttpServer         ] [sbaMEj1] publish_address {127.0.0.1:9200}, bound_addresses {127.0.0.1:9200}, {[::1]:9200}
[2017-05-26T11:51:59,569][INFO ][o.e.n.Node               ] [sbaMEj1] started
[2017-05-26T11:51:59,738][INFO ][o.e.g.GatewayService     ] [sbaMEj1] recovered [1] indices into cluster_state
[2017-05-26T11:52:00,040][INFO ][o.e.c.r.a.AllocationService] [sbaMEj1] Cluster health status changed from [RED] to [YELLOW] (reason: [shards started [[cdc][4]] ...]).
[2017-05-26T17:38:14,205][INFO ][o.e.n.Node               ] [sbaMEj1] stopping ...
[2017-05-26T17:38:14,243][INFO ][o.e.n.Node               ] [sbaMEj1] stopped
[2017-05-26T17:38:14,244][INFO ][o.e.n.Node               ] [sbaMEj1] closing ...
[2017-05-26T17:38:14,251][INFO ][o.e.n.Node               ] [sbaMEj1] closed
[2017-05-26T17:38:17,817][INFO ][o.e.n.Node               ] [] initializing ...
[2017-05-26T17:38:17,890][INFO ][o.e.e.NodeEnvironment    ] [sbaMEj1] using [1] data paths, mounts [[/ (/dev/sdc2)]], net usable_space [80.9gb], net total_space [105.5gb], spins? [no], types [ext4]
[2017-05-26T17:38:17,891][INFO ][o.e.e.NodeEnvironment    ] [sbaMEj1] heap size [1.9gb], compressed ordinary object pointers [true]
[2017-05-26T17:38:17,902][INFO ][o.e.n.Node               ] [sbaMEj1] node name [sbaMEj1] derived from node ID; set [node.name] to override
[2017-05-26T17:38:17,904][INFO ][o.e.n.Node               ] [sbaMEj1] version[5.0.0], pid[18375], build[253032b/2016-10-26T04:37:51.531Z], OS[Linux/4.10.13-1-ARCH/amd64], JVM[Oracle Corporation/OpenJDK 64-Bit Server VM/1.8.0_121/25.121-b13]
[2017-05-26T17:38:18,585][INFO ][o.e.p.PluginsService     ] [sbaMEj1] loaded module [aggs-matrix-stats]
[2017-05-26T17:38:18,585][INFO ][o.e.p.PluginsService     ] [sbaMEj1] loaded module [ingest-common]
[2017-05-26T17:38:18,586][INFO ][o.e.p.PluginsService     ] [sbaMEj1] loaded module [lang-expression]
[2017-05-26T17:38:18,586][INFO ][o.e.p.PluginsService     ] [sbaMEj1] loaded module [lang-groovy]
[2017-05-26T17:38:18,586][INFO ][o.e.p.PluginsService     ] [sbaMEj1] loaded module [lang-mustache]
[2017-05-26T17:38:18,586][INFO ][o.e.p.PluginsService     ] [sbaMEj1] loaded module [lang-painless]
[2017-05-26T17:38:18,587][INFO ][o.e.p.PluginsService     ] [sbaMEj1] loaded module [percolator]
[2017-05-26T17:38:18,587][INFO ][o.e.p.PluginsService     ] [sbaMEj1] loaded module [reindex]
[2017-05-26T17:38:18,587][INFO ][o.e.p.PluginsService     ] [sbaMEj1] loaded module [transport-netty3]
[2017-05-26T17:38:18,587][INFO ][o.e.p.PluginsService     ] [sbaMEj1] loaded module [transport-netty4]
[2017-05-26T17:38:18,588][INFO ][o.e.p.PluginsService     ] [sbaMEj1] no plugins loaded
[2017-05-26T17:38:20,274][INFO ][o.e.n.Node               ] [sbaMEj1] initialized
[2017-05-26T17:38:20,274][INFO ][o.e.n.Node               ] [sbaMEj1] starting ...
[2017-05-26T17:38:20,393][INFO ][o.e.t.TransportService   ] [sbaMEj1] publish_address {127.0.0.1:9300}, bound_addresses {127.0.0.1:9300}, {[::1]:9300}
[2017-05-26T17:38:20,398][WARN ][o.e.b.BootstrapCheck     ] [sbaMEj1] max file descriptors [4096] for elasticsearch process likely too low, increase to at least [65536]
[2017-05-26T17:38:20,399][WARN ][o.e.b.BootstrapCheck     ] [sbaMEj1] max virtual memory areas vm.max_map_count [65530] likely too low, increase to at least [262144]
[2017-05-26T17:38:23,479][INFO ][o.e.c.s.ClusterService   ] [sbaMEj1] new_master {sbaMEj1}{sbaMEj1aRf2pNzm7tUcdrw}{PLbWGqBNTLi2K9G2VOU7sQ}{127.0.0.1}{127.0.0.1:9300}, reason: zen-disco-elected-as-master ([0] nodes joined)
[2017-05-26T17:38:23,505][INFO ][o.e.h.HttpServer         ] [sbaMEj1] publish_address {127.0.0.1:9200}, bound_addresses {127.0.0.1:9200}, {[::1]:9200}
[2017-05-26T17:38:23,506][INFO ][o.e.n.Node               ] [sbaMEj1] started
[2017-05-26T17:38:23,718][INFO ][o.e.g.GatewayService     ] [sbaMEj1] recovered [1] indices into cluster_state
[2017-05-26T17:38:23,969][INFO ][o.e.c.r.a.AllocationService] [sbaMEj1] Cluster health status changed from [RED] to [YELLOW] (reason: [shards started [[cdc][1]] ...]).
[2017-05-26T17:40:38,420][INFO ][o.e.n.Node               ] [sbaMEj1] stopping ...
[2017-05-26T17:40:38,571][INFO ][o.e.n.Node               ] [sbaMEj1] stopped
[2017-05-26T17:40:38,572][INFO ][o.e.n.Node               ] [sbaMEj1] closing ...
[2017-05-26T17:40:38,578][INFO ][o.e.n.Node               ] [sbaMEj1] closed
[2017-05-26T17:40:42,282][INFO ][o.e.n.Node               ] [] initializing ...
[2017-05-26T17:40:42,353][INFO ][o.e.e.NodeEnvironment    ] [sbaMEj1] using [1] data paths, mounts [[/ (/dev/sdc2)]], net usable_space [80.9gb], net total_space [105.5gb], spins? [no], types [ext4]
[2017-05-26T17:40:42,354][INFO ][o.e.e.NodeEnvironment    ] [sbaMEj1] heap size [1.9gb], compressed ordinary object pointers [true]
[2017-05-26T17:40:42,366][INFO ][o.e.n.Node               ] [sbaMEj1] node name [sbaMEj1] derived from node ID; set [node.name] to override
[2017-05-26T17:40:42,368][INFO ][o.e.n.Node               ] [sbaMEj1] version[5.0.0], pid[18567], build[253032b/2016-10-26T04:37:51.531Z], OS[Linux/4.10.13-1-ARCH/amd64], JVM[Oracle Corporation/OpenJDK 64-Bit Server VM/1.8.0_121/25.121-b13]
[2017-05-26T17:40:43,022][INFO ][o.e.p.PluginsService     ] [sbaMEj1] loaded module [aggs-matrix-stats]
[2017-05-26T17:40:43,022][INFO ][o.e.p.PluginsService     ] [sbaMEj1] loaded module [ingest-common]
[2017-05-26T17:40:43,022][INFO ][o.e.p.PluginsService     ] [sbaMEj1] loaded module [lang-expression]
[2017-05-26T17:40:43,023][INFO ][o.e.p.PluginsService     ] [sbaMEj1] loaded module [lang-groovy]
[2017-05-26T17:40:43,023][INFO ][o.e.p.PluginsService     ] [sbaMEj1] loaded module [lang-mustache]
[2017-05-26T17:40:43,023][INFO ][o.e.p.PluginsService     ] [sbaMEj1] loaded module [lang-painless]
[2017-05-26T17:40:43,023][INFO ][o.e.p.PluginsService     ] [sbaMEj1] loaded module [percolator]
[2017-05-26T17:40:43,023][INFO ][o.e.p.PluginsService     ] [sbaMEj1] loaded module [reindex]
[2017-05-26T17:40:43,024][INFO ][o.e.p.PluginsService     ] [sbaMEj1] loaded module [transport-netty3]
[2017-05-26T17:40:43,024][INFO ][o.e.p.PluginsService     ] [sbaMEj1] loaded module [transport-netty4]
[2017-05-26T17:40:43,024][INFO ][o.e.p.PluginsService     ] [sbaMEj1] no plugins loaded
[2017-05-26T17:40:44,774][INFO ][o.e.n.Node               ] [sbaMEj1] initialized
[2017-05-26T17:40:44,774][INFO ][o.e.n.Node               ] [sbaMEj1] starting ...
[2017-05-26T17:40:44,892][INFO ][o.e.t.TransportService   ] [sbaMEj1] publish_address {127.0.0.1:9300}, bound_addresses {127.0.0.1:9300}, {[::1]:9300}
[2017-05-26T17:40:44,899][WARN ][o.e.b.BootstrapCheck     ] [sbaMEj1] max file descriptors [4096] for elasticsearch process likely too low, increase to at least [65536]
[2017-05-26T17:40:44,899][WARN ][o.e.b.BootstrapCheck     ] [sbaMEj1] max virtual memory areas vm.max_map_count [65530] likely too low, increase to at least [262144]
[2017-05-26T17:40:47,981][INFO ][o.e.c.s.ClusterService   ] [sbaMEj1] new_master {sbaMEj1}{sbaMEj1aRf2pNzm7tUcdrw}{5HevD6MHTgexGNhGn0Bu8Q}{127.0.0.1}{127.0.0.1:9300}, reason: zen-disco-elected-as-master ([0] nodes joined)
[2017-05-26T17:40:48,012][INFO ][o.e.h.HttpServer         ] [sbaMEj1] publish_address {127.0.0.1:9200}, bound_addresses {127.0.0.1:9200}, {[::1]:9200}
[2017-05-26T17:40:48,012][INFO ][o.e.n.Node               ] [sbaMEj1] started
[2017-05-26T17:40:48,206][INFO ][o.e.g.GatewayService     ] [sbaMEj1] recovered [1] indices into cluster_state
[2017-05-26T17:40:48,459][INFO ][o.e.c.r.a.AllocationService] [sbaMEj1] Cluster health status changed from [RED] to [YELLOW] (reason: [shards started [[cdc][4]] ...]).
[2017-05-26T17:58:37,523][INFO ][o.e.n.Node               ] [sbaMEj1] stopping ...
[2017-05-26T17:58:37,554][INFO ][o.e.n.Node               ] [sbaMEj1] stopped
[2017-05-26T17:58:37,555][INFO ][o.e.n.Node               ] [sbaMEj1] closing ...
[2017-05-26T17:58:37,563][INFO ][o.e.n.Node               ] [sbaMEj1] closed
[2017-05-26T17:58:55,459][INFO ][o.e.n.Node               ] [] initializing ...
[2017-05-26T17:58:55,537][INFO ][o.e.e.NodeEnvironment    ] [sbaMEj1] using [1] data paths, mounts [[/ (/dev/sdc2)]], net usable_space [80.9gb], net total_space [105.5gb], spins? [no], types [ext4]
[2017-05-26T17:58:55,538][INFO ][o.e.e.NodeEnvironment    ] [sbaMEj1] heap size [1.9gb], compressed ordinary object pointers [true]
[2017-05-26T17:58:55,549][INFO ][o.e.n.Node               ] [sbaMEj1] node name [sbaMEj1] derived from node ID; set [node.name] to override
[2017-05-26T17:58:55,552][INFO ][o.e.n.Node               ] [sbaMEj1] version[5.0.0], pid[19294], build[253032b/2016-10-26T04:37:51.531Z], OS[Linux/4.10.13-1-ARCH/amd64], JVM[Oracle Corporation/OpenJDK 64-Bit Server VM/1.8.0_121/25.121-b13]
[2017-05-26T17:58:56,316][INFO ][o.e.p.PluginsService     ] [sbaMEj1] loaded module [aggs-matrix-stats]
[2017-05-26T17:58:56,316][INFO ][o.e.p.PluginsService     ] [sbaMEj1] loaded module [ingest-common]
[2017-05-26T17:58:56,316][INFO ][o.e.p.PluginsService     ] [sbaMEj1] loaded module [lang-expression]
[2017-05-26T17:58:56,316][INFO ][o.e.p.PluginsService     ] [sbaMEj1] loaded module [lang-groovy]
[2017-05-26T17:58:56,317][INFO ][o.e.p.PluginsService     ] [sbaMEj1] loaded module [lang-mustache]
[2017-05-26T17:58:56,317][INFO ][o.e.p.PluginsService     ] [sbaMEj1] loaded module [lang-painless]
[2017-05-26T17:58:56,317][INFO ][o.e.p.PluginsService     ] [sbaMEj1] loaded module [percolator]
[2017-05-26T17:58:56,317][INFO ][o.e.p.PluginsService     ] [sbaMEj1] loaded module [reindex]
[2017-05-26T17:58:56,317][INFO ][o.e.p.PluginsService     ] [sbaMEj1] loaded module [transport-netty3]
[2017-05-26T17:58:56,318][INFO ][o.e.p.PluginsService     ] [sbaMEj1] loaded module [transport-netty4]
[2017-05-26T17:58:56,318][INFO ][o.e.p.PluginsService     ] [sbaMEj1] no plugins loaded
[2017-05-26T17:58:58,085][INFO ][o.e.n.Node               ] [sbaMEj1] initialized
[2017-05-26T17:58:58,085][INFO ][o.e.n.Node               ] [sbaMEj1] starting ...
[2017-05-26T17:58:58,220][INFO ][o.e.t.TransportService   ] [sbaMEj1] publish_address {127.0.0.1:9300}, bound_addresses {127.0.0.1:9300}, {[::1]:9300}
[2017-05-26T17:58:58,225][WARN ][o.e.b.BootstrapCheck     ] [sbaMEj1] max file descriptors [4096] for elasticsearch process likely too low, increase to at least [65536]
[2017-05-26T17:58:58,225][WARN ][o.e.b.BootstrapCheck     ] [sbaMEj1] max virtual memory areas vm.max_map_count [65530] likely too low, increase to at least [262144]
[2017-05-26T17:59:01,315][INFO ][o.e.c.s.ClusterService   ] [sbaMEj1] new_master {sbaMEj1}{sbaMEj1aRf2pNzm7tUcdrw}{ZdlYBVKYSCuILNZdlgXd0g}{127.0.0.1}{127.0.0.1:9300}, reason: zen-disco-elected-as-master ([0] nodes joined)
[2017-05-26T17:59:01,333][INFO ][o.e.h.HttpServer         ] [sbaMEj1] publish_address {127.0.0.1:9200}, bound_addresses {127.0.0.1:9200}, {[::1]:9200}
[2017-05-26T17:59:01,334][INFO ][o.e.n.Node               ] [sbaMEj1] started
[2017-05-26T17:59:01,526][INFO ][o.e.g.GatewayService     ] [sbaMEj1] recovered [1] indices into cluster_state
[2017-05-26T17:59:01,790][INFO ][o.e.c.r.a.AllocationService] [sbaMEj1] Cluster health status changed from [RED] to [YELLOW] (reason: [shards started [[cdc][2]] ...]).
[2017-05-26T18:01:54,569][INFO ][o.e.n.Node               ] [sbaMEj1] stopping ...
[2017-05-26T18:01:54,629][INFO ][o.e.n.Node               ] [sbaMEj1] stopped
[2017-05-26T18:01:54,629][INFO ][o.e.n.Node               ] [sbaMEj1] closing ...
[2017-05-26T18:01:54,637][INFO ][o.e.n.Node               ] [sbaMEj1] closed
[2017-05-26T18:02:08,898][INFO ][o.e.n.Node               ] [] initializing ...
[2017-05-26T18:02:08,995][INFO ][o.e.e.NodeEnvironment    ] [sbaMEj1] using [1] data paths, mounts [[/ (/dev/sdc2)]], net usable_space [80.9gb], net total_space [105.5gb], spins? [no], types [ext4]
[2017-05-26T18:02:08,996][INFO ][o.e.e.NodeEnvironment    ] [sbaMEj1] heap size [1.9gb], compressed ordinary object pointers [true]
[2017-05-26T18:02:09,023][INFO ][o.e.n.Node               ] [sbaMEj1] node name [sbaMEj1] derived from node ID; set [node.name] to override
[2017-05-26T18:02:09,029][INFO ][o.e.n.Node               ] [sbaMEj1] version[5.0.0], pid[19618], build[253032b/2016-10-26T04:37:51.531Z], OS[Linux/4.10.13-1-ARCH/amd64], JVM[Oracle Corporation/OpenJDK 64-Bit Server VM/1.8.0_121/25.121-b13]
[2017-05-26T18:02:09,723][INFO ][o.e.p.PluginsService     ] [sbaMEj1] loaded module [aggs-matrix-stats]
[2017-05-26T18:02:09,723][INFO ][o.e.p.PluginsService     ] [sbaMEj1] loaded module [ingest-common]
[2017-05-26T18:02:09,724][INFO ][o.e.p.PluginsService     ] [sbaMEj1] loaded module [lang-expression]
[2017-05-26T18:02:09,724][INFO ][o.e.p.PluginsService     ] [sbaMEj1] loaded module [lang-groovy]
[2017-05-26T18:02:09,724][INFO ][o.e.p.PluginsService     ] [sbaMEj1] loaded module [lang-mustache]
[2017-05-26T18:02:09,724][INFO ][o.e.p.PluginsService     ] [sbaMEj1] loaded module [lang-painless]
[2017-05-26T18:02:09,724][INFO ][o.e.p.PluginsService     ] [sbaMEj1] loaded module [percolator]
[2017-05-26T18:02:09,725][INFO ][o.e.p.PluginsService     ] [sbaMEj1] loaded module [reindex]
[2017-05-26T18:02:09,725][INFO ][o.e.p.PluginsService     ] [sbaMEj1] loaded module [transport-netty3]
[2017-05-26T18:02:09,725][INFO ][o.e.p.PluginsService     ] [sbaMEj1] loaded module [transport-netty4]
[2017-05-26T18:02:09,726][INFO ][o.e.p.PluginsService     ] [sbaMEj1] no plugins loaded
[2017-05-26T18:02:11,603][INFO ][o.e.n.Node               ] [sbaMEj1] initialized
[2017-05-26T18:02:11,604][INFO ][o.e.n.Node               ] [sbaMEj1] starting ...
[2017-05-26T18:02:11,772][INFO ][o.e.t.TransportService   ] [sbaMEj1] publish_address {127.0.0.1:9300}, bound_addresses {127.0.0.1:9300}, {[::1]:9300}
[2017-05-26T18:02:11,779][WARN ][o.e.b.BootstrapCheck     ] [sbaMEj1] max file descriptors [4096] for elasticsearch process likely too low, increase to at least [65536]
[2017-05-26T18:02:11,780][WARN ][o.e.b.BootstrapCheck     ] [sbaMEj1] max virtual memory areas vm.max_map_count [65530] likely too low, increase to at least [262144]
[2017-05-26T18:02:14,895][INFO ][o.e.c.s.ClusterService   ] [sbaMEj1] new_master {sbaMEj1}{sbaMEj1aRf2pNzm7tUcdrw}{76BDKbRRSRCySt3JTuY_3A}{127.0.0.1}{127.0.0.1:9300}, reason: zen-disco-elected-as-master ([0] nodes joined)
[2017-05-26T18:02:14,926][INFO ][o.e.h.HttpServer         ] [sbaMEj1] publish_address {127.0.0.1:9200}, bound_addresses {127.0.0.1:9200}, {[::1]:9200}
[2017-05-26T18:02:14,927][INFO ][o.e.n.Node               ] [sbaMEj1] started
[2017-05-26T18:02:15,155][INFO ][o.e.g.GatewayService     ] [sbaMEj1] recovered [1] indices into cluster_state
[2017-05-26T18:02:15,445][INFO ][o.e.c.r.a.AllocationService] [sbaMEj1] Cluster health status changed from [RED] to [YELLOW] (reason: [shards started [[cdc][2]] ...]).
[2017-05-26T18:02:26,889][INFO ][o.e.n.Node               ] [sbaMEj1] stopping ...
[2017-05-26T18:02:26,952][INFO ][o.e.n.Node               ] [sbaMEj1] stopped
[2017-05-26T18:02:26,953][INFO ][o.e.n.Node               ] [sbaMEj1] closing ...
[2017-05-26T18:02:26,971][INFO ][o.e.n.Node               ] [sbaMEj1] closed
[2017-05-26T18:02:41,661][INFO ][o.e.n.Node               ] [] initializing ...
[2017-05-26T18:02:41,732][INFO ][o.e.e.NodeEnvironment    ] [sbaMEj1] using [1] data paths, mounts [[/ (/dev/sdc2)]], net usable_space [80.9gb], net total_space [105.5gb], spins? [no], types [ext4]
[2017-05-26T18:02:41,733][INFO ][o.e.e.NodeEnvironment    ] [sbaMEj1] heap size [1.9gb], compressed ordinary object pointers [true]
[2017-05-26T18:02:41,745][INFO ][o.e.n.Node               ] [sbaMEj1] node name [sbaMEj1] derived from node ID; set [node.name] to override
[2017-05-26T18:02:41,748][INFO ][o.e.n.Node               ] [sbaMEj1] version[5.0.0], pid[19773], build[253032b/2016-10-26T04:37:51.531Z], OS[Linux/4.10.13-1-ARCH/amd64], JVM[Oracle Corporation/OpenJDK 64-Bit Server VM/1.8.0_121/25.121-b13]
[2017-05-26T18:02:42,427][INFO ][o.e.p.PluginsService     ] [sbaMEj1] loaded module [aggs-matrix-stats]
[2017-05-26T18:02:42,427][INFO ][o.e.p.PluginsService     ] [sbaMEj1] loaded module [ingest-common]
[2017-05-26T18:02:42,427][INFO ][o.e.p.PluginsService     ] [sbaMEj1] loaded module [lang-expression]
[2017-05-26T18:02:42,428][INFO ][o.e.p.PluginsService     ] [sbaMEj1] loaded module [lang-groovy]
[2017-05-26T18:02:42,428][INFO ][o.e.p.PluginsService     ] [sbaMEj1] loaded module [lang-mustache]
[2017-05-26T18:02:42,428][INFO ][o.e.p.PluginsService     ] [sbaMEj1] loaded module [lang-painless]
[2017-05-26T18:02:42,428][INFO ][o.e.p.PluginsService     ] [sbaMEj1] loaded module [percolator]
[2017-05-26T18:02:42,428][INFO ][o.e.p.PluginsService     ] [sbaMEj1] loaded module [reindex]
[2017-05-26T18:02:42,429][INFO ][o.e.p.PluginsService     ] [sbaMEj1] loaded module [transport-netty3]
[2017-05-26T18:02:42,429][INFO ][o.e.p.PluginsService     ] [sbaMEj1] loaded module [transport-netty4]
[2017-05-26T18:02:42,429][INFO ][o.e.p.PluginsService     ] [sbaMEj1] no plugins loaded
[2017-05-26T18:02:44,157][INFO ][o.e.n.Node               ] [sbaMEj1] initialized
[2017-05-26T18:02:44,157][INFO ][o.e.n.Node               ] [sbaMEj1] starting ...
[2017-05-26T18:02:44,282][INFO ][o.e.t.TransportService   ] [sbaMEj1] publish_address {127.0.0.1:9300}, bound_addresses {127.0.0.1:9300}, {[::1]:9300}
[2017-05-26T18:02:44,287][WARN ][o.e.b.BootstrapCheck     ] [sbaMEj1] max file descriptors [4096] for elasticsearch process likely too low, increase to at least [65536]
[2017-05-26T18:02:44,287][WARN ][o.e.b.BootstrapCheck     ] [sbaMEj1] max virtual memory areas vm.max_map_count [65530] likely too low, increase to at least [262144]
[2017-05-26T18:02:47,374][INFO ][o.e.c.s.ClusterService   ] [sbaMEj1] new_master {sbaMEj1}{sbaMEj1aRf2pNzm7tUcdrw}{SPpeiyrxR3yGIKWhT_Tb_Q}{127.0.0.1}{127.0.0.1:9300}, reason: zen-disco-elected-as-master ([0] nodes joined)
[2017-05-26T18:02:47,402][INFO ][o.e.h.HttpServer         ] [sbaMEj1] publish_address {127.0.0.1:9200}, bound_addresses {127.0.0.1:9200}, {[::1]:9200}
[2017-05-26T18:02:47,403][INFO ][o.e.n.Node               ] [sbaMEj1] started
[2017-05-26T18:02:47,581][INFO ][o.e.g.GatewayService     ] [sbaMEj1] recovered [1] indices into cluster_state
[2017-05-26T18:02:47,832][INFO ][o.e.c.r.a.AllocationService] [sbaMEj1] Cluster health status changed from [RED] to [YELLOW] (reason: [shards started [[cdc][4]] ...]).
[2017-05-26T18:12:36,571][INFO ][o.e.n.Node               ] [sbaMEj1] stopping ...
[2017-05-26T18:12:36,616][INFO ][o.e.n.Node               ] [sbaMEj1] stopped
[2017-05-26T18:12:36,616][INFO ][o.e.n.Node               ] [sbaMEj1] closing ...
[2017-05-26T18:12:36,624][INFO ][o.e.n.Node               ] [sbaMEj1] closed
[2017-05-26T18:12:39,253][INFO ][o.e.n.Node               ] [] initializing ...
[2017-05-26T18:12:39,328][INFO ][o.e.e.NodeEnvironment    ] [sbaMEj1] using [1] data paths, mounts [[/ (/dev/sdc2)]], net usable_space [80.9gb], net total_space [105.5gb], spins? [no], types [ext4]
[2017-05-26T18:12:39,329][INFO ][o.e.e.NodeEnvironment    ] [sbaMEj1] heap size [1.9gb], compressed ordinary object pointers [true]
[2017-05-26T18:12:39,339][INFO ][o.e.n.Node               ] [sbaMEj1] node name [sbaMEj1] derived from node ID; set [node.name] to override
[2017-05-26T18:12:39,342][INFO ][o.e.n.Node               ] [sbaMEj1] version[5.0.0], pid[20359], build[253032b/2016-10-26T04:37:51.531Z], OS[Linux/4.10.13-1-ARCH/amd64], JVM[Oracle Corporation/OpenJDK 64-Bit Server VM/1.8.0_121/25.121-b13]
[2017-05-26T18:12:40,084][INFO ][o.e.p.PluginsService     ] [sbaMEj1] loaded module [aggs-matrix-stats]
[2017-05-26T18:12:40,084][INFO ][o.e.p.PluginsService     ] [sbaMEj1] loaded module [ingest-common]
[2017-05-26T18:12:40,084][INFO ][o.e.p.PluginsService     ] [sbaMEj1] loaded module [lang-expression]
[2017-05-26T18:12:40,085][INFO ][o.e.p.PluginsService     ] [sbaMEj1] loaded module [lang-groovy]
[2017-05-26T18:12:40,085][INFO ][o.e.p.PluginsService     ] [sbaMEj1] loaded module [lang-mustache]
[2017-05-26T18:12:40,085][INFO ][o.e.p.PluginsService     ] [sbaMEj1] loaded module [lang-painless]
[2017-05-26T18:12:40,085][INFO ][o.e.p.PluginsService     ] [sbaMEj1] loaded module [percolator]
[2017-05-26T18:12:40,086][INFO ][o.e.p.PluginsService     ] [sbaMEj1] loaded module [reindex]
[2017-05-26T18:12:40,086][INFO ][o.e.p.PluginsService     ] [sbaMEj1] loaded module [transport-netty3]
[2017-05-26T18:12:40,086][INFO ][o.e.p.PluginsService     ] [sbaMEj1] loaded module [transport-netty4]
[2017-05-26T18:12:40,086][INFO ][o.e.p.PluginsService     ] [sbaMEj1] no plugins loaded
[2017-05-26T18:12:41,765][INFO ][o.e.n.Node               ] [sbaMEj1] initialized
[2017-05-26T18:12:41,766][INFO ][o.e.n.Node               ] [sbaMEj1] starting ...
[2017-05-26T18:12:41,891][INFO ][o.e.t.TransportService   ] [sbaMEj1] publish_address {127.0.0.1:9300}, bound_addresses {127.0.0.1:9300}, {[::1]:9300}
[2017-05-26T18:12:41,896][WARN ][o.e.b.BootstrapCheck     ] [sbaMEj1] max file descriptors [4096] for elasticsearch process likely too low, increase to at least [65536]
[2017-05-26T18:12:41,896][WARN ][o.e.b.BootstrapCheck     ] [sbaMEj1] max virtual memory areas vm.max_map_count [65530] likely too low, increase to at least [262144]
[2017-05-26T18:12:44,978][INFO ][o.e.c.s.ClusterService   ] [sbaMEj1] new_master {sbaMEj1}{sbaMEj1aRf2pNzm7tUcdrw}{fsU5OSJWSjOuYntEutOX4Q}{127.0.0.1}{127.0.0.1:9300}, reason: zen-disco-elected-as-master ([0] nodes joined)
[2017-05-26T18:12:45,046][INFO ][o.e.h.HttpServer         ] [sbaMEj1] publish_address {127.0.0.1:9200}, bound_addresses {127.0.0.1:9200}, {[::1]:9200}
[2017-05-26T18:12:45,046][INFO ][o.e.n.Node               ] [sbaMEj1] started
[2017-05-26T18:12:45,270][INFO ][o.e.g.GatewayService     ] [sbaMEj1] recovered [1] indices into cluster_state
[2017-05-26T18:12:45,538][INFO ][o.e.c.r.a.AllocationService] [sbaMEj1] Cluster health status changed from [RED] to [YELLOW] (reason: [shards started [[cdc][4]] ...]).
[2017-05-26T18:15:27,290][INFO ][o.e.n.Node               ] [sbaMEj1] stopping ...
[2017-05-26T18:15:27,348][INFO ][o.e.n.Node               ] [sbaMEj1] stopped
[2017-05-26T18:15:27,348][INFO ][o.e.n.Node               ] [sbaMEj1] closing ...
[2017-05-26T18:15:27,355][INFO ][o.e.n.Node               ] [sbaMEj1] closed
[2017-05-26T18:15:29,571][INFO ][o.e.n.Node               ] [] initializing ...
[2017-05-26T18:15:29,645][INFO ][o.e.e.NodeEnvironment    ] [sbaMEj1] using [1] data paths, mounts [[/ (/dev/sdc2)]], net usable_space [80.9gb], net total_space [105.5gb], spins? [no], types [ext4]
[2017-05-26T18:15:29,645][INFO ][o.e.e.NodeEnvironment    ] [sbaMEj1] heap size [1.9gb], compressed ordinary object pointers [true]
[2017-05-26T18:15:29,658][INFO ][o.e.n.Node               ] [sbaMEj1] node name [sbaMEj1] derived from node ID; set [node.name] to override
[2017-05-26T18:15:29,660][INFO ][o.e.n.Node               ] [sbaMEj1] version[5.0.0], pid[20590], build[253032b/2016-10-26T04:37:51.531Z], OS[Linux/4.10.13-1-ARCH/amd64], JVM[Oracle Corporation/OpenJDK 64-Bit Server VM/1.8.0_121/25.121-b13]
[2017-05-26T18:15:30,346][INFO ][o.e.p.PluginsService     ] [sbaMEj1] loaded module [aggs-matrix-stats]
[2017-05-26T18:15:30,346][INFO ][o.e.p.PluginsService     ] [sbaMEj1] loaded module [ingest-common]
[2017-05-26T18:15:30,346][INFO ][o.e.p.PluginsService     ] [sbaMEj1] loaded module [lang-expression]
[2017-05-26T18:15:30,346][INFO ][o.e.p.PluginsService     ] [sbaMEj1] loaded module [lang-groovy]
[2017-05-26T18:15:30,347][INFO ][o.e.p.PluginsService     ] [sbaMEj1] loaded module [lang-mustache]
[2017-05-26T18:15:30,347][INFO ][o.e.p.PluginsService     ] [sbaMEj1] loaded module [lang-painless]
[2017-05-26T18:15:30,347][INFO ][o.e.p.PluginsService     ] [sbaMEj1] loaded module [percolator]
[2017-05-26T18:15:30,347][INFO ][o.e.p.PluginsService     ] [sbaMEj1] loaded module [reindex]
[2017-05-26T18:15:30,347][INFO ][o.e.p.PluginsService     ] [sbaMEj1] loaded module [transport-netty3]
[2017-05-26T18:15:30,348][INFO ][o.e.p.PluginsService     ] [sbaMEj1] loaded module [transport-netty4]
[2017-05-26T18:15:30,348][INFO ][o.e.p.PluginsService     ] [sbaMEj1] no plugins loaded
[2017-05-26T18:15:32,074][INFO ][o.e.n.Node               ] [sbaMEj1] initialized
[2017-05-26T18:15:32,074][INFO ][o.e.n.Node               ] [sbaMEj1] starting ...
[2017-05-26T18:15:32,198][INFO ][o.e.t.TransportService   ] [sbaMEj1] publish_address {127.0.0.1:9300}, bound_addresses {127.0.0.1:9300}, {[::1]:9300}
[2017-05-26T18:15:32,203][WARN ][o.e.b.BootstrapCheck     ] [sbaMEj1] max file descriptors [4096] for elasticsearch process likely too low, increase to at least [65536]
[2017-05-26T18:15:32,203][WARN ][o.e.b.BootstrapCheck     ] [sbaMEj1] max virtual memory areas vm.max_map_count [65530] likely too low, increase to at least [262144]
[2017-05-26T18:15:35,264][INFO ][o.e.c.s.ClusterService   ] [sbaMEj1] new_master {sbaMEj1}{sbaMEj1aRf2pNzm7tUcdrw}{5EVvcc3XSwS_pD1VfLPhEQ}{127.0.0.1}{127.0.0.1:9300}, reason: zen-disco-elected-as-master ([0] nodes joined)
[2017-05-26T18:15:35,288][INFO ][o.e.h.HttpServer         ] [sbaMEj1] publish_address {127.0.0.1:9200}, bound_addresses {127.0.0.1:9200}, {[::1]:9200}
[2017-05-26T18:15:35,288][INFO ][o.e.n.Node               ] [sbaMEj1] started
[2017-05-26T18:15:35,482][INFO ][o.e.g.GatewayService     ] [sbaMEj1] recovered [1] indices into cluster_state
[2017-05-26T18:15:35,826][INFO ][o.e.c.r.a.AllocationService] [sbaMEj1] Cluster health status changed from [RED] to [YELLOW] (reason: [shards started [[cdc][0]] ...]).
[2017-05-26T18:16:16,066][INFO ][o.e.n.Node               ] [sbaMEj1] stopping ...
[2017-05-26T18:16:16,126][INFO ][o.e.n.Node               ] [sbaMEj1] stopped
[2017-05-26T18:16:16,127][INFO ][o.e.n.Node               ] [sbaMEj1] closing ...
[2017-05-26T18:16:16,145][INFO ][o.e.n.Node               ] [sbaMEj1] closed
[2017-05-26T18:16:18,324][INFO ][o.e.n.Node               ] [] initializing ...
[2017-05-26T18:16:18,398][INFO ][o.e.e.NodeEnvironment    ] [sbaMEj1] using [1] data paths, mounts [[/ (/dev/sdc2)]], net usable_space [80.9gb], net total_space [105.5gb], spins? [no], types [ext4]
[2017-05-26T18:16:18,398][INFO ][o.e.e.NodeEnvironment    ] [sbaMEj1] heap size [1.9gb], compressed ordinary object pointers [true]
[2017-05-26T18:16:18,411][INFO ][o.e.n.Node               ] [sbaMEj1] node name [sbaMEj1] derived from node ID; set [node.name] to override
[2017-05-26T18:16:18,413][INFO ][o.e.n.Node               ] [sbaMEj1] version[5.0.0], pid[20801], build[253032b/2016-10-26T04:37:51.531Z], OS[Linux/4.10.13-1-ARCH/amd64], JVM[Oracle Corporation/OpenJDK 64-Bit Server VM/1.8.0_121/25.121-b13]
[2017-05-26T18:16:19,080][INFO ][o.e.p.PluginsService     ] [sbaMEj1] loaded module [aggs-matrix-stats]
[2017-05-26T18:16:19,080][INFO ][o.e.p.PluginsService     ] [sbaMEj1] loaded module [ingest-common]
[2017-05-26T18:16:19,080][INFO ][o.e.p.PluginsService     ] [sbaMEj1] loaded module [lang-expression]
[2017-05-26T18:16:19,081][INFO ][o.e.p.PluginsService     ] [sbaMEj1] loaded module [lang-groovy]
[2017-05-26T18:16:19,081][INFO ][o.e.p.PluginsService     ] [sbaMEj1] loaded module [lang-mustache]
[2017-05-26T18:16:19,081][INFO ][o.e.p.PluginsService     ] [sbaMEj1] loaded module [lang-painless]
[2017-05-26T18:16:19,081][INFO ][o.e.p.PluginsService     ] [sbaMEj1] loaded module [percolator]
[2017-05-26T18:16:19,082][INFO ][o.e.p.PluginsService     ] [sbaMEj1] loaded module [reindex]
[2017-05-26T18:16:19,082][INFO ][o.e.p.PluginsService     ] [sbaMEj1] loaded module [transport-netty3]
[2017-05-26T18:16:19,082][INFO ][o.e.p.PluginsService     ] [sbaMEj1] loaded module [transport-netty4]
[2017-05-26T18:16:19,083][INFO ][o.e.p.PluginsService     ] [sbaMEj1] no plugins loaded
[2017-05-26T18:16:20,847][INFO ][o.e.n.Node               ] [sbaMEj1] initialized
[2017-05-26T18:16:20,847][INFO ][o.e.n.Node               ] [sbaMEj1] starting ...
[2017-05-26T18:16:20,962][INFO ][o.e.t.TransportService   ] [sbaMEj1] publish_address {127.0.0.1:9300}, bound_addresses {127.0.0.1:9300}, {[::1]:9300}
[2017-05-26T18:16:20,968][WARN ][o.e.b.BootstrapCheck     ] [sbaMEj1] max file descriptors [4096] for elasticsearch process likely too low, increase to at least [65536]
[2017-05-26T18:16:20,968][WARN ][o.e.b.BootstrapCheck     ] [sbaMEj1] max virtual memory areas vm.max_map_count [65530] likely too low, increase to at least [262144]
[2017-05-26T18:16:24,044][INFO ][o.e.c.s.ClusterService   ] [sbaMEj1] new_master {sbaMEj1}{sbaMEj1aRf2pNzm7tUcdrw}{oIFpeqbiQqOaATpjjqPJmg}{127.0.0.1}{127.0.0.1:9300}, reason: zen-disco-elected-as-master ([0] nodes joined)
[2017-05-26T18:16:24,077][INFO ][o.e.h.HttpServer         ] [sbaMEj1] publish_address {127.0.0.1:9200}, bound_addresses {127.0.0.1:9200}, {[::1]:9200}
[2017-05-26T18:16:24,078][INFO ][o.e.n.Node               ] [sbaMEj1] started
[2017-05-26T18:16:24,293][INFO ][o.e.g.GatewayService     ] [sbaMEj1] recovered [1] indices into cluster_state
[2017-05-26T18:16:24,556][INFO ][o.e.c.r.a.AllocationService] [sbaMEj1] Cluster health status changed from [RED] to [YELLOW] (reason: [shards started [[cdc][1]] ...]).
[2017-05-26T18:17:32,409][INFO ][o.e.n.Node               ] [sbaMEj1] stopping ...
[2017-05-26T18:17:32,457][INFO ][o.e.n.Node               ] [sbaMEj1] stopped
[2017-05-26T18:17:32,458][INFO ][o.e.n.Node               ] [sbaMEj1] closing ...
[2017-05-26T18:17:32,464][INFO ][o.e.n.Node               ] [sbaMEj1] closed
[2017-05-26T18:17:35,686][INFO ][o.e.n.Node               ] [] initializing ...
[2017-05-26T18:17:35,750][INFO ][o.e.e.NodeEnvironment    ] [sbaMEj1] using [1] data paths, mounts [[/ (/dev/sdc2)]], net usable_space [80.9gb], net total_space [105.5gb], spins? [no], types [ext4]
[2017-05-26T18:17:35,751][INFO ][o.e.e.NodeEnvironment    ] [sbaMEj1] heap size [1.9gb], compressed ordinary object pointers [true]
[2017-05-26T18:17:35,763][INFO ][o.e.n.Node               ] [sbaMEj1] node name [sbaMEj1] derived from node ID; set [node.name] to override
[2017-05-26T18:17:35,766][INFO ][o.e.n.Node               ] [sbaMEj1] version[5.0.0], pid[21004], build[253032b/2016-10-26T04:37:51.531Z], OS[Linux/4.10.13-1-ARCH/amd64], JVM[Oracle Corporation/OpenJDK 64-Bit Server VM/1.8.0_121/25.121-b13]
[2017-05-26T18:17:36,470][INFO ][o.e.p.PluginsService     ] [sbaMEj1] loaded module [aggs-matrix-stats]
[2017-05-26T18:17:36,470][INFO ][o.e.p.PluginsService     ] [sbaMEj1] loaded module [ingest-common]
[2017-05-26T18:17:36,471][INFO ][o.e.p.PluginsService     ] [sbaMEj1] loaded module [lang-expression]
[2017-05-26T18:17:36,471][INFO ][o.e.p.PluginsService     ] [sbaMEj1] loaded module [lang-groovy]
[2017-05-26T18:17:36,471][INFO ][o.e.p.PluginsService     ] [sbaMEj1] loaded module [lang-mustache]
[2017-05-26T18:17:36,471][INFO ][o.e.p.PluginsService     ] [sbaMEj1] loaded module [lang-painless]
[2017-05-26T18:17:36,471][INFO ][o.e.p.PluginsService     ] [sbaMEj1] loaded module [percolator]
[2017-05-26T18:17:36,472][INFO ][o.e.p.PluginsService     ] [sbaMEj1] loaded module [reindex]
[2017-05-26T18:17:36,472][INFO ][o.e.p.PluginsService     ] [sbaMEj1] loaded module [transport-netty3]
[2017-05-26T18:17:36,472][INFO ][o.e.p.PluginsService     ] [sbaMEj1] loaded module [transport-netty4]
[2017-05-26T18:17:36,473][INFO ][o.e.p.PluginsService     ] [sbaMEj1] no plugins loaded
[2017-05-26T18:17:38,207][INFO ][o.e.n.Node               ] [sbaMEj1] initialized
[2017-05-26T18:17:38,207][INFO ][o.e.n.Node               ] [sbaMEj1] starting ...
[2017-05-26T18:17:38,330][INFO ][o.e.t.TransportService   ] [sbaMEj1] publish_address {127.0.0.1:9300}, bound_addresses {127.0.0.1:9300}, {[::1]:9300}
[2017-05-26T18:17:38,335][WARN ][o.e.b.BootstrapCheck     ] [sbaMEj1] max file descriptors [4096] for elasticsearch process likely too low, increase to at least [65536]
[2017-05-26T18:17:38,336][WARN ][o.e.b.BootstrapCheck     ] [sbaMEj1] max virtual memory areas vm.max_map_count [65530] likely too low, increase to at least [262144]
[2017-05-26T18:17:41,431][INFO ][o.e.c.s.ClusterService   ] [sbaMEj1] new_master {sbaMEj1}{sbaMEj1aRf2pNzm7tUcdrw}{9CYY71y3TQOi6fD7YpJOSQ}{127.0.0.1}{127.0.0.1:9300}, reason: zen-disco-elected-as-master ([0] nodes joined)
[2017-05-26T18:17:41,457][INFO ][o.e.h.HttpServer         ] [sbaMEj1] publish_address {127.0.0.1:9200}, bound_addresses {127.0.0.1:9200}, {[::1]:9200}
[2017-05-26T18:17:41,457][INFO ][o.e.n.Node               ] [sbaMEj1] started
[2017-05-26T18:17:41,675][INFO ][o.e.g.GatewayService     ] [sbaMEj1] recovered [1] indices into cluster_state
[2017-05-26T18:17:41,828][WARN ][o.e.i.c.IndicesClusterStateService] [sbaMEj1] [[cdc][0]] marking and sending shard failed due to [failed recovery]
org.elasticsearch.indices.recovery.RecoveryFailedException: [cdc][0]: Recovery failed from null into {sbaMEj1}{sbaMEj1aRf2pNzm7tUcdrw}{9CYY71y3TQOi6fD7YpJOSQ}{127.0.0.1}{127.0.0.1:9300}
	at org.elasticsearch.index.shard.IndexShard.lambda$startRecovery$1(IndexShard.java:1485) ~[elasticsearch-5.0.0.jar:5.0.0]
	at org.elasticsearch.common.util.concurrent.ThreadContext$ContextPreservingRunnable.run(ThreadContext.java:444) [elasticsearch-5.0.0.jar:5.0.0]
	at java.util.concurrent.ThreadPoolExecutor.runWorker(ThreadPoolExecutor.java:1142) [?:1.8.0_121]
	at java.util.concurrent.ThreadPoolExecutor$Worker.run(ThreadPoolExecutor.java:617) [?:1.8.0_121]
	at java.lang.Thread.run(Thread.java:745) [?:1.8.0_121]
Caused by: org.elasticsearch.index.shard.IndexShardRecoveryException: failed recovery
	at org.elasticsearch.index.shard.StoreRecovery.executeRecovery(StoreRecovery.java:300) ~[elasticsearch-5.0.0.jar:5.0.0]
	at org.elasticsearch.index.shard.StoreRecovery.recoverFromStore(StoreRecovery.java:88) ~[elasticsearch-5.0.0.jar:5.0.0]
	at org.elasticsearch.index.shard.IndexShard.recoverFromStore(IndexShard.java:1233) ~[elasticsearch-5.0.0.jar:5.0.0]
	at org.elasticsearch.index.shard.IndexShard.lambda$startRecovery$1(IndexShard.java:1481) ~[elasticsearch-5.0.0.jar:5.0.0]
	... 4 more
Caused by: java.lang.NullPointerException
	at org.apache.lucene.index.BufferedUpdates.<init>(BufferedUpdates.java:167) ~[lucene-core-6.2.0.jar:6.2.0 764d0f19151dbff6f5fcd9fc4b2682cf934590c5 - mike - 2016-08-20 05:39:36]
	at org.apache.lucene.index.DocumentsWriterDeleteQueue.<init>(DocumentsWriterDeleteQueue.java:101) ~[lucene-core-6.2.0.jar:6.2.0 764d0f19151dbff6f5fcd9fc4b2682cf934590c5 - mike - 2016-08-20 05:39:36]
	at org.apache.lucene.index.DocumentsWriterDeleteQueue.<init>(DocumentsWriterDeleteQueue.java:97) ~[lucene-core-6.2.0.jar:6.2.0 764d0f19151dbff6f5fcd9fc4b2682cf934590c5 - mike - 2016-08-20 05:39:36]
	at org.apache.lucene.index.DocumentsWriter.<init>(DocumentsWriter.java:110) ~[lucene-core-6.2.0.jar:6.2.0 764d0f19151dbff6f5fcd9fc4b2682cf934590c5 - mike - 2016-08-20 05:39:36]
	at org.apache.lucene.index.IndexWriter.<init>(IndexWriter.java:960) ~[lucene-core-6.2.0.jar:6.2.0 764d0f19151dbff6f5fcd9fc4b2682cf934590c5 - mike - 2016-08-20 05:39:36]
	at org.elasticsearch.index.engine.InternalEngine.createWriter(InternalEngine.java:1102) ~[elasticsearch-5.0.0.jar:5.0.0]
	at org.elasticsearch.index.engine.InternalEngine.<init>(InternalEngine.java:146) ~[elasticsearch-5.0.0.jar:5.0.0]
	at org.elasticsearch.index.engine.InternalEngineFactory.newReadWriteEngine(InternalEngineFactory.java:25) ~[elasticsearch-5.0.0.jar:5.0.0]
	at org.elasticsearch.index.shard.IndexShard.newEngine(IndexShard.java:1599) ~[elasticsearch-5.0.0.jar:5.0.0]
	at org.elasticsearch.index.shard.IndexShard.createNewEngine(IndexShard.java:1581) ~[elasticsearch-5.0.0.jar:5.0.0]
	at org.elasticsearch.index.shard.IndexShard.internalPerformTranslogRecovery(IndexShard.java:1017) ~[elasticsearch-5.0.0.jar:5.0.0]
	at org.elasticsearch.index.shard.IndexShard.performTranslogRecovery(IndexShard.java:980) ~[elasticsearch-5.0.0.jar:5.0.0]
	at org.elasticsearch.index.shard.StoreRecovery.internalRecoverFromStore(StoreRecovery.java:361) ~[elasticsearch-5.0.0.jar:5.0.0]
	at org.elasticsearch.index.shard.StoreRecovery.lambda$recoverFromStore$0(StoreRecovery.java:90) ~[elasticsearch-5.0.0.jar:5.0.0]
	at org.elasticsearch.index.shard.StoreRecovery.executeRecovery(StoreRecovery.java:258) ~[elasticsearch-5.0.0.jar:5.0.0]
	at org.elasticsearch.index.shard.StoreRecovery.recoverFromStore(StoreRecovery.java:88) ~[elasticsearch-5.0.0.jar:5.0.0]
	at org.elasticsearch.index.shard.IndexShard.recoverFromStore(IndexShard.java:1233) ~[elasticsearch-5.0.0.jar:5.0.0]
	at org.elasticsearch.index.shard.IndexShard.lambda$startRecovery$1(IndexShard.java:1481) ~[elasticsearch-5.0.0.jar:5.0.0]
	... 4 more
[2017-05-26T18:17:41,838][WARN ][o.e.c.a.s.ShardStateAction] [sbaMEj1] [cdc][0] received shard failed for shard id [[cdc][0]], allocation id [oFJPz7CjSzCV3agDUpWclw], primary term [0], message [failed recovery], failure [RecoveryFailedException[[cdc][0]: Recovery failed from null into {sbaMEj1}{sbaMEj1aRf2pNzm7tUcdrw}{9CYY71y3TQOi6fD7YpJOSQ}{127.0.0.1}{127.0.0.1:9300}]; nested: IndexShardRecoveryException[failed recovery]; nested: NullPointerException; ]
org.elasticsearch.indices.recovery.RecoveryFailedException: [cdc][0]: Recovery failed from null into {sbaMEj1}{sbaMEj1aRf2pNzm7tUcdrw}{9CYY71y3TQOi6fD7YpJOSQ}{127.0.0.1}{127.0.0.1:9300}
	at org.elasticsearch.index.shard.IndexShard.lambda$startRecovery$1(IndexShard.java:1485) ~[elasticsearch-5.0.0.jar:5.0.0]
	at org.elasticsearch.common.util.concurrent.ThreadContext$ContextPreservingRunnable.run(ThreadContext.java:444) [elasticsearch-5.0.0.jar:5.0.0]
	at java.util.concurrent.ThreadPoolExecutor.runWorker(ThreadPoolExecutor.java:1142) [?:1.8.0_121]
	at java.util.concurrent.ThreadPoolExecutor$Worker.run(ThreadPoolExecutor.java:617) [?:1.8.0_121]
	at java.lang.Thread.run(Thread.java:745) [?:1.8.0_121]
Caused by: org.elasticsearch.index.shard.IndexShardRecoveryException: failed recovery
	at org.elasticsearch.index.shard.StoreRecovery.executeRecovery(StoreRecovery.java:300) ~[elasticsearch-5.0.0.jar:5.0.0]
	at org.elasticsearch.index.shard.StoreRecovery.recoverFromStore(StoreRecovery.java:88) ~[elasticsearch-5.0.0.jar:5.0.0]
	at org.elasticsearch.index.shard.IndexShard.recoverFromStore(IndexShard.java:1233) ~[elasticsearch-5.0.0.jar:5.0.0]
	at org.elasticsearch.index.shard.IndexShard.lambda$startRecovery$1(IndexShard.java:1481) ~[elasticsearch-5.0.0.jar:5.0.0]
	... 4 more
Caused by: java.lang.NullPointerException
	at org.apache.lucene.index.BufferedUpdates.<init>(BufferedUpdates.java:167) ~[lucene-core-6.2.0.jar:6.2.0 764d0f19151dbff6f5fcd9fc4b2682cf934590c5 - mike - 2016-08-20 05:39:36]
	at org.apache.lucene.index.DocumentsWriterDeleteQueue.<init>(DocumentsWriterDeleteQueue.java:101) ~[lucene-core-6.2.0.jar:6.2.0 764d0f19151dbff6f5fcd9fc4b2682cf934590c5 - mike - 2016-08-20 05:39:36]
	at org.apache.lucene.index.DocumentsWriterDeleteQueue.<init>(DocumentsWriterDeleteQueue.java:97) ~[lucene-core-6.2.0.jar:6.2.0 764d0f19151dbff6f5fcd9fc4b2682cf934590c5 - mike - 2016-08-20 05:39:36]
	at org.apache.lucene.index.DocumentsWriter.<init>(DocumentsWriter.java:110) ~[lucene-core-6.2.0.jar:6.2.0 764d0f19151dbff6f5fcd9fc4b2682cf934590c5 - mike - 2016-08-20 05:39:36]
	at org.apache.lucene.index.IndexWriter.<init>(IndexWriter.java:960) ~[lucene-core-6.2.0.jar:6.2.0 764d0f19151dbff6f5fcd9fc4b2682cf934590c5 - mike - 2016-08-20 05:39:36]
	at org.elasticsearch.index.engine.InternalEngine.createWriter(InternalEngine.java:1102) ~[elasticsearch-5.0.0.jar:5.0.0]
	at org.elasticsearch.index.engine.InternalEngine.<init>(InternalEngine.java:146) ~[elasticsearch-5.0.0.jar:5.0.0]
	at org.elasticsearch.index.engine.InternalEngineFactory.newReadWriteEngine(InternalEngineFactory.java:25) ~[elasticsearch-5.0.0.jar:5.0.0]
	at org.elasticsearch.index.shard.IndexShard.newEngine(IndexShard.java:1599) ~[elasticsearch-5.0.0.jar:5.0.0]
	at org.elasticsearch.index.shard.IndexShard.createNewEngine(IndexShard.java:1581) ~[elasticsearch-5.0.0.jar:5.0.0]
	at org.elasticsearch.index.shard.IndexShard.internalPerformTranslogRecovery(IndexShard.java:1017) ~[elasticsearch-5.0.0.jar:5.0.0]
	at org.elasticsearch.index.shard.IndexShard.performTranslogRecovery(IndexShard.java:980) ~[elasticsearch-5.0.0.jar:5.0.0]
	at org.elasticsearch.index.shard.StoreRecovery.internalRecoverFromStore(StoreRecovery.java:361) ~[elasticsearch-5.0.0.jar:5.0.0]
	at org.elasticsearch.index.shard.StoreRecovery.lambda$recoverFromStore$0(StoreRecovery.java:90) ~[elasticsearch-5.0.0.jar:5.0.0]
	at org.elasticsearch.index.shard.StoreRecovery.executeRecovery(StoreRecovery.java:258) ~[elasticsearch-5.0.0.jar:5.0.0]
	at org.elasticsearch.index.shard.StoreRecovery.recoverFromStore(StoreRecovery.java:88) ~[elasticsearch-5.0.0.jar:5.0.0]
	at org.elasticsearch.index.shard.IndexShard.recoverFromStore(IndexShard.java:1233) ~[elasticsearch-5.0.0.jar:5.0.0]
	at org.elasticsearch.index.shard.IndexShard.lambda$startRecovery$1(IndexShard.java:1481) ~[elasticsearch-5.0.0.jar:5.0.0]
	... 4 more
[2017-05-26T18:17:41,996][INFO ][o.e.c.r.a.AllocationService] [sbaMEj1] Cluster health status changed from [RED] to [YELLOW] (reason: [shards started [[cdc][0]] ...]).
