[2017-07-27T00:53:55,498][INFO ][o.e.n.Node               ] [sbaMEj1] stopping ...
[2017-07-27T00:53:55,546][INFO ][o.e.n.Node               ] [sbaMEj1] stopped
[2017-07-27T00:53:55,546][INFO ][o.e.n.Node               ] [sbaMEj1] closing ...
[2017-07-27T00:53:55,554][INFO ][o.e.n.Node               ] [sbaMEj1] closed
[2017-07-27T10:50:25,173][INFO ][o.e.n.Node               ] [] initializing ...
[2017-07-27T10:50:25,253][INFO ][o.e.e.NodeEnvironment    ] [sbaMEj1] using [1] data paths, mounts [[/ (/dev/sdc2)]], net usable_space [68.4gb], net total_space [105.5gb], spins? [no], types [ext4]
[2017-07-27T10:50:25,254][INFO ][o.e.e.NodeEnvironment    ] [sbaMEj1] heap size [1.9gb], compressed ordinary object pointers [true]
[2017-07-27T10:50:25,265][INFO ][o.e.n.Node               ] [sbaMEj1] node name [sbaMEj1] derived from node ID; set [node.name] to override
[2017-07-27T10:50:25,271][INFO ][o.e.n.Node               ] [sbaMEj1] version[5.0.0], pid[5278], build[253032b/2016-10-26T04:37:51.531Z], OS[Linux/4.11.9-1-ARCH/amd64], JVM[Oracle Corporation/OpenJDK 64-Bit Server VM/1.8.0_141/25.141-b15]
[2017-07-27T10:50:26,103][INFO ][o.e.p.PluginsService     ] [sbaMEj1] loaded module [aggs-matrix-stats]
[2017-07-27T10:50:26,104][INFO ][o.e.p.PluginsService     ] [sbaMEj1] loaded module [ingest-common]
[2017-07-27T10:50:26,104][INFO ][o.e.p.PluginsService     ] [sbaMEj1] loaded module [lang-expression]
[2017-07-27T10:50:26,104][INFO ][o.e.p.PluginsService     ] [sbaMEj1] loaded module [lang-groovy]
[2017-07-27T10:50:26,104][INFO ][o.e.p.PluginsService     ] [sbaMEj1] loaded module [lang-mustache]
[2017-07-27T10:50:26,104][INFO ][o.e.p.PluginsService     ] [sbaMEj1] loaded module [lang-painless]
[2017-07-27T10:50:26,105][INFO ][o.e.p.PluginsService     ] [sbaMEj1] loaded module [percolator]
[2017-07-27T10:50:26,105][INFO ][o.e.p.PluginsService     ] [sbaMEj1] loaded module [reindex]
[2017-07-27T10:50:26,105][INFO ][o.e.p.PluginsService     ] [sbaMEj1] loaded module [transport-netty3]
[2017-07-27T10:50:26,105][INFO ][o.e.p.PluginsService     ] [sbaMEj1] loaded module [transport-netty4]
[2017-07-27T10:50:26,106][INFO ][o.e.p.PluginsService     ] [sbaMEj1] no plugins loaded
[2017-07-27T10:50:27,885][INFO ][o.e.n.Node               ] [sbaMEj1] initialized
[2017-07-27T10:50:27,885][INFO ][o.e.n.Node               ] [sbaMEj1] starting ...
[2017-07-27T10:50:28,036][INFO ][o.e.t.TransportService   ] [sbaMEj1] publish_address {127.0.0.1:9300}, bound_addresses {127.0.0.1:9300}, {[::1]:9300}
[2017-07-27T10:50:28,042][WARN ][o.e.b.BootstrapCheck     ] [sbaMEj1] max file descriptors [4096] for elasticsearch process likely too low, increase to at least [65536]
[2017-07-27T10:50:28,042][WARN ][o.e.b.BootstrapCheck     ] [sbaMEj1] max virtual memory areas vm.max_map_count [65530] likely too low, increase to at least [262144]
[2017-07-27T10:50:31,142][INFO ][o.e.c.s.ClusterService   ] [sbaMEj1] new_master {sbaMEj1}{sbaMEj1aRf2pNzm7tUcdrw}{l-5plTWoT--El7D8spSLow}{127.0.0.1}{127.0.0.1:9300}, reason: zen-disco-elected-as-master ([0] nodes joined)
[2017-07-27T10:50:31,221][INFO ][o.e.h.HttpServer         ] [sbaMEj1] publish_address {127.0.0.1:9200}, bound_addresses {127.0.0.1:9200}, {[::1]:9200}
[2017-07-27T10:50:31,221][INFO ][o.e.n.Node               ] [sbaMEj1] started
[2017-07-27T10:50:31,428][INFO ][o.e.g.GatewayService     ] [sbaMEj1] recovered [1] indices into cluster_state
[2017-07-27T10:50:31,677][INFO ][o.e.c.r.a.AllocationService] [sbaMEj1] Cluster health status changed from [RED] to [YELLOW] (reason: [shards started [[cdc][0]] ...]).
[2017-07-27T14:40:08,763][INFO ][o.e.n.Node               ] [sbaMEj1] stopping ...
[2017-07-27T14:40:08,808][INFO ][o.e.n.Node               ] [sbaMEj1] stopped
[2017-07-27T14:40:08,808][INFO ][o.e.n.Node               ] [sbaMEj1] closing ...
[2017-07-27T14:40:08,827][INFO ][o.e.n.Node               ] [sbaMEj1] closed
