[2017-05-27T01:12:58,733][INFO ][o.e.n.Node               ] [sbaMEj1] stopping ...
[2017-05-27T01:12:58,774][INFO ][o.e.n.Node               ] [sbaMEj1] stopped
[2017-05-27T01:12:58,775][INFO ][o.e.n.Node               ] [sbaMEj1] closing ...
[2017-05-27T01:12:58,781][INFO ][o.e.n.Node               ] [sbaMEj1] closed
[2017-05-27T17:25:53,874][INFO ][o.e.n.Node               ] [] initializing ...
[2017-05-27T17:25:53,977][INFO ][o.e.e.NodeEnvironment    ] [sbaMEj1] using [1] data paths, mounts [[/ (/dev/sdc2)]], net usable_space [80.9gb], net total_space [105.5gb], spins? [no], types [ext4]
[2017-05-27T17:25:53,977][INFO ][o.e.e.NodeEnvironment    ] [sbaMEj1] heap size [1.9gb], compressed ordinary object pointers [true]
[2017-05-27T17:25:53,990][INFO ][o.e.n.Node               ] [sbaMEj1] node name [sbaMEj1] derived from node ID; set [node.name] to override
[2017-05-27T17:25:53,994][INFO ][o.e.n.Node               ] [sbaMEj1] version[5.0.0], pid[3908], build[253032b/2016-10-26T04:37:51.531Z], OS[Linux/4.10.13-1-ARCH/amd64], JVM[Oracle Corporation/OpenJDK 64-Bit Server VM/1.8.0_121/25.121-b13]
[2017-05-27T17:25:54,838][INFO ][o.e.p.PluginsService     ] [sbaMEj1] loaded module [aggs-matrix-stats]
[2017-05-27T17:25:54,838][INFO ][o.e.p.PluginsService     ] [sbaMEj1] loaded module [ingest-common]
[2017-05-27T17:25:54,839][INFO ][o.e.p.PluginsService     ] [sbaMEj1] loaded module [lang-expression]
[2017-05-27T17:25:54,839][INFO ][o.e.p.PluginsService     ] [sbaMEj1] loaded module [lang-groovy]
[2017-05-27T17:25:54,839][INFO ][o.e.p.PluginsService     ] [sbaMEj1] loaded module [lang-mustache]
[2017-05-27T17:25:54,839][INFO ][o.e.p.PluginsService     ] [sbaMEj1] loaded module [lang-painless]
[2017-05-27T17:25:54,839][INFO ][o.e.p.PluginsService     ] [sbaMEj1] loaded module [percolator]
[2017-05-27T17:25:54,840][INFO ][o.e.p.PluginsService     ] [sbaMEj1] loaded module [reindex]
[2017-05-27T17:25:54,840][INFO ][o.e.p.PluginsService     ] [sbaMEj1] loaded module [transport-netty3]
[2017-05-27T17:25:54,840][INFO ][o.e.p.PluginsService     ] [sbaMEj1] loaded module [transport-netty4]
[2017-05-27T17:25:54,841][INFO ][o.e.p.PluginsService     ] [sbaMEj1] no plugins loaded
[2017-05-27T17:25:56,701][INFO ][o.e.n.Node               ] [sbaMEj1] initialized
[2017-05-27T17:25:56,701][INFO ][o.e.n.Node               ] [sbaMEj1] starting ...
[2017-05-27T17:25:56,851][INFO ][o.e.t.TransportService   ] [sbaMEj1] publish_address {127.0.0.1:9300}, bound_addresses {127.0.0.1:9300}, {[::1]:9300}
[2017-05-27T17:25:56,856][WARN ][o.e.b.BootstrapCheck     ] [sbaMEj1] max file descriptors [4096] for elasticsearch process likely too low, increase to at least [65536]
[2017-05-27T17:25:56,857][WARN ][o.e.b.BootstrapCheck     ] [sbaMEj1] max virtual memory areas vm.max_map_count [65530] likely too low, increase to at least [262144]
[2017-05-27T17:25:59,951][INFO ][o.e.c.s.ClusterService   ] [sbaMEj1] new_master {sbaMEj1}{sbaMEj1aRf2pNzm7tUcdrw}{MkbSp03gTfWfYAEs9wQC_A}{127.0.0.1}{127.0.0.1:9300}, reason: zen-disco-elected-as-master ([0] nodes joined)
[2017-05-27T17:25:59,991][INFO ][o.e.h.HttpServer         ] [sbaMEj1] publish_address {127.0.0.1:9200}, bound_addresses {127.0.0.1:9200}, {[::1]:9200}
[2017-05-27T17:25:59,991][INFO ][o.e.n.Node               ] [sbaMEj1] started
[2017-05-27T17:26:00,180][INFO ][o.e.g.GatewayService     ] [sbaMEj1] recovered [1] indices into cluster_state
[2017-05-27T17:26:00,455][INFO ][o.e.c.r.a.AllocationService] [sbaMEj1] Cluster health status changed from [RED] to [YELLOW] (reason: [shards started [[cdc][1]] ...]).
[2017-05-27T20:40:19,624][INFO ][o.e.n.Node               ] [sbaMEj1] stopping ...
[2017-05-27T20:40:19,664][INFO ][o.e.n.Node               ] [sbaMEj1] stopped
[2017-05-27T20:40:19,664][INFO ][o.e.n.Node               ] [sbaMEj1] closing ...
[2017-05-27T20:40:19,671][INFO ][o.e.n.Node               ] [sbaMEj1] closed
[2017-05-27T20:40:24,960][INFO ][o.e.n.Node               ] [] initializing ...
[2017-05-27T20:40:25,022][INFO ][o.e.e.NodeEnvironment    ] [sbaMEj1] using [1] data paths, mounts [[/ (/dev/sdc2)]], net usable_space [80.9gb], net total_space [105.5gb], spins? [no], types [ext4]
[2017-05-27T20:40:25,023][INFO ][o.e.e.NodeEnvironment    ] [sbaMEj1] heap size [1.9gb], compressed ordinary object pointers [true]
[2017-05-27T20:40:25,032][INFO ][o.e.n.Node               ] [sbaMEj1] node name [sbaMEj1] derived from node ID; set [node.name] to override
[2017-05-27T20:40:25,035][INFO ][o.e.n.Node               ] [sbaMEj1] version[5.0.0], pid[12112], build[253032b/2016-10-26T04:37:51.531Z], OS[Linux/4.10.13-1-ARCH/amd64], JVM[Oracle Corporation/OpenJDK 64-Bit Server VM/1.8.0_121/25.121-b13]
[2017-05-27T20:40:25,725][INFO ][o.e.p.PluginsService     ] [sbaMEj1] loaded module [aggs-matrix-stats]
[2017-05-27T20:40:25,725][INFO ][o.e.p.PluginsService     ] [sbaMEj1] loaded module [ingest-common]
[2017-05-27T20:40:25,725][INFO ][o.e.p.PluginsService     ] [sbaMEj1] loaded module [lang-expression]
[2017-05-27T20:40:25,725][INFO ][o.e.p.PluginsService     ] [sbaMEj1] loaded module [lang-groovy]
[2017-05-27T20:40:25,726][INFO ][o.e.p.PluginsService     ] [sbaMEj1] loaded module [lang-mustache]
[2017-05-27T20:40:25,726][INFO ][o.e.p.PluginsService     ] [sbaMEj1] loaded module [lang-painless]
[2017-05-27T20:40:25,726][INFO ][o.e.p.PluginsService     ] [sbaMEj1] loaded module [percolator]
[2017-05-27T20:40:25,726][INFO ][o.e.p.PluginsService     ] [sbaMEj1] loaded module [reindex]
[2017-05-27T20:40:25,727][INFO ][o.e.p.PluginsService     ] [sbaMEj1] loaded module [transport-netty3]
[2017-05-27T20:40:25,727][INFO ][o.e.p.PluginsService     ] [sbaMEj1] loaded module [transport-netty4]
[2017-05-27T20:40:25,727][INFO ][o.e.p.PluginsService     ] [sbaMEj1] no plugins loaded
[2017-05-27T20:40:27,441][INFO ][o.e.n.Node               ] [sbaMEj1] initialized
[2017-05-27T20:40:27,441][INFO ][o.e.n.Node               ] [sbaMEj1] starting ...
[2017-05-27T20:40:27,553][INFO ][o.e.t.TransportService   ] [sbaMEj1] publish_address {127.0.0.1:9300}, bound_addresses {127.0.0.1:9300}, {[::1]:9300}
[2017-05-27T20:40:27,557][WARN ][o.e.b.BootstrapCheck     ] [sbaMEj1] max file descriptors [4096] for elasticsearch process likely too low, increase to at least [65536]
[2017-05-27T20:40:27,558][WARN ][o.e.b.BootstrapCheck     ] [sbaMEj1] max virtual memory areas vm.max_map_count [65530] likely too low, increase to at least [262144]
[2017-05-27T20:40:30,670][INFO ][o.e.c.s.ClusterService   ] [sbaMEj1] new_master {sbaMEj1}{sbaMEj1aRf2pNzm7tUcdrw}{CmUTRu7KTAyrU1eh2T3MrA}{127.0.0.1}{127.0.0.1:9300}, reason: zen-disco-elected-as-master ([0] nodes joined)
[2017-05-27T20:40:30,702][INFO ][o.e.h.HttpServer         ] [sbaMEj1] publish_address {127.0.0.1:9200}, bound_addresses {127.0.0.1:9200}, {[::1]:9200}
[2017-05-27T20:40:30,702][INFO ][o.e.n.Node               ] [sbaMEj1] started
[2017-05-27T20:40:30,883][INFO ][o.e.g.GatewayService     ] [sbaMEj1] recovered [1] indices into cluster_state
[2017-05-27T20:40:31,130][INFO ][o.e.c.r.a.AllocationService] [sbaMEj1] Cluster health status changed from [RED] to [YELLOW] (reason: [shards started [[cdc][4]] ...]).
[2017-05-27T22:11:02,630][INFO ][o.e.n.Node               ] [sbaMEj1] stopping ...
[2017-05-27T22:11:02,737][INFO ][o.e.n.Node               ] [sbaMEj1] stopped
[2017-05-27T22:11:02,738][INFO ][o.e.n.Node               ] [sbaMEj1] closing ...
[2017-05-27T22:11:02,749][INFO ][o.e.n.Node               ] [sbaMEj1] closed
