[2017-06-08T13:57:50,464][DEBUG][o.e.a.s.TransportSearchAction] [sbaMEj1] [cdc][1], node[sbaMEj1aRf2pNzm7tUcdrw], [P], s[STARTED], a[id=y7_nx0eCSaeOaNvyM21olA]: Failed to execute [SearchRequest{searchType=QUERY_THEN_FETCH, indices=[cdc], indicesOptions=IndicesOptions[id=38, ignore_unavailable=false, allow_no_indices=true, expand_wildcards_open=true, expand_wildcards_closed=false, allow_alisases_to_multiple_indices=true, forbid_closed_indices=true], types=[], routing='null', preference='null', requestCache=null, scroll=null, source={
  "query" : {
    "query_string" : {
      "query" : "https://github.com/Allan1",
      "fields" : [ ],
      "use_dis_max" : true,
      "tie_breaker" : 0.0,
      "default_operator" : "or",
      "auto_generate_phrase_queries" : false,
      "max_determined_states" : 10000,
      "lowercase_expanded_terms" : true,
      "enable_position_increment" : true,
      "fuzziness" : "AUTO",
      "fuzzy_prefix_length" : 0,
      "fuzzy_max_expansions" : 50,
      "phrase_slop" : 0,
      "analyze_wildcard" : false,
      "locale" : "und",
      "escape" : false,
      "boost" : 1.0
    }
  },
  "ext" : { }
}}] lastShard [true]
org.elasticsearch.transport.RemoteTransportException: [sbaMEj1][127.0.0.1:9300][indices:data/read/search[phase/query]]
Caused by: org.elasticsearch.index.query.QueryShardException: Failed to parse query [https://github.com/Allan1]
	at org.elasticsearch.index.query.QueryStringQueryBuilder.doToQuery(QueryStringQueryBuilder.java:913) ~[elasticsearch-5.0.0.jar:5.0.0]
	at org.elasticsearch.index.query.AbstractQueryBuilder.toQuery(AbstractQueryBuilder.java:95) ~[elasticsearch-5.0.0.jar:5.0.0]
	at org.elasticsearch.index.query.QueryShardContext.lambda$toQuery$1(QueryShardContext.java:311) ~[elasticsearch-5.0.0.jar:5.0.0]
	at org.elasticsearch.index.query.QueryShardContext.toQuery(QueryShardContext.java:328) ~[elasticsearch-5.0.0.jar:5.0.0]
	at org.elasticsearch.index.query.QueryShardContext.toQuery(QueryShardContext.java:310) ~[elasticsearch-5.0.0.jar:5.0.0]
	at org.elasticsearch.search.SearchService.parseSource(SearchService.java:661) ~[elasticsearch-5.0.0.jar:5.0.0]
	at org.elasticsearch.search.SearchService.createContext(SearchService.java:536) ~[elasticsearch-5.0.0.jar:5.0.0]
	at org.elasticsearch.search.SearchService.createAndPutContext(SearchService.java:502) ~[elasticsearch-5.0.0.jar:5.0.0]
	at org.elasticsearch.search.SearchService.executeQueryPhase(SearchService.java:243) ~[elasticsearch-5.0.0.jar:5.0.0]
	at org.elasticsearch.action.search.SearchTransportService.lambda$registerRequestHandler$6(SearchTransportService.java:276) ~[elasticsearch-5.0.0.jar:5.0.0]
	at org.elasticsearch.transport.TransportRequestHandler.messageReceived(TransportRequestHandler.java:33) ~[elasticsearch-5.0.0.jar:5.0.0]
	at org.elasticsearch.transport.RequestHandlerRegistry.processMessageReceived(RequestHandlerRegistry.java:69) ~[elasticsearch-5.0.0.jar:5.0.0]
	at org.elasticsearch.transport.TransportService$6.doRun(TransportService.java:548) [elasticsearch-5.0.0.jar:5.0.0]
	at org.elasticsearch.common.util.concurrent.ThreadContext$ContextPreservingAbstractRunnable.doRun(ThreadContext.java:504) [elasticsearch-5.0.0.jar:5.0.0]
	at org.elasticsearch.common.util.concurrent.AbstractRunnable.run(AbstractRunnable.java:37) [elasticsearch-5.0.0.jar:5.0.0]
	at java.util.concurrent.ThreadPoolExecutor.runWorker(ThreadPoolExecutor.java:1142) [?:1.8.0_121]
	at java.util.concurrent.ThreadPoolExecutor$Worker.run(ThreadPoolExecutor.java:617) [?:1.8.0_121]
	at java.lang.Thread.run(Thread.java:745) [?:1.8.0_121]
Caused by: org.apache.lucene.queryparser.classic.ParseException: Cannot parse 'https://github.com/Allan1': Lexical error at line 1, column 26.  Encountered: <EOF> after : "/Allan1"
	at org.apache.lucene.queryparser.classic.QueryParserBase.parse(QueryParserBase.java:116) ~[lucene-queryparser-6.2.0.jar:6.2.0 764d0f19151dbff6f5fcd9fc4b2682cf934590c5 - mike - 2016-08-20 05:39:54]
	at org.apache.lucene.queryparser.classic.MapperQueryParser.parse(MapperQueryParser.java:860) ~[elasticsearch-5.0.0.jar:6.2.0 764d0f19151dbff6f5fcd9fc4b2682cf934590c5 - mike - 2016-08-20 05:39:54]
	at org.elasticsearch.index.query.QueryStringQueryBuilder.doToQuery(QueryStringQueryBuilder.java:911) ~[elasticsearch-5.0.0.jar:5.0.0]
	at org.elasticsearch.index.query.AbstractQueryBuilder.toQuery(AbstractQueryBuilder.java:95) ~[elasticsearch-5.0.0.jar:5.0.0]
	at org.elasticsearch.index.query.QueryShardContext.lambda$toQuery$1(QueryShardContext.java:311) ~[elasticsearch-5.0.0.jar:5.0.0]
	at org.elasticsearch.index.query.QueryShardContext.toQuery(QueryShardContext.java:328) ~[elasticsearch-5.0.0.jar:5.0.0]
	at org.elasticsearch.index.query.QueryShardContext.toQuery(QueryShardContext.java:310) ~[elasticsearch-5.0.0.jar:5.0.0]
	at org.elasticsearch.search.SearchService.parseSource(SearchService.java:661) ~[elasticsearch-5.0.0.jar:5.0.0]
	at org.elasticsearch.search.SearchService.createContext(SearchService.java:536) ~[elasticsearch-5.0.0.jar:5.0.0]
	at org.elasticsearch.search.SearchService.createAndPutContext(SearchService.java:502) ~[elasticsearch-5.0.0.jar:5.0.0]
	at org.elasticsearch.search.SearchService.executeQueryPhase(SearchService.java:243) ~[elasticsearch-5.0.0.jar:5.0.0]
	at org.elasticsearch.action.search.SearchTransportService.lambda$registerRequestHandler$6(SearchTransportService.java:276) ~[elasticsearch-5.0.0.jar:5.0.0]
	at org.elasticsearch.transport.TransportRequestHandler.messageReceived(TransportRequestHandler.java:33) ~[elasticsearch-5.0.0.jar:5.0.0]
	at org.elasticsearch.transport.RequestHandlerRegistry.processMessageReceived(RequestHandlerRegistry.java:69) ~[elasticsearch-5.0.0.jar:5.0.0]
	at org.elasticsearch.transport.TransportService$6.doRun(TransportService.java:548) ~[elasticsearch-5.0.0.jar:5.0.0]
	at org.elasticsearch.common.util.concurrent.ThreadContext$ContextPreservingAbstractRunnable.doRun(ThreadContext.java:504) ~[elasticsearch-5.0.0.jar:5.0.0]
	at org.elasticsearch.common.util.concurrent.AbstractRunnable.run(AbstractRunnable.java:37) ~[elasticsearch-5.0.0.jar:5.0.0]
	at java.util.concurrent.ThreadPoolExecutor.runWorker(ThreadPoolExecutor.java:1142) ~[?:1.8.0_121]
	at java.util.concurrent.ThreadPoolExecutor$Worker.run(ThreadPoolExecutor.java:617) ~[?:1.8.0_121]
	at java.lang.Thread.run(Thread.java:745) ~[?:1.8.0_121]
Caused by: org.apache.lucene.queryparser.classic.TokenMgrError: Lexical error at line 1, column 26.  Encountered: <EOF> after : "/Allan1"
	at org.apache.lucene.queryparser.classic.QueryParserTokenManager.getNextToken(QueryParserTokenManager.java:1119) ~[lucene-queryparser-6.2.0.jar:6.2.0 764d0f19151dbff6f5fcd9fc4b2682cf934590c5 - mike - 2016-08-20 05:39:54]
	at org.apache.lucene.queryparser.classic.QueryParser.getToken(QueryParser.java:827) ~[lucene-queryparser-6.2.0.jar:6.2.0 764d0f19151dbff6f5fcd9fc4b2682cf934590c5 - mike - 2016-08-20 05:39:54]
	at org.apache.lucene.queryparser.classic.QueryParser.jj_3R_3(QueryParser.java:672) ~[lucene-queryparser-6.2.0.jar:6.2.0 764d0f19151dbff6f5fcd9fc4b2682cf934590c5 - mike - 2016-08-20 05:39:54]
	at org.apache.lucene.queryparser.classic.QueryParser.jj_3_2(QueryParser.java:645) ~[lucene-queryparser-6.2.0.jar:6.2.0 764d0f19151dbff6f5fcd9fc4b2682cf934590c5 - mike - 2016-08-20 05:39:54]
	at org.apache.lucene.queryparser.classic.QueryParser.jj_2_2(QueryParser.java:626) ~[lucene-queryparser-6.2.0.jar:6.2.0 764d0f19151dbff6f5fcd9fc4b2682cf934590c5 - mike - 2016-08-20 05:39:54]
	at org.apache.lucene.queryparser.classic.QueryParser.Query(QueryParser.java:253) ~[lucene-queryparser-6.2.0.jar:6.2.0 764d0f19151dbff6f5fcd9fc4b2682cf934590c5 - mike - 2016-08-20 05:39:54]
	at org.apache.lucene.queryparser.classic.QueryParser.TopLevelQuery(QueryParser.java:187) ~[lucene-queryparser-6.2.0.jar:6.2.0 764d0f19151dbff6f5fcd9fc4b2682cf934590c5 - mike - 2016-08-20 05:39:54]
	at org.apache.lucene.queryparser.classic.QueryParserBase.parse(QueryParserBase.java:111) ~[lucene-queryparser-6.2.0.jar:6.2.0 764d0f19151dbff6f5fcd9fc4b2682cf934590c5 - mike - 2016-08-20 05:39:54]
	at org.apache.lucene.queryparser.classic.MapperQueryParser.parse(MapperQueryParser.java:860) ~[elasticsearch-5.0.0.jar:6.2.0 764d0f19151dbff6f5fcd9fc4b2682cf934590c5 - mike - 2016-08-20 05:39:54]
	at org.elasticsearch.index.query.QueryStringQueryBuilder.doToQuery(QueryStringQueryBuilder.java:911) ~[elasticsearch-5.0.0.jar:5.0.0]
	at org.elasticsearch.index.query.AbstractQueryBuilder.toQuery(AbstractQueryBuilder.java:95) ~[elasticsearch-5.0.0.jar:5.0.0]
	at org.elasticsearch.index.query.QueryShardContext.lambda$toQuery$1(QueryShardContext.java:311) ~[elasticsearch-5.0.0.jar:5.0.0]
	at org.elasticsearch.index.query.QueryShardContext.toQuery(QueryShardContext.java:328) ~[elasticsearch-5.0.0.jar:5.0.0]
	at org.elasticsearch.index.query.QueryShardContext.toQuery(QueryShardContext.java:310) ~[elasticsearch-5.0.0.jar:5.0.0]
	at org.elasticsearch.search.SearchService.parseSource(SearchService.java:661) ~[elasticsearch-5.0.0.jar:5.0.0]
	at org.elasticsearch.search.SearchService.createContext(SearchService.java:536) ~[elasticsearch-5.0.0.jar:5.0.0]
	at org.elasticsearch.search.SearchService.createAndPutContext(SearchService.java:502) ~[elasticsearch-5.0.0.jar:5.0.0]
	at org.elasticsearch.search.SearchService.executeQueryPhase(SearchService.java:243) ~[elasticsearch-5.0.0.jar:5.0.0]
	at org.elasticsearch.action.search.SearchTransportService.lambda$registerRequestHandler$6(SearchTransportService.java:276) ~[elasticsearch-5.0.0.jar:5.0.0]
	at org.elasticsearch.transport.TransportRequestHandler.messageReceived(TransportRequestHandler.java:33) ~[elasticsearch-5.0.0.jar:5.0.0]
	at org.elasticsearch.transport.RequestHandlerRegistry.processMessageReceived(RequestHandlerRegistry.java:69) ~[elasticsearch-5.0.0.jar:5.0.0]
	at org.elasticsearch.transport.TransportService$6.doRun(TransportService.java:548) ~[elasticsearch-5.0.0.jar:5.0.0]
	at org.elasticsearch.common.util.concurrent.ThreadContext$ContextPreservingAbstractRunnable.doRun(ThreadContext.java:504) ~[elasticsearch-5.0.0.jar:5.0.0]
	at org.elasticsearch.common.util.concurrent.AbstractRunnable.run(AbstractRunnable.java:37) ~[elasticsearch-5.0.0.jar:5.0.0]
	at java.util.concurrent.ThreadPoolExecutor.runWorker(ThreadPoolExecutor.java:1142) ~[?:1.8.0_121]
	at java.util.concurrent.ThreadPoolExecutor$Worker.run(ThreadPoolExecutor.java:617) ~[?:1.8.0_121]
	at java.lang.Thread.run(Thread.java:745) ~[?:1.8.0_121]
[2017-06-08T13:57:50,465][DEBUG][o.e.a.s.TransportSearchAction] [sbaMEj1] [cdc][4], node[sbaMEj1aRf2pNzm7tUcdrw], [P], s[STARTED], a[id=Ec0oSWMdQ0a3qh6uqbgzow]: Failed to execute [SearchRequest{searchType=QUERY_THEN_FETCH, indices=[cdc], indicesOptions=IndicesOptions[id=38, ignore_unavailable=false, allow_no_indices=true, expand_wildcards_open=true, expand_wildcards_closed=false, allow_alisases_to_multiple_indices=true, forbid_closed_indices=true], types=[], routing='null', preference='null', requestCache=null, scroll=null, source={
  "query" : {
    "query_string" : {
      "query" : "https://github.com/Allan1",
      "fields" : [ ],
      "use_dis_max" : true,
      "tie_breaker" : 0.0,
      "default_operator" : "or",
      "auto_generate_phrase_queries" : false,
      "max_determined_states" : 10000,
      "lowercase_expanded_terms" : true,
      "enable_position_increment" : true,
      "fuzziness" : "AUTO",
      "fuzzy_prefix_length" : 0,
      "fuzzy_max_expansions" : 50,
      "phrase_slop" : 0,
      "analyze_wildcard" : false,
      "locale" : "und",
      "escape" : false,
      "boost" : 1.0
    }
  },
  "ext" : { }
}}] lastShard [true]
org.elasticsearch.transport.RemoteTransportException: [sbaMEj1][127.0.0.1:9300][indices:data/read/search[phase/query]]
Caused by: org.elasticsearch.index.query.QueryShardException: Failed to parse query [https://github.com/Allan1]
	at org.elasticsearch.index.query.QueryStringQueryBuilder.doToQuery(QueryStringQueryBuilder.java:913) ~[elasticsearch-5.0.0.jar:5.0.0]
	at org.elasticsearch.index.query.AbstractQueryBuilder.toQuery(AbstractQueryBuilder.java:95) ~[elasticsearch-5.0.0.jar:5.0.0]
	at org.elasticsearch.index.query.QueryShardContext.lambda$toQuery$1(QueryShardContext.java:311) ~[elasticsearch-5.0.0.jar:5.0.0]
	at org.elasticsearch.index.query.QueryShardContext.toQuery(QueryShardContext.java:328) ~[elasticsearch-5.0.0.jar:5.0.0]
	at org.elasticsearch.index.query.QueryShardContext.toQuery(QueryShardContext.java:310) ~[elasticsearch-5.0.0.jar:5.0.0]
	at org.elasticsearch.search.SearchService.parseSource(SearchService.java:661) ~[elasticsearch-5.0.0.jar:5.0.0]
	at org.elasticsearch.search.SearchService.createContext(SearchService.java:536) ~[elasticsearch-5.0.0.jar:5.0.0]
	at org.elasticsearch.search.SearchService.createAndPutContext(SearchService.java:502) ~[elasticsearch-5.0.0.jar:5.0.0]
	at org.elasticsearch.search.SearchService.executeQueryPhase(SearchService.java:243) ~[elasticsearch-5.0.0.jar:5.0.0]
	at org.elasticsearch.action.search.SearchTransportService.lambda$registerRequestHandler$6(SearchTransportService.java:276) ~[elasticsearch-5.0.0.jar:5.0.0]
	at org.elasticsearch.transport.TransportRequestHandler.messageReceived(TransportRequestHandler.java:33) ~[elasticsearch-5.0.0.jar:5.0.0]
	at org.elasticsearch.transport.RequestHandlerRegistry.processMessageReceived(RequestHandlerRegistry.java:69) ~[elasticsearch-5.0.0.jar:5.0.0]
	at org.elasticsearch.transport.TransportService$6.doRun(TransportService.java:548) [elasticsearch-5.0.0.jar:5.0.0]
	at org.elasticsearch.common.util.concurrent.ThreadContext$ContextPreservingAbstractRunnable.doRun(ThreadContext.java:504) [elasticsearch-5.0.0.jar:5.0.0]
	at org.elasticsearch.common.util.concurrent.AbstractRunnable.run(AbstractRunnable.java:37) [elasticsearch-5.0.0.jar:5.0.0]
	at java.util.concurrent.ThreadPoolExecutor.runWorker(ThreadPoolExecutor.java:1142) [?:1.8.0_121]
	at java.util.concurrent.ThreadPoolExecutor$Worker.run(ThreadPoolExecutor.java:617) [?:1.8.0_121]
	at java.lang.Thread.run(Thread.java:745) [?:1.8.0_121]
Caused by: org.apache.lucene.queryparser.classic.ParseException: Cannot parse 'https://github.com/Allan1': Lexical error at line 1, column 26.  Encountered: <EOF> after : "/Allan1"
	at org.apache.lucene.queryparser.classic.QueryParserBase.parse(QueryParserBase.java:116) ~[lucene-queryparser-6.2.0.jar:6.2.0 764d0f19151dbff6f5fcd9fc4b2682cf934590c5 - mike - 2016-08-20 05:39:54]
	at org.apache.lucene.queryparser.classic.MapperQueryParser.parse(MapperQueryParser.java:860) ~[elasticsearch-5.0.0.jar:6.2.0 764d0f19151dbff6f5fcd9fc4b2682cf934590c5 - mike - 2016-08-20 05:39:54]
	at org.elasticsearch.index.query.QueryStringQueryBuilder.doToQuery(QueryStringQueryBuilder.java:911) ~[elasticsearch-5.0.0.jar:5.0.0]
	at org.elasticsearch.index.query.AbstractQueryBuilder.toQuery(AbstractQueryBuilder.java:95) ~[elasticsearch-5.0.0.jar:5.0.0]
	at org.elasticsearch.index.query.QueryShardContext.lambda$toQuery$1(QueryShardContext.java:311) ~[elasticsearch-5.0.0.jar:5.0.0]
	at org.elasticsearch.index.query.QueryShardContext.toQuery(QueryShardContext.java:328) ~[elasticsearch-5.0.0.jar:5.0.0]
	at org.elasticsearch.index.query.QueryShardContext.toQuery(QueryShardContext.java:310) ~[elasticsearch-5.0.0.jar:5.0.0]
	at org.elasticsearch.search.SearchService.parseSource(SearchService.java:661) ~[elasticsearch-5.0.0.jar:5.0.0]
	at org.elasticsearch.search.SearchService.createContext(SearchService.java:536) ~[elasticsearch-5.0.0.jar:5.0.0]
	at org.elasticsearch.search.SearchService.createAndPutContext(SearchService.java:502) ~[elasticsearch-5.0.0.jar:5.0.0]
	at org.elasticsearch.search.SearchService.executeQueryPhase(SearchService.java:243) ~[elasticsearch-5.0.0.jar:5.0.0]
	at org.elasticsearch.action.search.SearchTransportService.lambda$registerRequestHandler$6(SearchTransportService.java:276) ~[elasticsearch-5.0.0.jar:5.0.0]
	at org.elasticsearch.transport.TransportRequestHandler.messageReceived(TransportRequestHandler.java:33) ~[elasticsearch-5.0.0.jar:5.0.0]
	at org.elasticsearch.transport.RequestHandlerRegistry.processMessageReceived(RequestHandlerRegistry.java:69) ~[elasticsearch-5.0.0.jar:5.0.0]
	at org.elasticsearch.transport.TransportService$6.doRun(TransportService.java:548) ~[elasticsearch-5.0.0.jar:5.0.0]
	at org.elasticsearch.common.util.concurrent.ThreadContext$ContextPreservingAbstractRunnable.doRun(ThreadContext.java:504) ~[elasticsearch-5.0.0.jar:5.0.0]
	at org.elasticsearch.common.util.concurrent.AbstractRunnable.run(AbstractRunnable.java:37) ~[elasticsearch-5.0.0.jar:5.0.0]
	at java.util.concurrent.ThreadPoolExecutor.runWorker(ThreadPoolExecutor.java:1142) ~[?:1.8.0_121]
	at java.util.concurrent.ThreadPoolExecutor$Worker.run(ThreadPoolExecutor.java:617) ~[?:1.8.0_121]
	at java.lang.Thread.run(Thread.java:745) ~[?:1.8.0_121]
Caused by: org.apache.lucene.queryparser.classic.TokenMgrError: Lexical error at line 1, column 26.  Encountered: <EOF> after : "/Allan1"
	at org.apache.lucene.queryparser.classic.QueryParserTokenManager.getNextToken(QueryParserTokenManager.java:1119) ~[lucene-queryparser-6.2.0.jar:6.2.0 764d0f19151dbff6f5fcd9fc4b2682cf934590c5 - mike - 2016-08-20 05:39:54]
	at org.apache.lucene.queryparser.classic.QueryParser.getToken(QueryParser.java:827) ~[lucene-queryparser-6.2.0.jar:6.2.0 764d0f19151dbff6f5fcd9fc4b2682cf934590c5 - mike - 2016-08-20 05:39:54]
	at org.apache.lucene.queryparser.classic.QueryParser.jj_3R_3(QueryParser.java:672) ~[lucene-queryparser-6.2.0.jar:6.2.0 764d0f19151dbff6f5fcd9fc4b2682cf934590c5 - mike - 2016-08-20 05:39:54]
	at org.apache.lucene.queryparser.classic.QueryParser.jj_3_2(QueryParser.java:645) ~[lucene-queryparser-6.2.0.jar:6.2.0 764d0f19151dbff6f5fcd9fc4b2682cf934590c5 - mike - 2016-08-20 05:39:54]
	at org.apache.lucene.queryparser.classic.QueryParser.jj_2_2(QueryParser.java:626) ~[lucene-queryparser-6.2.0.jar:6.2.0 764d0f19151dbff6f5fcd9fc4b2682cf934590c5 - mike - 2016-08-20 05:39:54]
	at org.apache.lucene.queryparser.classic.QueryParser.Query(QueryParser.java:253) ~[lucene-queryparser-6.2.0.jar:6.2.0 764d0f19151dbff6f5fcd9fc4b2682cf934590c5 - mike - 2016-08-20 05:39:54]
	at org.apache.lucene.queryparser.classic.QueryParser.TopLevelQuery(QueryParser.java:187) ~[lucene-queryparser-6.2.0.jar:6.2.0 764d0f19151dbff6f5fcd9fc4b2682cf934590c5 - mike - 2016-08-20 05:39:54]
	at org.apache.lucene.queryparser.classic.QueryParserBase.parse(QueryParserBase.java:111) ~[lucene-queryparser-6.2.0.jar:6.2.0 764d0f19151dbff6f5fcd9fc4b2682cf934590c5 - mike - 2016-08-20 05:39:54]
	at org.apache.lucene.queryparser.classic.MapperQueryParser.parse(MapperQueryParser.java:860) ~[elasticsearch-5.0.0.jar:6.2.0 764d0f19151dbff6f5fcd9fc4b2682cf934590c5 - mike - 2016-08-20 05:39:54]
	at org.elasticsearch.index.query.QueryStringQueryBuilder.doToQuery(QueryStringQueryBuilder.java:911) ~[elasticsearch-5.0.0.jar:5.0.0]
	at org.elasticsearch.index.query.AbstractQueryBuilder.toQuery(AbstractQueryBuilder.java:95) ~[elasticsearch-5.0.0.jar:5.0.0]
	at org.elasticsearch.index.query.QueryShardContext.lambda$toQuery$1(QueryShardContext.java:311) ~[elasticsearch-5.0.0.jar:5.0.0]
	at org.elasticsearch.index.query.QueryShardContext.toQuery(QueryShardContext.java:328) ~[elasticsearch-5.0.0.jar:5.0.0]
	at org.elasticsearch.index.query.QueryShardContext.toQuery(QueryShardContext.java:310) ~[elasticsearch-5.0.0.jar:5.0.0]
	at org.elasticsearch.search.SearchService.parseSource(SearchService.java:661) ~[elasticsearch-5.0.0.jar:5.0.0]
	at org.elasticsearch.search.SearchService.createContext(SearchService.java:536) ~[elasticsearch-5.0.0.jar:5.0.0]
	at org.elasticsearch.search.SearchService.createAndPutContext(SearchService.java:502) ~[elasticsearch-5.0.0.jar:5.0.0]
	at org.elasticsearch.search.SearchService.executeQueryPhase(SearchService.java:243) ~[elasticsearch-5.0.0.jar:5.0.0]
	at org.elasticsearch.action.search.SearchTransportService.lambda$registerRequestHandler$6(SearchTransportService.java:276) ~[elasticsearch-5.0.0.jar:5.0.0]
	at org.elasticsearch.transport.TransportRequestHandler.messageReceived(TransportRequestHandler.java:33) ~[elasticsearch-5.0.0.jar:5.0.0]
	at org.elasticsearch.transport.RequestHandlerRegistry.processMessageReceived(RequestHandlerRegistry.java:69) ~[elasticsearch-5.0.0.jar:5.0.0]
	at org.elasticsearch.transport.TransportService$6.doRun(TransportService.java:548) ~[elasticsearch-5.0.0.jar:5.0.0]
	at org.elasticsearch.common.util.concurrent.ThreadContext$ContextPreservingAbstractRunnable.doRun(ThreadContext.java:504) ~[elasticsearch-5.0.0.jar:5.0.0]
	at org.elasticsearch.common.util.concurrent.AbstractRunnable.run(AbstractRunnable.java:37) ~[elasticsearch-5.0.0.jar:5.0.0]
	at java.util.concurrent.ThreadPoolExecutor.runWorker(ThreadPoolExecutor.java:1142) ~[?:1.8.0_121]
	at java.util.concurrent.ThreadPoolExecutor$Worker.run(ThreadPoolExecutor.java:617) ~[?:1.8.0_121]
	at java.lang.Thread.run(Thread.java:745) ~[?:1.8.0_121]
[2017-06-08T13:57:50,465][DEBUG][o.e.a.s.TransportSearchAction] [sbaMEj1] [cdc][3], node[sbaMEj1aRf2pNzm7tUcdrw], [P], s[STARTED], a[id=W6lHZwj1T1mgwYH39WYy3g]: Failed to execute [SearchRequest{searchType=QUERY_THEN_FETCH, indices=[cdc], indicesOptions=IndicesOptions[id=38, ignore_unavailable=false, allow_no_indices=true, expand_wildcards_open=true, expand_wildcards_closed=false, allow_alisases_to_multiple_indices=true, forbid_closed_indices=true], types=[], routing='null', preference='null', requestCache=null, scroll=null, source={
  "query" : {
    "query_string" : {
      "query" : "https://github.com/Allan1",
      "fields" : [ ],
      "use_dis_max" : true,
      "tie_breaker" : 0.0,
      "default_operator" : "or",
      "auto_generate_phrase_queries" : false,
      "max_determined_states" : 10000,
      "lowercase_expanded_terms" : true,
      "enable_position_increment" : true,
      "fuzziness" : "AUTO",
      "fuzzy_prefix_length" : 0,
      "fuzzy_max_expansions" : 50,
      "phrase_slop" : 0,
      "analyze_wildcard" : false,
      "locale" : "und",
      "escape" : false,
      "boost" : 1.0
    }
  },
  "ext" : { }
}}] lastShard [true]
org.elasticsearch.transport.RemoteTransportException: [sbaMEj1][127.0.0.1:9300][indices:data/read/search[phase/query]]
Caused by: org.elasticsearch.index.query.QueryShardException: Failed to parse query [https://github.com/Allan1]
	at org.elasticsearch.index.query.QueryStringQueryBuilder.doToQuery(QueryStringQueryBuilder.java:913) ~[elasticsearch-5.0.0.jar:5.0.0]
	at org.elasticsearch.index.query.AbstractQueryBuilder.toQuery(AbstractQueryBuilder.java:95) ~[elasticsearch-5.0.0.jar:5.0.0]
	at org.elasticsearch.index.query.QueryShardContext.lambda$toQuery$1(QueryShardContext.java:311) ~[elasticsearch-5.0.0.jar:5.0.0]
	at org.elasticsearch.index.query.QueryShardContext.toQuery(QueryShardContext.java:328) ~[elasticsearch-5.0.0.jar:5.0.0]
	at org.elasticsearch.index.query.QueryShardContext.toQuery(QueryShardContext.java:310) ~[elasticsearch-5.0.0.jar:5.0.0]
	at org.elasticsearch.search.SearchService.parseSource(SearchService.java:661) ~[elasticsearch-5.0.0.jar:5.0.0]
	at org.elasticsearch.search.SearchService.createContext(SearchService.java:536) ~[elasticsearch-5.0.0.jar:5.0.0]
	at org.elasticsearch.search.SearchService.createAndPutContext(SearchService.java:502) ~[elasticsearch-5.0.0.jar:5.0.0]
	at org.elasticsearch.search.SearchService.executeQueryPhase(SearchService.java:243) ~[elasticsearch-5.0.0.jar:5.0.0]
	at org.elasticsearch.action.search.SearchTransportService.lambda$registerRequestHandler$6(SearchTransportService.java:276) ~[elasticsearch-5.0.0.jar:5.0.0]
	at org.elasticsearch.transport.TransportRequestHandler.messageReceived(TransportRequestHandler.java:33) ~[elasticsearch-5.0.0.jar:5.0.0]
	at org.elasticsearch.transport.RequestHandlerRegistry.processMessageReceived(RequestHandlerRegistry.java:69) ~[elasticsearch-5.0.0.jar:5.0.0]
	at org.elasticsearch.transport.TransportService$6.doRun(TransportService.java:548) [elasticsearch-5.0.0.jar:5.0.0]
	at org.elasticsearch.common.util.concurrent.ThreadContext$ContextPreservingAbstractRunnable.doRun(ThreadContext.java:504) [elasticsearch-5.0.0.jar:5.0.0]
	at org.elasticsearch.common.util.concurrent.AbstractRunnable.run(AbstractRunnable.java:37) [elasticsearch-5.0.0.jar:5.0.0]
	at java.util.concurrent.ThreadPoolExecutor.runWorker(ThreadPoolExecutor.java:1142) [?:1.8.0_121]
	at java.util.concurrent.ThreadPoolExecutor$Worker.run(ThreadPoolExecutor.java:617) [?:1.8.0_121]
	at java.lang.Thread.run(Thread.java:745) [?:1.8.0_121]
Caused by: org.apache.lucene.queryparser.classic.ParseException: Cannot parse 'https://github.com/Allan1': Lexical error at line 1, column 26.  Encountered: <EOF> after : "/Allan1"
	at org.apache.lucene.queryparser.classic.QueryParserBase.parse(QueryParserBase.java:116) ~[lucene-queryparser-6.2.0.jar:6.2.0 764d0f19151dbff6f5fcd9fc4b2682cf934590c5 - mike - 2016-08-20 05:39:54]
	at org.apache.lucene.queryparser.classic.MapperQueryParser.parse(MapperQueryParser.java:860) ~[elasticsearch-5.0.0.jar:6.2.0 764d0f19151dbff6f5fcd9fc4b2682cf934590c5 - mike - 2016-08-20 05:39:54]
	at org.elasticsearch.index.query.QueryStringQueryBuilder.doToQuery(QueryStringQueryBuilder.java:911) ~[elasticsearch-5.0.0.jar:5.0.0]
	at org.elasticsearch.index.query.AbstractQueryBuilder.toQuery(AbstractQueryBuilder.java:95) ~[elasticsearch-5.0.0.jar:5.0.0]
	at org.elasticsearch.index.query.QueryShardContext.lambda$toQuery$1(QueryShardContext.java:311) ~[elasticsearch-5.0.0.jar:5.0.0]
	at org.elasticsearch.index.query.QueryShardContext.toQuery(QueryShardContext.java:328) ~[elasticsearch-5.0.0.jar:5.0.0]
	at org.elasticsearch.index.query.QueryShardContext.toQuery(QueryShardContext.java:310) ~[elasticsearch-5.0.0.jar:5.0.0]
	at org.elasticsearch.search.SearchService.parseSource(SearchService.java:661) ~[elasticsearch-5.0.0.jar:5.0.0]
	at org.elasticsearch.search.SearchService.createContext(SearchService.java:536) ~[elasticsearch-5.0.0.jar:5.0.0]
	at org.elasticsearch.search.SearchService.createAndPutContext(SearchService.java:502) ~[elasticsearch-5.0.0.jar:5.0.0]
	at org.elasticsearch.search.SearchService.executeQueryPhase(SearchService.java:243) ~[elasticsearch-5.0.0.jar:5.0.0]
	at org.elasticsearch.action.search.SearchTransportService.lambda$registerRequestHandler$6(SearchTransportService.java:276) ~[elasticsearch-5.0.0.jar:5.0.0]
	at org.elasticsearch.transport.TransportRequestHandler.messageReceived(TransportRequestHandler.java:33) ~[elasticsearch-5.0.0.jar:5.0.0]
	at org.elasticsearch.transport.RequestHandlerRegistry.processMessageReceived(RequestHandlerRegistry.java:69) ~[elasticsearch-5.0.0.jar:5.0.0]
	at org.elasticsearch.transport.TransportService$6.doRun(TransportService.java:548) ~[elasticsearch-5.0.0.jar:5.0.0]
	at org.elasticsearch.common.util.concurrent.ThreadContext$ContextPreservingAbstractRunnable.doRun(ThreadContext.java:504) ~[elasticsearch-5.0.0.jar:5.0.0]
	at org.elasticsearch.common.util.concurrent.AbstractRunnable.run(AbstractRunnable.java:37) ~[elasticsearch-5.0.0.jar:5.0.0]
	at java.util.concurrent.ThreadPoolExecutor.runWorker(ThreadPoolExecutor.java:1142) ~[?:1.8.0_121]
	at java.util.concurrent.ThreadPoolExecutor$Worker.run(ThreadPoolExecutor.java:617) ~[?:1.8.0_121]
	at java.lang.Thread.run(Thread.java:745) ~[?:1.8.0_121]
Caused by: org.apache.lucene.queryparser.classic.TokenMgrError: Lexical error at line 1, column 26.  Encountered: <EOF> after : "/Allan1"
	at org.apache.lucene.queryparser.classic.QueryParserTokenManager.getNextToken(QueryParserTokenManager.java:1119) ~[lucene-queryparser-6.2.0.jar:6.2.0 764d0f19151dbff6f5fcd9fc4b2682cf934590c5 - mike - 2016-08-20 05:39:54]
	at org.apache.lucene.queryparser.classic.QueryParser.getToken(QueryParser.java:827) ~[lucene-queryparser-6.2.0.jar:6.2.0 764d0f19151dbff6f5fcd9fc4b2682cf934590c5 - mike - 2016-08-20 05:39:54]
	at org.apache.lucene.queryparser.classic.QueryParser.jj_3R_3(QueryParser.java:672) ~[lucene-queryparser-6.2.0.jar:6.2.0 764d0f19151dbff6f5fcd9fc4b2682cf934590c5 - mike - 2016-08-20 05:39:54]
	at org.apache.lucene.queryparser.classic.QueryParser.jj_3_2(QueryParser.java:645) ~[lucene-queryparser-6.2.0.jar:6.2.0 764d0f19151dbff6f5fcd9fc4b2682cf934590c5 - mike - 2016-08-20 05:39:54]
	at org.apache.lucene.queryparser.classic.QueryParser.jj_2_2(QueryParser.java:626) ~[lucene-queryparser-6.2.0.jar:6.2.0 764d0f19151dbff6f5fcd9fc4b2682cf934590c5 - mike - 2016-08-20 05:39:54]
	at org.apache.lucene.queryparser.classic.QueryParser.Query(QueryParser.java:253) ~[lucene-queryparser-6.2.0.jar:6.2.0 764d0f19151dbff6f5fcd9fc4b2682cf934590c5 - mike - 2016-08-20 05:39:54]
	at org.apache.lucene.queryparser.classic.QueryParser.TopLevelQuery(QueryParser.java:187) ~[lucene-queryparser-6.2.0.jar:6.2.0 764d0f19151dbff6f5fcd9fc4b2682cf934590c5 - mike - 2016-08-20 05:39:54]
	at org.apache.lucene.queryparser.classic.QueryParserBase.parse(QueryParserBase.java:111) ~[lucene-queryparser-6.2.0.jar:6.2.0 764d0f19151dbff6f5fcd9fc4b2682cf934590c5 - mike - 2016-08-20 05:39:54]
	at org.apache.lucene.queryparser.classic.MapperQueryParser.parse(MapperQueryParser.java:860) ~[elasticsearch-5.0.0.jar:6.2.0 764d0f19151dbff6f5fcd9fc4b2682cf934590c5 - mike - 2016-08-20 05:39:54]
	at org.elasticsearch.index.query.QueryStringQueryBuilder.doToQuery(QueryStringQueryBuilder.java:911) ~[elasticsearch-5.0.0.jar:5.0.0]
	at org.elasticsearch.index.query.AbstractQueryBuilder.toQuery(AbstractQueryBuilder.java:95) ~[elasticsearch-5.0.0.jar:5.0.0]
	at org.elasticsearch.index.query.QueryShardContext.lambda$toQuery$1(QueryShardContext.java:311) ~[elasticsearch-5.0.0.jar:5.0.0]
	at org.elasticsearch.index.query.QueryShardContext.toQuery(QueryShardContext.java:328) ~[elasticsearch-5.0.0.jar:5.0.0]
	at org.elasticsearch.index.query.QueryShardContext.toQuery(QueryShardContext.java:310) ~[elasticsearch-5.0.0.jar:5.0.0]
	at org.elasticsearch.search.SearchService.parseSource(SearchService.java:661) ~[elasticsearch-5.0.0.jar:5.0.0]
	at org.elasticsearch.search.SearchService.createContext(SearchService.java:536) ~[elasticsearch-5.0.0.jar:5.0.0]
	at org.elasticsearch.search.SearchService.createAndPutContext(SearchService.java:502) ~[elasticsearch-5.0.0.jar:5.0.0]
	at org.elasticsearch.search.SearchService.executeQueryPhase(SearchService.java:243) ~[elasticsearch-5.0.0.jar:5.0.0]
	at org.elasticsearch.action.search.SearchTransportService.lambda$registerRequestHandler$6(SearchTransportService.java:276) ~[elasticsearch-5.0.0.jar:5.0.0]
	at org.elasticsearch.transport.TransportRequestHandler.messageReceived(TransportRequestHandler.java:33) ~[elasticsearch-5.0.0.jar:5.0.0]
	at org.elasticsearch.transport.RequestHandlerRegistry.processMessageReceived(RequestHandlerRegistry.java:69) ~[elasticsearch-5.0.0.jar:5.0.0]
	at org.elasticsearch.transport.TransportService$6.doRun(TransportService.java:548) ~[elasticsearch-5.0.0.jar:5.0.0]
	at org.elasticsearch.common.util.concurrent.ThreadContext$ContextPreservingAbstractRunnable.doRun(ThreadContext.java:504) ~[elasticsearch-5.0.0.jar:5.0.0]
	at org.elasticsearch.common.util.concurrent.AbstractRunnable.run(AbstractRunnable.java:37) ~[elasticsearch-5.0.0.jar:5.0.0]
	at java.util.concurrent.ThreadPoolExecutor.runWorker(ThreadPoolExecutor.java:1142) ~[?:1.8.0_121]
	at java.util.concurrent.ThreadPoolExecutor$Worker.run(ThreadPoolExecutor.java:617) ~[?:1.8.0_121]
	at java.lang.Thread.run(Thread.java:745) ~[?:1.8.0_121]
[2017-06-08T13:57:50,469][DEBUG][o.e.a.s.TransportSearchAction] [sbaMEj1] [cdc][0], node[sbaMEj1aRf2pNzm7tUcdrw], [P], s[STARTED], a[id=oFJPz7CjSzCV3agDUpWclw]: Failed to execute [SearchRequest{searchType=QUERY_THEN_FETCH, indices=[cdc], indicesOptions=IndicesOptions[id=38, ignore_unavailable=false, allow_no_indices=true, expand_wildcards_open=true, expand_wildcards_closed=false, allow_alisases_to_multiple_indices=true, forbid_closed_indices=true], types=[], routing='null', preference='null', requestCache=null, scroll=null, source={
  "query" : {
    "query_string" : {
      "query" : "https://github.com/Allan1",
      "fields" : [ ],
      "use_dis_max" : true,
      "tie_breaker" : 0.0,
      "default_operator" : "or",
      "auto_generate_phrase_queries" : false,
      "max_determined_states" : 10000,
      "lowercase_expanded_terms" : true,
      "enable_position_increment" : true,
      "fuzziness" : "AUTO",
      "fuzzy_prefix_length" : 0,
      "fuzzy_max_expansions" : 50,
      "phrase_slop" : 0,
      "analyze_wildcard" : false,
      "locale" : "und",
      "escape" : false,
      "boost" : 1.0
    }
  },
  "ext" : { }
}}]
org.elasticsearch.transport.RemoteTransportException: [sbaMEj1][127.0.0.1:9300][indices:data/read/search[phase/query]]
Caused by: org.elasticsearch.index.query.QueryShardException: Failed to parse query [https://github.com/Allan1]
	at org.elasticsearch.index.query.QueryStringQueryBuilder.doToQuery(QueryStringQueryBuilder.java:913) ~[elasticsearch-5.0.0.jar:5.0.0]
	at org.elasticsearch.index.query.AbstractQueryBuilder.toQuery(AbstractQueryBuilder.java:95) ~[elasticsearch-5.0.0.jar:5.0.0]
	at org.elasticsearch.index.query.QueryShardContext.lambda$toQuery$1(QueryShardContext.java:311) ~[elasticsearch-5.0.0.jar:5.0.0]
	at org.elasticsearch.index.query.QueryShardContext.toQuery(QueryShardContext.java:328) ~[elasticsearch-5.0.0.jar:5.0.0]
	at org.elasticsearch.index.query.QueryShardContext.toQuery(QueryShardContext.java:310) ~[elasticsearch-5.0.0.jar:5.0.0]
	at org.elasticsearch.search.SearchService.parseSource(SearchService.java:661) ~[elasticsearch-5.0.0.jar:5.0.0]
	at org.elasticsearch.search.SearchService.createContext(SearchService.java:536) ~[elasticsearch-5.0.0.jar:5.0.0]
	at org.elasticsearch.search.SearchService.createAndPutContext(SearchService.java:502) ~[elasticsearch-5.0.0.jar:5.0.0]
	at org.elasticsearch.search.SearchService.executeQueryPhase(SearchService.java:243) ~[elasticsearch-5.0.0.jar:5.0.0]
	at org.elasticsearch.action.search.SearchTransportService.lambda$registerRequestHandler$6(SearchTransportService.java:276) ~[elasticsearch-5.0.0.jar:5.0.0]
	at org.elasticsearch.transport.TransportRequestHandler.messageReceived(TransportRequestHandler.java:33) ~[elasticsearch-5.0.0.jar:5.0.0]
	at org.elasticsearch.transport.RequestHandlerRegistry.processMessageReceived(RequestHandlerRegistry.java:69) ~[elasticsearch-5.0.0.jar:5.0.0]
	at org.elasticsearch.transport.TransportService$6.doRun(TransportService.java:548) [elasticsearch-5.0.0.jar:5.0.0]
	at org.elasticsearch.common.util.concurrent.ThreadContext$ContextPreservingAbstractRunnable.doRun(ThreadContext.java:504) [elasticsearch-5.0.0.jar:5.0.0]
	at org.elasticsearch.common.util.concurrent.AbstractRunnable.run(AbstractRunnable.java:37) [elasticsearch-5.0.0.jar:5.0.0]
	at java.util.concurrent.ThreadPoolExecutor.runWorker(ThreadPoolExecutor.java:1142) [?:1.8.0_121]
	at java.util.concurrent.ThreadPoolExecutor$Worker.run(ThreadPoolExecutor.java:617) [?:1.8.0_121]
	at java.lang.Thread.run(Thread.java:745) [?:1.8.0_121]
Caused by: org.apache.lucene.queryparser.classic.ParseException: Cannot parse 'https://github.com/Allan1': Lexical error at line 1, column 26.  Encountered: <EOF> after : "/Allan1"
	at org.apache.lucene.queryparser.classic.QueryParserBase.parse(QueryParserBase.java:116) ~[lucene-queryparser-6.2.0.jar:6.2.0 764d0f19151dbff6f5fcd9fc4b2682cf934590c5 - mike - 2016-08-20 05:39:54]
	at org.apache.lucene.queryparser.classic.MapperQueryParser.parse(MapperQueryParser.java:860) ~[elasticsearch-5.0.0.jar:6.2.0 764d0f19151dbff6f5fcd9fc4b2682cf934590c5 - mike - 2016-08-20 05:39:54]
	at org.elasticsearch.index.query.QueryStringQueryBuilder.doToQuery(QueryStringQueryBuilder.java:911) ~[elasticsearch-5.0.0.jar:5.0.0]
	at org.elasticsearch.index.query.AbstractQueryBuilder.toQuery(AbstractQueryBuilder.java:95) ~[elasticsearch-5.0.0.jar:5.0.0]
	at org.elasticsearch.index.query.QueryShardContext.lambda$toQuery$1(QueryShardContext.java:311) ~[elasticsearch-5.0.0.jar:5.0.0]
	at org.elasticsearch.index.query.QueryShardContext.toQuery(QueryShardContext.java:328) ~[elasticsearch-5.0.0.jar:5.0.0]
	at org.elasticsearch.index.query.QueryShardContext.toQuery(QueryShardContext.java:310) ~[elasticsearch-5.0.0.jar:5.0.0]
	at org.elasticsearch.search.SearchService.parseSource(SearchService.java:661) ~[elasticsearch-5.0.0.jar:5.0.0]
	at org.elasticsearch.search.SearchService.createContext(SearchService.java:536) ~[elasticsearch-5.0.0.jar:5.0.0]
	at org.elasticsearch.search.SearchService.createAndPutContext(SearchService.java:502) ~[elasticsearch-5.0.0.jar:5.0.0]
	at org.elasticsearch.search.SearchService.executeQueryPhase(SearchService.java:243) ~[elasticsearch-5.0.0.jar:5.0.0]
	at org.elasticsearch.action.search.SearchTransportService.lambda$registerRequestHandler$6(SearchTransportService.java:276) ~[elasticsearch-5.0.0.jar:5.0.0]
	at org.elasticsearch.transport.TransportRequestHandler.messageReceived(TransportRequestHandler.java:33) ~[elasticsearch-5.0.0.jar:5.0.0]
	at org.elasticsearch.transport.RequestHandlerRegistry.processMessageReceived(RequestHandlerRegistry.java:69) ~[elasticsearch-5.0.0.jar:5.0.0]
	at org.elasticsearch.transport.TransportService$6.doRun(TransportService.java:548) ~[elasticsearch-5.0.0.jar:5.0.0]
	at org.elasticsearch.common.util.concurrent.ThreadContext$ContextPreservingAbstractRunnable.doRun(ThreadContext.java:504) ~[elasticsearch-5.0.0.jar:5.0.0]
	at org.elasticsearch.common.util.concurrent.AbstractRunnable.run(AbstractRunnable.java:37) ~[elasticsearch-5.0.0.jar:5.0.0]
	at java.util.concurrent.ThreadPoolExecutor.runWorker(ThreadPoolExecutor.java:1142) ~[?:1.8.0_121]
	at java.util.concurrent.ThreadPoolExecutor$Worker.run(ThreadPoolExecutor.java:617) ~[?:1.8.0_121]
	at java.lang.Thread.run(Thread.java:745) ~[?:1.8.0_121]
Caused by: org.apache.lucene.queryparser.classic.TokenMgrError: Lexical error at line 1, column 26.  Encountered: <EOF> after : "/Allan1"
	at org.apache.lucene.queryparser.classic.QueryParserTokenManager.getNextToken(QueryParserTokenManager.java:1119) ~[lucene-queryparser-6.2.0.jar:6.2.0 764d0f19151dbff6f5fcd9fc4b2682cf934590c5 - mike - 2016-08-20 05:39:54]
	at org.apache.lucene.queryparser.classic.QueryParser.getToken(QueryParser.java:827) ~[lucene-queryparser-6.2.0.jar:6.2.0 764d0f19151dbff6f5fcd9fc4b2682cf934590c5 - mike - 2016-08-20 05:39:54]
	at org.apache.lucene.queryparser.classic.QueryParser.jj_3R_3(QueryParser.java:672) ~[lucene-queryparser-6.2.0.jar:6.2.0 764d0f19151dbff6f5fcd9fc4b2682cf934590c5 - mike - 2016-08-20 05:39:54]
	at org.apache.lucene.queryparser.classic.QueryParser.jj_3_2(QueryParser.java:645) ~[lucene-queryparser-6.2.0.jar:6.2.0 764d0f19151dbff6f5fcd9fc4b2682cf934590c5 - mike - 2016-08-20 05:39:54]
	at org.apache.lucene.queryparser.classic.QueryParser.jj_2_2(QueryParser.java:626) ~[lucene-queryparser-6.2.0.jar:6.2.0 764d0f19151dbff6f5fcd9fc4b2682cf934590c5 - mike - 2016-08-20 05:39:54]
	at org.apache.lucene.queryparser.classic.QueryParser.Query(QueryParser.java:253) ~[lucene-queryparser-6.2.0.jar:6.2.0 764d0f19151dbff6f5fcd9fc4b2682cf934590c5 - mike - 2016-08-20 05:39:54]
	at org.apache.lucene.queryparser.classic.QueryParser.TopLevelQuery(QueryParser.java:187) ~[lucene-queryparser-6.2.0.jar:6.2.0 764d0f19151dbff6f5fcd9fc4b2682cf934590c5 - mike - 2016-08-20 05:39:54]
	at org.apache.lucene.queryparser.classic.QueryParserBase.parse(QueryParserBase.java:111) ~[lucene-queryparser-6.2.0.jar:6.2.0 764d0f19151dbff6f5fcd9fc4b2682cf934590c5 - mike - 2016-08-20 05:39:54]
	at org.apache.lucene.queryparser.classic.MapperQueryParser.parse(MapperQueryParser.java:860) ~[elasticsearch-5.0.0.jar:6.2.0 764d0f19151dbff6f5fcd9fc4b2682cf934590c5 - mike - 2016-08-20 05:39:54]
	at org.elasticsearch.index.query.QueryStringQueryBuilder.doToQuery(QueryStringQueryBuilder.java:911) ~[elasticsearch-5.0.0.jar:5.0.0]
	at org.elasticsearch.index.query.AbstractQueryBuilder.toQuery(AbstractQueryBuilder.java:95) ~[elasticsearch-5.0.0.jar:5.0.0]
	at org.elasticsearch.index.query.QueryShardContext.lambda$toQuery$1(QueryShardContext.java:311) ~[elasticsearch-5.0.0.jar:5.0.0]
	at org.elasticsearch.index.query.QueryShardContext.toQuery(QueryShardContext.java:328) ~[elasticsearch-5.0.0.jar:5.0.0]
	at org.elasticsearch.index.query.QueryShardContext.toQuery(QueryShardContext.java:310) ~[elasticsearch-5.0.0.jar:5.0.0]
	at org.elasticsearch.search.SearchService.parseSource(SearchService.java:661) ~[elasticsearch-5.0.0.jar:5.0.0]
	at org.elasticsearch.search.SearchService.createContext(SearchService.java:536) ~[elasticsearch-5.0.0.jar:5.0.0]
	at org.elasticsearch.search.SearchService.createAndPutContext(SearchService.java:502) ~[elasticsearch-5.0.0.jar:5.0.0]
	at org.elasticsearch.search.SearchService.executeQueryPhase(SearchService.java:243) ~[elasticsearch-5.0.0.jar:5.0.0]
	at org.elasticsearch.action.search.SearchTransportService.lambda$registerRequestHandler$6(SearchTransportService.java:276) ~[elasticsearch-5.0.0.jar:5.0.0]
	at org.elasticsearch.transport.TransportRequestHandler.messageReceived(TransportRequestHandler.java:33) ~[elasticsearch-5.0.0.jar:5.0.0]
	at org.elasticsearch.transport.RequestHandlerRegistry.processMessageReceived(RequestHandlerRegistry.java:69) ~[elasticsearch-5.0.0.jar:5.0.0]
	at org.elasticsearch.transport.TransportService$6.doRun(TransportService.java:548) ~[elasticsearch-5.0.0.jar:5.0.0]
	at org.elasticsearch.common.util.concurrent.ThreadContext$ContextPreservingAbstractRunnable.doRun(ThreadContext.java:504) ~[elasticsearch-5.0.0.jar:5.0.0]
	at org.elasticsearch.common.util.concurrent.AbstractRunnable.run(AbstractRunnable.java:37) ~[elasticsearch-5.0.0.jar:5.0.0]
	at java.util.concurrent.ThreadPoolExecutor.runWorker(ThreadPoolExecutor.java:1142) ~[?:1.8.0_121]
	at java.util.concurrent.ThreadPoolExecutor$Worker.run(ThreadPoolExecutor.java:617) ~[?:1.8.0_121]
	at java.lang.Thread.run(Thread.java:745) ~[?:1.8.0_121]
[2017-06-08T13:57:50,465][DEBUG][o.e.a.s.TransportSearchAction] [sbaMEj1] [cdc][2], node[sbaMEj1aRf2pNzm7tUcdrw], [P], s[STARTED], a[id=xnIe-TpmS4CETgC_IGawuw]: Failed to execute [SearchRequest{searchType=QUERY_THEN_FETCH, indices=[cdc], indicesOptions=IndicesOptions[id=38, ignore_unavailable=false, allow_no_indices=true, expand_wildcards_open=true, expand_wildcards_closed=false, allow_alisases_to_multiple_indices=true, forbid_closed_indices=true], types=[], routing='null', preference='null', requestCache=null, scroll=null, source={
  "query" : {
    "query_string" : {
      "query" : "https://github.com/Allan1",
      "fields" : [ ],
      "use_dis_max" : true,
      "tie_breaker" : 0.0,
      "default_operator" : "or",
      "auto_generate_phrase_queries" : false,
      "max_determined_states" : 10000,
      "lowercase_expanded_terms" : true,
      "enable_position_increment" : true,
      "fuzziness" : "AUTO",
      "fuzzy_prefix_length" : 0,
      "fuzzy_max_expansions" : 50,
      "phrase_slop" : 0,
      "analyze_wildcard" : false,
      "locale" : "und",
      "escape" : false,
      "boost" : 1.0
    }
  },
  "ext" : { }
}}] lastShard [true]
org.elasticsearch.transport.RemoteTransportException: [sbaMEj1][127.0.0.1:9300][indices:data/read/search[phase/query]]
Caused by: org.elasticsearch.index.query.QueryShardException: Failed to parse query [https://github.com/Allan1]
	at org.elasticsearch.index.query.QueryStringQueryBuilder.doToQuery(QueryStringQueryBuilder.java:913) ~[elasticsearch-5.0.0.jar:5.0.0]
	at org.elasticsearch.index.query.AbstractQueryBuilder.toQuery(AbstractQueryBuilder.java:95) ~[elasticsearch-5.0.0.jar:5.0.0]
	at org.elasticsearch.index.query.QueryShardContext.lambda$toQuery$1(QueryShardContext.java:311) ~[elasticsearch-5.0.0.jar:5.0.0]
	at org.elasticsearch.index.query.QueryShardContext.toQuery(QueryShardContext.java:328) ~[elasticsearch-5.0.0.jar:5.0.0]
	at org.elasticsearch.index.query.QueryShardContext.toQuery(QueryShardContext.java:310) ~[elasticsearch-5.0.0.jar:5.0.0]
	at org.elasticsearch.search.SearchService.parseSource(SearchService.java:661) ~[elasticsearch-5.0.0.jar:5.0.0]
	at org.elasticsearch.search.SearchService.createContext(SearchService.java:536) ~[elasticsearch-5.0.0.jar:5.0.0]
	at org.elasticsearch.search.SearchService.createAndPutContext(SearchService.java:502) ~[elasticsearch-5.0.0.jar:5.0.0]
	at org.elasticsearch.search.SearchService.executeQueryPhase(SearchService.java:243) ~[elasticsearch-5.0.0.jar:5.0.0]
	at org.elasticsearch.action.search.SearchTransportService.lambda$registerRequestHandler$6(SearchTransportService.java:276) ~[elasticsearch-5.0.0.jar:5.0.0]
	at org.elasticsearch.transport.TransportRequestHandler.messageReceived(TransportRequestHandler.java:33) ~[elasticsearch-5.0.0.jar:5.0.0]
	at org.elasticsearch.transport.RequestHandlerRegistry.processMessageReceived(RequestHandlerRegistry.java:69) ~[elasticsearch-5.0.0.jar:5.0.0]
	at org.elasticsearch.transport.TransportService$6.doRun(TransportService.java:548) [elasticsearch-5.0.0.jar:5.0.0]
	at org.elasticsearch.common.util.concurrent.ThreadContext$ContextPreservingAbstractRunnable.doRun(ThreadContext.java:504) [elasticsearch-5.0.0.jar:5.0.0]
	at org.elasticsearch.common.util.concurrent.AbstractRunnable.run(AbstractRunnable.java:37) [elasticsearch-5.0.0.jar:5.0.0]
	at java.util.concurrent.ThreadPoolExecutor.runWorker(ThreadPoolExecutor.java:1142) [?:1.8.0_121]
	at java.util.concurrent.ThreadPoolExecutor$Worker.run(ThreadPoolExecutor.java:617) [?:1.8.0_121]
	at java.lang.Thread.run(Thread.java:745) [?:1.8.0_121]
Caused by: org.apache.lucene.queryparser.classic.ParseException: Cannot parse 'https://github.com/Allan1': Lexical error at line 1, column 26.  Encountered: <EOF> after : "/Allan1"
	at org.apache.lucene.queryparser.classic.QueryParserBase.parse(QueryParserBase.java:116) ~[lucene-queryparser-6.2.0.jar:6.2.0 764d0f19151dbff6f5fcd9fc4b2682cf934590c5 - mike - 2016-08-20 05:39:54]
	at org.apache.lucene.queryparser.classic.MapperQueryParser.parse(MapperQueryParser.java:860) ~[elasticsearch-5.0.0.jar:6.2.0 764d0f19151dbff6f5fcd9fc4b2682cf934590c5 - mike - 2016-08-20 05:39:54]
	at org.elasticsearch.index.query.QueryStringQueryBuilder.doToQuery(QueryStringQueryBuilder.java:911) ~[elasticsearch-5.0.0.jar:5.0.0]
	at org.elasticsearch.index.query.AbstractQueryBuilder.toQuery(AbstractQueryBuilder.java:95) ~[elasticsearch-5.0.0.jar:5.0.0]
	at org.elasticsearch.index.query.QueryShardContext.lambda$toQuery$1(QueryShardContext.java:311) ~[elasticsearch-5.0.0.jar:5.0.0]
	at org.elasticsearch.index.query.QueryShardContext.toQuery(QueryShardContext.java:328) ~[elasticsearch-5.0.0.jar:5.0.0]
	at org.elasticsearch.index.query.QueryShardContext.toQuery(QueryShardContext.java:310) ~[elasticsearch-5.0.0.jar:5.0.0]
	at org.elasticsearch.search.SearchService.parseSource(SearchService.java:661) ~[elasticsearch-5.0.0.jar:5.0.0]
	at org.elasticsearch.search.SearchService.createContext(SearchService.java:536) ~[elasticsearch-5.0.0.jar:5.0.0]
	at org.elasticsearch.search.SearchService.createAndPutContext(SearchService.java:502) ~[elasticsearch-5.0.0.jar:5.0.0]
	at org.elasticsearch.search.SearchService.executeQueryPhase(SearchService.java:243) ~[elasticsearch-5.0.0.jar:5.0.0]
	at org.elasticsearch.action.search.SearchTransportService.lambda$registerRequestHandler$6(SearchTransportService.java:276) ~[elasticsearch-5.0.0.jar:5.0.0]
	at org.elasticsearch.transport.TransportRequestHandler.messageReceived(TransportRequestHandler.java:33) ~[elasticsearch-5.0.0.jar:5.0.0]
	at org.elasticsearch.transport.RequestHandlerRegistry.processMessageReceived(RequestHandlerRegistry.java:69) ~[elasticsearch-5.0.0.jar:5.0.0]
	at org.elasticsearch.transport.TransportService$6.doRun(TransportService.java:548) ~[elasticsearch-5.0.0.jar:5.0.0]
	at org.elasticsearch.common.util.concurrent.ThreadContext$ContextPreservingAbstractRunnable.doRun(ThreadContext.java:504) ~[elasticsearch-5.0.0.jar:5.0.0]
	at org.elasticsearch.common.util.concurrent.AbstractRunnable.run(AbstractRunnable.java:37) ~[elasticsearch-5.0.0.jar:5.0.0]
	at java.util.concurrent.ThreadPoolExecutor.runWorker(ThreadPoolExecutor.java:1142) ~[?:1.8.0_121]
	at java.util.concurrent.ThreadPoolExecutor$Worker.run(ThreadPoolExecutor.java:617) ~[?:1.8.0_121]
	at java.lang.Thread.run(Thread.java:745) ~[?:1.8.0_121]
Caused by: org.apache.lucene.queryparser.classic.TokenMgrError: Lexical error at line 1, column 26.  Encountered: <EOF> after : "/Allan1"
	at org.apache.lucene.queryparser.classic.QueryParserTokenManager.getNextToken(QueryParserTokenManager.java:1119) ~[lucene-queryparser-6.2.0.jar:6.2.0 764d0f19151dbff6f5fcd9fc4b2682cf934590c5 - mike - 2016-08-20 05:39:54]
	at org.apache.lucene.queryparser.classic.QueryParser.getToken(QueryParser.java:827) ~[lucene-queryparser-6.2.0.jar:6.2.0 764d0f19151dbff6f5fcd9fc4b2682cf934590c5 - mike - 2016-08-20 05:39:54]
	at org.apache.lucene.queryparser.classic.QueryParser.jj_3R_3(QueryParser.java:672) ~[lucene-queryparser-6.2.0.jar:6.2.0 764d0f19151dbff6f5fcd9fc4b2682cf934590c5 - mike - 2016-08-20 05:39:54]
	at org.apache.lucene.queryparser.classic.QueryParser.jj_3_2(QueryParser.java:645) ~[lucene-queryparser-6.2.0.jar:6.2.0 764d0f19151dbff6f5fcd9fc4b2682cf934590c5 - mike - 2016-08-20 05:39:54]
	at org.apache.lucene.queryparser.classic.QueryParser.jj_2_2(QueryParser.java:626) ~[lucene-queryparser-6.2.0.jar:6.2.0 764d0f19151dbff6f5fcd9fc4b2682cf934590c5 - mike - 2016-08-20 05:39:54]
	at org.apache.lucene.queryparser.classic.QueryParser.Query(QueryParser.java:253) ~[lucene-queryparser-6.2.0.jar:6.2.0 764d0f19151dbff6f5fcd9fc4b2682cf934590c5 - mike - 2016-08-20 05:39:54]
	at org.apache.lucene.queryparser.classic.QueryParser.TopLevelQuery(QueryParser.java:187) ~[lucene-queryparser-6.2.0.jar:6.2.0 764d0f19151dbff6f5fcd9fc4b2682cf934590c5 - mike - 2016-08-20 05:39:54]
	at org.apache.lucene.queryparser.classic.QueryParserBase.parse(QueryParserBase.java:111) ~[lucene-queryparser-6.2.0.jar:6.2.0 764d0f19151dbff6f5fcd9fc4b2682cf934590c5 - mike - 2016-08-20 05:39:54]
	at org.apache.lucene.queryparser.classic.MapperQueryParser.parse(MapperQueryParser.java:860) ~[elasticsearch-5.0.0.jar:6.2.0 764d0f19151dbff6f5fcd9fc4b2682cf934590c5 - mike - 2016-08-20 05:39:54]
	at org.elasticsearch.index.query.QueryStringQueryBuilder.doToQuery(QueryStringQueryBuilder.java:911) ~[elasticsearch-5.0.0.jar:5.0.0]
	at org.elasticsearch.index.query.AbstractQueryBuilder.toQuery(AbstractQueryBuilder.java:95) ~[elasticsearch-5.0.0.jar:5.0.0]
	at org.elasticsearch.index.query.QueryShardContext.lambda$toQuery$1(QueryShardContext.java:311) ~[elasticsearch-5.0.0.jar:5.0.0]
	at org.elasticsearch.index.query.QueryShardContext.toQuery(QueryShardContext.java:328) ~[elasticsearch-5.0.0.jar:5.0.0]
	at org.elasticsearch.index.query.QueryShardContext.toQuery(QueryShardContext.java:310) ~[elasticsearch-5.0.0.jar:5.0.0]
	at org.elasticsearch.search.SearchService.parseSource(SearchService.java:661) ~[elasticsearch-5.0.0.jar:5.0.0]
	at org.elasticsearch.search.SearchService.createContext(SearchService.java:536) ~[elasticsearch-5.0.0.jar:5.0.0]
	at org.elasticsearch.search.SearchService.createAndPutContext(SearchService.java:502) ~[elasticsearch-5.0.0.jar:5.0.0]
	at org.elasticsearch.search.SearchService.executeQueryPhase(SearchService.java:243) ~[elasticsearch-5.0.0.jar:5.0.0]
	at org.elasticsearch.action.search.SearchTransportService.lambda$registerRequestHandler$6(SearchTransportService.java:276) ~[elasticsearch-5.0.0.jar:5.0.0]
	at org.elasticsearch.transport.TransportRequestHandler.messageReceived(TransportRequestHandler.java:33) ~[elasticsearch-5.0.0.jar:5.0.0]
	at org.elasticsearch.transport.RequestHandlerRegistry.processMessageReceived(RequestHandlerRegistry.java:69) ~[elasticsearch-5.0.0.jar:5.0.0]
	at org.elasticsearch.transport.TransportService$6.doRun(TransportService.java:548) ~[elasticsearch-5.0.0.jar:5.0.0]
	at org.elasticsearch.common.util.concurrent.ThreadContext$ContextPreservingAbstractRunnable.doRun(ThreadContext.java:504) ~[elasticsearch-5.0.0.jar:5.0.0]
	at org.elasticsearch.common.util.concurrent.AbstractRunnable.run(AbstractRunnable.java:37) ~[elasticsearch-5.0.0.jar:5.0.0]
	at java.util.concurrent.ThreadPoolExecutor.runWorker(ThreadPoolExecutor.java:1142) ~[?:1.8.0_121]
	at java.util.concurrent.ThreadPoolExecutor$Worker.run(ThreadPoolExecutor.java:617) ~[?:1.8.0_121]
	at java.lang.Thread.run(Thread.java:745) ~[?:1.8.0_121]
[2017-06-08T13:57:50,498][DEBUG][o.e.a.s.TransportSearchAction] [sbaMEj1] All shards failed for phase: [query]
org.elasticsearch.transport.RemoteTransportException: [sbaMEj1][127.0.0.1:9300][indices:data/read/search[phase/query]]
Caused by: org.elasticsearch.index.query.QueryShardException: Failed to parse query [https://github.com/Allan1]
	at org.elasticsearch.index.query.QueryStringQueryBuilder.doToQuery(QueryStringQueryBuilder.java:913) ~[elasticsearch-5.0.0.jar:5.0.0]
	at org.elasticsearch.index.query.AbstractQueryBuilder.toQuery(AbstractQueryBuilder.java:95) ~[elasticsearch-5.0.0.jar:5.0.0]
	at org.elasticsearch.index.query.QueryShardContext.lambda$toQuery$1(QueryShardContext.java:311) ~[elasticsearch-5.0.0.jar:5.0.0]
	at org.elasticsearch.index.query.QueryShardContext.toQuery(QueryShardContext.java:328) ~[elasticsearch-5.0.0.jar:5.0.0]
	at org.elasticsearch.index.query.QueryShardContext.toQuery(QueryShardContext.java:310) ~[elasticsearch-5.0.0.jar:5.0.0]
	at org.elasticsearch.search.SearchService.parseSource(SearchService.java:661) ~[elasticsearch-5.0.0.jar:5.0.0]
	at org.elasticsearch.search.SearchService.createContext(SearchService.java:536) ~[elasticsearch-5.0.0.jar:5.0.0]
	at org.elasticsearch.search.SearchService.createAndPutContext(SearchService.java:502) ~[elasticsearch-5.0.0.jar:5.0.0]
	at org.elasticsearch.search.SearchService.executeQueryPhase(SearchService.java:243) ~[elasticsearch-5.0.0.jar:5.0.0]
	at org.elasticsearch.action.search.SearchTransportService.lambda$registerRequestHandler$6(SearchTransportService.java:276) ~[elasticsearch-5.0.0.jar:5.0.0]
	at org.elasticsearch.transport.TransportRequestHandler.messageReceived(TransportRequestHandler.java:33) ~[elasticsearch-5.0.0.jar:5.0.0]
	at org.elasticsearch.transport.RequestHandlerRegistry.processMessageReceived(RequestHandlerRegistry.java:69) ~[elasticsearch-5.0.0.jar:5.0.0]
	at org.elasticsearch.transport.TransportService$6.doRun(TransportService.java:548) [elasticsearch-5.0.0.jar:5.0.0]
	at org.elasticsearch.common.util.concurrent.ThreadContext$ContextPreservingAbstractRunnable.doRun(ThreadContext.java:504) [elasticsearch-5.0.0.jar:5.0.0]
	at org.elasticsearch.common.util.concurrent.AbstractRunnable.run(AbstractRunnable.java:37) [elasticsearch-5.0.0.jar:5.0.0]
	at java.util.concurrent.ThreadPoolExecutor.runWorker(ThreadPoolExecutor.java:1142) [?:1.8.0_121]
	at java.util.concurrent.ThreadPoolExecutor$Worker.run(ThreadPoolExecutor.java:617) [?:1.8.0_121]
	at java.lang.Thread.run(Thread.java:745) [?:1.8.0_121]
Caused by: org.apache.lucene.queryparser.classic.ParseException: Cannot parse 'https://github.com/Allan1': Lexical error at line 1, column 26.  Encountered: <EOF> after : "/Allan1"
	at org.apache.lucene.queryparser.classic.QueryParserBase.parse(QueryParserBase.java:116) ~[lucene-queryparser-6.2.0.jar:6.2.0 764d0f19151dbff6f5fcd9fc4b2682cf934590c5 - mike - 2016-08-20 05:39:54]
	at org.apache.lucene.queryparser.classic.MapperQueryParser.parse(MapperQueryParser.java:860) ~[elasticsearch-5.0.0.jar:6.2.0 764d0f19151dbff6f5fcd9fc4b2682cf934590c5 - mike - 2016-08-20 05:39:54]
	at org.elasticsearch.index.query.QueryStringQueryBuilder.doToQuery(QueryStringQueryBuilder.java:911) ~[elasticsearch-5.0.0.jar:5.0.0]
	at org.elasticsearch.index.query.AbstractQueryBuilder.toQuery(AbstractQueryBuilder.java:95) ~[elasticsearch-5.0.0.jar:5.0.0]
	at org.elasticsearch.index.query.QueryShardContext.lambda$toQuery$1(QueryShardContext.java:311) ~[elasticsearch-5.0.0.jar:5.0.0]
	at org.elasticsearch.index.query.QueryShardContext.toQuery(QueryShardContext.java:328) ~[elasticsearch-5.0.0.jar:5.0.0]
	at org.elasticsearch.index.query.QueryShardContext.toQuery(QueryShardContext.java:310) ~[elasticsearch-5.0.0.jar:5.0.0]
	at org.elasticsearch.search.SearchService.parseSource(SearchService.java:661) ~[elasticsearch-5.0.0.jar:5.0.0]
	at org.elasticsearch.search.SearchService.createContext(SearchService.java:536) ~[elasticsearch-5.0.0.jar:5.0.0]
	at org.elasticsearch.search.SearchService.createAndPutContext(SearchService.java:502) ~[elasticsearch-5.0.0.jar:5.0.0]
	at org.elasticsearch.search.SearchService.executeQueryPhase(SearchService.java:243) ~[elasticsearch-5.0.0.jar:5.0.0]
	at org.elasticsearch.action.search.SearchTransportService.lambda$registerRequestHandler$6(SearchTransportService.java:276) ~[elasticsearch-5.0.0.jar:5.0.0]
	at org.elasticsearch.transport.TransportRequestHandler.messageReceived(TransportRequestHandler.java:33) ~[elasticsearch-5.0.0.jar:5.0.0]
	at org.elasticsearch.transport.RequestHandlerRegistry.processMessageReceived(RequestHandlerRegistry.java:69) ~[elasticsearch-5.0.0.jar:5.0.0]
	at org.elasticsearch.transport.TransportService$6.doRun(TransportService.java:548) ~[elasticsearch-5.0.0.jar:5.0.0]
	at org.elasticsearch.common.util.concurrent.ThreadContext$ContextPreservingAbstractRunnable.doRun(ThreadContext.java:504) ~[elasticsearch-5.0.0.jar:5.0.0]
	at org.elasticsearch.common.util.concurrent.AbstractRunnable.run(AbstractRunnable.java:37) ~[elasticsearch-5.0.0.jar:5.0.0]
	at java.util.concurrent.ThreadPoolExecutor.runWorker(ThreadPoolExecutor.java:1142) ~[?:1.8.0_121]
	at java.util.concurrent.ThreadPoolExecutor$Worker.run(ThreadPoolExecutor.java:617) ~[?:1.8.0_121]
	at java.lang.Thread.run(Thread.java:745) ~[?:1.8.0_121]
Caused by: org.apache.lucene.queryparser.classic.TokenMgrError: Lexical error at line 1, column 26.  Encountered: <EOF> after : "/Allan1"
	at org.apache.lucene.queryparser.classic.QueryParserTokenManager.getNextToken(QueryParserTokenManager.java:1119) ~[lucene-queryparser-6.2.0.jar:6.2.0 764d0f19151dbff6f5fcd9fc4b2682cf934590c5 - mike - 2016-08-20 05:39:54]
	at org.apache.lucene.queryparser.classic.QueryParser.getToken(QueryParser.java:827) ~[lucene-queryparser-6.2.0.jar:6.2.0 764d0f19151dbff6f5fcd9fc4b2682cf934590c5 - mike - 2016-08-20 05:39:54]
	at org.apache.lucene.queryparser.classic.QueryParser.jj_3R_3(QueryParser.java:672) ~[lucene-queryparser-6.2.0.jar:6.2.0 764d0f19151dbff6f5fcd9fc4b2682cf934590c5 - mike - 2016-08-20 05:39:54]
	at org.apache.lucene.queryparser.classic.QueryParser.jj_3_2(QueryParser.java:645) ~[lucene-queryparser-6.2.0.jar:6.2.0 764d0f19151dbff6f5fcd9fc4b2682cf934590c5 - mike - 2016-08-20 05:39:54]
	at org.apache.lucene.queryparser.classic.QueryParser.jj_2_2(QueryParser.java:626) ~[lucene-queryparser-6.2.0.jar:6.2.0 764d0f19151dbff6f5fcd9fc4b2682cf934590c5 - mike - 2016-08-20 05:39:54]
	at org.apache.lucene.queryparser.classic.QueryParser.Query(QueryParser.java:253) ~[lucene-queryparser-6.2.0.jar:6.2.0 764d0f19151dbff6f5fcd9fc4b2682cf934590c5 - mike - 2016-08-20 05:39:54]
	at org.apache.lucene.queryparser.classic.QueryParser.TopLevelQuery(QueryParser.java:187) ~[lucene-queryparser-6.2.0.jar:6.2.0 764d0f19151dbff6f5fcd9fc4b2682cf934590c5 - mike - 2016-08-20 05:39:54]
	at org.apache.lucene.queryparser.classic.QueryParserBase.parse(QueryParserBase.java:111) ~[lucene-queryparser-6.2.0.jar:6.2.0 764d0f19151dbff6f5fcd9fc4b2682cf934590c5 - mike - 2016-08-20 05:39:54]
	at org.apache.lucene.queryparser.classic.MapperQueryParser.parse(MapperQueryParser.java:860) ~[elasticsearch-5.0.0.jar:6.2.0 764d0f19151dbff6f5fcd9fc4b2682cf934590c5 - mike - 2016-08-20 05:39:54]
	at org.elasticsearch.index.query.QueryStringQueryBuilder.doToQuery(QueryStringQueryBuilder.java:911) ~[elasticsearch-5.0.0.jar:5.0.0]
	at org.elasticsearch.index.query.AbstractQueryBuilder.toQuery(AbstractQueryBuilder.java:95) ~[elasticsearch-5.0.0.jar:5.0.0]
	at org.elasticsearch.index.query.QueryShardContext.lambda$toQuery$1(QueryShardContext.java:311) ~[elasticsearch-5.0.0.jar:5.0.0]
	at org.elasticsearch.index.query.QueryShardContext.toQuery(QueryShardContext.java:328) ~[elasticsearch-5.0.0.jar:5.0.0]
	at org.elasticsearch.index.query.QueryShardContext.toQuery(QueryShardContext.java:310) ~[elasticsearch-5.0.0.jar:5.0.0]
	at org.elasticsearch.search.SearchService.parseSource(SearchService.java:661) ~[elasticsearch-5.0.0.jar:5.0.0]
	at org.elasticsearch.search.SearchService.createContext(SearchService.java:536) ~[elasticsearch-5.0.0.jar:5.0.0]
	at org.elasticsearch.search.SearchService.createAndPutContext(SearchService.java:502) ~[elasticsearch-5.0.0.jar:5.0.0]
	at org.elasticsearch.search.SearchService.executeQueryPhase(SearchService.java:243) ~[elasticsearch-5.0.0.jar:5.0.0]
	at org.elasticsearch.action.search.SearchTransportService.lambda$registerRequestHandler$6(SearchTransportService.java:276) ~[elasticsearch-5.0.0.jar:5.0.0]
	at org.elasticsearch.transport.TransportRequestHandler.messageReceived(TransportRequestHandler.java:33) ~[elasticsearch-5.0.0.jar:5.0.0]
	at org.elasticsearch.transport.RequestHandlerRegistry.processMessageReceived(RequestHandlerRegistry.java:69) ~[elasticsearch-5.0.0.jar:5.0.0]
	at org.elasticsearch.transport.TransportService$6.doRun(TransportService.java:548) ~[elasticsearch-5.0.0.jar:5.0.0]
	at org.elasticsearch.common.util.concurrent.ThreadContext$ContextPreservingAbstractRunnable.doRun(ThreadContext.java:504) ~[elasticsearch-5.0.0.jar:5.0.0]
	at org.elasticsearch.common.util.concurrent.AbstractRunnable.run(AbstractRunnable.java:37) ~[elasticsearch-5.0.0.jar:5.0.0]
	at java.util.concurrent.ThreadPoolExecutor.runWorker(ThreadPoolExecutor.java:1142) ~[?:1.8.0_121]
	at java.util.concurrent.ThreadPoolExecutor$Worker.run(ThreadPoolExecutor.java:617) ~[?:1.8.0_121]
	at java.lang.Thread.run(Thread.java:745) ~[?:1.8.0_121]
[2017-06-08T15:47:42,740][INFO ][o.e.n.Node               ] [sbaMEj1] stopping ...
[2017-06-08T15:47:42,789][INFO ][o.e.n.Node               ] [sbaMEj1] stopped
[2017-06-08T15:47:42,790][INFO ][o.e.n.Node               ] [sbaMEj1] closing ...
[2017-06-08T15:47:42,798][INFO ][o.e.n.Node               ] [sbaMEj1] closed
